
Running Job 1 of 1 qchem_eda_06_f_anion_hf.in
qchem qchem_eda_06_f_anion_hf.in_64829.0 /tmp/qchem64829/ 0
/global/common/cori/software/qchem/5.2/exe/qcprog.exe_s qchem_eda_06_f_anion_hf.in_64829.0 /tmp/qchem64829/
                  Welcome to Q-Chem
     A Quantum Leap Into The Future Of Chemistry


 Q-Chem 5.2, Q-Chem, Inc., Pleasanton, CA (2019)

 License issued to: National Energy Research Scientific Computing Center

 Yihan Shao,  Zhengting Gan,  E. Epifanovsky,  A. T. B. Gilbert,  M. Wormit,  
 J. Kussmann,  A. W. Lange,  A. Behn,  Jia Deng,  Xintian Feng,  D. Ghosh,  
 M. Goldey,  P. R. Horn,  L. D. Jacobson,  I. Kaliman,  T. Kus,  A. Landau,  
 Jie Liu,  E. I. Proynov,  R. M. Richard,  R. P. Steele,  E. J. Sundstrom,  
 H. L. Woodcock III,  P. M. Zimmerman,  D. Zuev,  B. Albrecht,  E. Alguire,  
 S. A. Baeppler,  D. Barton,  Z. Benda,  Y. A. Bernard,  E. J. Berquist,  
 K. B. Bravaya,  H. Burton,  D. Casanova,  Chun-Min Chang,  Yunqing Chen,  
 A. Chien,  K. D. Closser,  M. P. Coons,  S. Coriani,  S. Dasgupta,  
 A. L. Dempwolff,  M. Diedenhofen,  Hainam Do,  R. G. Edgar,  Po-Tung Fang,  
 S. Faraji,  S. Fatehi,  Qingguo Feng,  K. D. Fenk,  J. Fosso-Tande,  
 J. Gayvert,  Qinghui Ge,  A. Ghysels,  G. Gidofalvi,  J. Gomes,  
 J. Gonthier,  A. Gunina,  D. Hait,  M. W. D. Hanson-Heine,  
 P. H. P. Harbach,  A. W. Hauser,  M. F. Herbst,  J. E. Herr,  
 E. G. Hohenstein,  Z. C. Holden,  Kerwin Hui,  B. C. Huynh,  T.-C. Jagau,  
 Hyunjun Ji,  B. Kaduk,  K. Khistyaev,  Jaehoon Kim,  P. Klunzinger,  K. Koh,  
 D. Kosenkov,  L. Koulias,  T. Kowalczyk,  C. M. Krauter,  A. Kunitsa,  
 Ka Un Lao,  A. Laurent,  K. V. Lawler,  Joonho Lee,  D. Lefrancois,  
 S. Lehtola,  D. S. Levine,  Yi-Pei Li,  You-Sheng Lin,  Fenglai Liu,  
 E. Livshits,  A. Luenser,  P. Manohar,  E. Mansoor,  S. F. Manzer,  
 Shan-Ping Mao,  Yuezhi Mao,  N. Mardirossian,  A. V. Marenich,  
 T. Markovich,  L. A. Martinez-Martinez,  S. A. Maurer,  N. J. Mayhall,  
 S. C. McKenzie,  J.-M. Mewes,  P. Morgante,  A. F. Morrison,  
 J. W. Mullinax,  K. Nanda,  T. S. Nguyen-Beck,  R. Olivares-Amaya,  
 J. A. Parkhill,  Zheng Pei,  T. M. Perrine,  F. Plasser,  P. Pokhilko,  
 S. Prager,  A. Prociuk,  E. Ramos,  D. R. Rehn,  F. Rob,  M. Scheurer,  
 M. Schneider,  N. Sergueev,  S. M. Sharada,  S. Sharma,  D. W. Small,  
 T. Stauch,  T. Stein,  Yu-Chuan Su,  A. J. W. Thom,  A. Tkatchenko,  
 T. Tsuchimochi,  N. M. Tubman,  L. Vogt,  M. L. Vidal,  O. Vydrov,  
 M. A. Watson,  J. Wenzel,  M. de Wergifosse,  T. A. Wesolowski,  A. White,  
 J. Witte,  A. Yamada,  Jun Yang,  K. Yao,  S. Yeganeh,  S. R. Yost,  
 Zhi-Qiang You,  A. Zech,  Igor Ying Zhang,  Xing Zhang,  Yan Zhao,  
 Ying Zhu,  B. R. Brooks,  G. K. L. Chan,  C. J. Cramer,  M. S. Gordon,  
 W. J. Hehre,  A. Klamt,  M. W. Schmidt,  C. D. Sherrill,  D. G. Truhlar,  
 A. Aspuru-Guzik,  R. Baer,  A. T. Bell,  N. A. Besley,  Jeng-Da Chai,  
 A. E. DePrince, III,  R. A. DiStasio Jr.,  A. Dreuw,  B. D. Dunietz,  
 T. R. Furlani,  Chao-Ping Hsu,  Yousung Jung,  Jing Kong,  D. S. Lambrecht,  
 WanZhen Liang,  C. Ochsenfeld,  V. A. Rassolov,  L. V. Slipchenko,  
 J. E. Subotnik,  T. Van Voorhis,  J. M. Herbert,  A. I. Krylov,  
 P. M. W. Gill,  M. Head-Gordon

 Contributors to earlier versions of Q-Chem not listed above: 
 R. D. Adamson,  B. Austin,  J. Baker,  G. J. O. Beran,  K. Brandhorst,  
 S. T. Brown,  E. F. C. Byrd,  A. K. Chakraborty,  C.-L. Cheng,  
 Siu Hung Chien,  D. M. Chipman,  D. L. Crittenden,  H. Dachsel,  
 R. J. Doerksen,  A. D. Dutoi,  L. Fusti-Molnar,  W. A. Goddard III,  
 A. Golubeva-Zadorozhnaya,  S. R. Gwaltney,  G. Hawkins,  A. Heyden,  
 S. Hirata,  G. Kedziora,  F. J. Keil,  C. Kelley,  Jihan Kim,  R. A. King,  
 R. Z. Khaliullin,  P. P. Korambath,  W. Kurlancheek,  A. M. Lee,  M. S. Lee,  
 S. V. Levchenko,  Ching Yeh Lin,  D. Liotard,  R. C. Lochan,  I. Lotan,  
 P. E. Maslen,  N. Nair,  D. P. O'Neill,  D. Neuhauser,  E. Neuscamman,  
 C. M. Oana,  R. Olson,  B. Peters,  R. Peverati,  P. A. Pieniazek,  
 Y. M. Rhee,  J. Ritchie,  M. A. Rohrdanz,  E. Rosta,  N. J. Russ,  
 H. F. Schaefer III,  N. E. Schultz,  N. Shenvi,  A. C. Simmonett,  A. Sodt,  
 D. Stuck,  K. S. Thanthiriwatte,  V. Vanovschi,  Tao Wang,  A. Warshel,  
 C. F. Williams,  Q. Wu,  X. Xu,  W. Zhang

 Please cite Q-Chem as follows:
 Y. Shao et al., Mol. Phys. 113, 184-215 (2015)
 DOI: 10.1080/00268976.2014.952696

 Q-Chem 5.2.0 for Intel X86 EM64T Linux

 Parts of Q-Chem use Armadillo 8.300.2 (Tropical Shenanigans).
 http://arma.sourceforge.net/

 Q-Chem begins on Sun Aug 15 15:25:40 2021  

Host: cori11
0

     Scratch files written to /tmp/qchem64829//
 May1019 |scratch|qcdevops|jenkins|workspace|build_RNUM -1
Processing $rem in /global/common/cori/software/qchem/5.2/config/preferences:
	 MEM_TOTAL  96000 
NAlpha2: 20
NElect   20
Mult     1

 Q-Chem warning in module libgen/rem_setup.C, line 2803:

 Neither GIA nor STOLL is specified by user. Use STOLL as the default


Checking the input file for inconsistencies... 	...done.

--------------------------------------------------------------
User input:
--------------------------------------------------------------
$comment
AHB21-3
$end

$molecule
-1 1
--
-1 1
F     -2.39910643      1.11119678      0.01465458
--
0 1
H     -3.54179452      1.07049297     -0.03082482
F     -4.68327749      1.02774471     -0.07858853
$end

$rem
JOBTYPE			EDA
EDA2			1
method			wB97X-V
BASIS			def2-TZVPD
XC_GRID			000099000590
NL_GRID			1
UNRESTRICTED		FALSE
MAX_SCF_CYCLES		200
SYMMETRY		FALSE
SYM_IGNORE		TRUE
MEM_STATIC		2000
BASIS_LIN_DEP_THRESH 	6
THRESH 			14
SCF_CONVERGENCE 	8
SCF_PRINT_FRGM 		TRUE
$end
--------------------------------------------------------------
 ----------------------------------------------------------------
             Standard Nuclear Orientation (Angstroms)
    I     Atom           X                Y                Z
 ----------------------------------------------------------------
    1      F      -2.3991064300     1.1111967800     0.0146545800
    2      H      -3.5417945200     1.0704929700    -0.0308248200
    3      F      -4.6832774900     1.0277447100    -0.0785885300
 ----------------------------------------------------------------
 Nuclear Repulsion Energy =          27.06496988 hartrees
 There are       10 alpha and       10 beta electrons
 Requested basis set is def2-TZVPD
 There are 33 shells and 89 basis functions

 Total QAlloc Memory Limit  96000 MB
 Mega-Array Size      1956 MB
 MEM_STATIC part      2000 MB

                       Distance Matrix (Angstroms)
             F (  1)   H (  2)
   H (  2)  1.144317
   F (  3)  2.287596  1.143281
 
 A cutoff of  1.0D-14 yielded    553 shell pairs
 There are      4113 function pairs (      5333 Cartesian)
 Smallest overlap matrix eigenvalue = 4.27E-04

 Scale SEOQF with 1.000000e-01/1.000000e-01/1.000000e-01

 Standard Electronic Orientation quadrupole field applied
 Nucleus-field energy     =     0.0000000109 hartrees

 -----------------------------------------------------------------------
  General SCF calculation program by
  Eric Jon Sundstrom, Paul Horn, Yuezhi Mao, Dmitri Zuev, Alec White,
  David Stuck, Shaama M.S., Shane Yost, Joonho Lee, David Small,
  Daniel Levine, Susi Lehtola, Hugh Burton, Evgeny Epifanovsky
 -----------------------------------------------------------------------
================================================================
                 ALMO-EDA with the EDA2 driver                  
================================================================
 The second-generation ALMO-EDA (for DFT):                      
 P. R. Horn, Y. Mao and M. Head-Gordon, PCCP, 18, 23067 (2016)  
 Decomposition of the frozen energy:                            
 P. R. Horn, Y. Mao and M. Head-Gordon, JCP, 144, 114107 (2016) 
 FERF model for polarization:                                   
 P. R. Horn and M. Head-Gordon, JCP, 143, 114111 (2015)         
Using eda2 option set 1
Option set summary: Frozen orbital wavefunction, initial wavefunction decomposition, and nDQ polarization.
--------------------------------
Printing EDA Options
--------------------------------
eda_child_super_basis      0
fragmo_guess_mode          0
child_mp                   1
child_mp_orders            232
cls_elec                   1
cls_disp                   0
scfmi_mode                 1
scfmi_occs                 0
scfmi_virts                0
frz_relax                  0
frz_relax_method           0
dc_pen_start               0
dc_pen_conv                0
dc_pen_increment           0
dc_pen_steps               0
dc_pen_thresh_factor       0
dc_pen_pre_newton_thresh   0
frz_ortho_decomp           1
frz_ortho_decomp_conv      6
frgm_method                2
scfmi_freeze_ss            0
separate_rehyb             0
plot_diff_den              0
eda_nocv                   0
eda_vct_relax              1
disp_free_x                0
disp_free_c                0
eda_bsse                   0
eda_pct_a                  0
eda_covp                   0
--------------------------------
Attempting to make child job directory: /tmp/qchem64829//Frg1/
Attempting to make child job directory: /tmp/qchem64829//Frg2/
Creating input file /tmp/qchem64829/Frg1.input
using default PutDataFrgm: nothing
calling putenv with: QCSCRATCH=/tmp/qchem64829/ 
calling putenv with: QCLOCALSCR=/tmp/qchem64829/ 
Spawning Job For Fragment 0
                  Welcome to Q-Chem
     A Quantum Leap Into The Future Of Chemistry


 Q-Chem 5.2, Q-Chem, Inc., Pleasanton, CA (2019)

 License issued to: National Energy Research Scientific Computing Center

 Yihan Shao,  Zhengting Gan,  E. Epifanovsky,  A. T. B. Gilbert,  M. Wormit,  
 J. Kussmann,  A. W. Lange,  A. Behn,  Jia Deng,  Xintian Feng,  D. Ghosh,  
 M. Goldey,  P. R. Horn,  L. D. Jacobson,  I. Kaliman,  T. Kus,  A. Landau,  
 Jie Liu,  E. I. Proynov,  R. M. Richard,  R. P. Steele,  E. J. Sundstrom,  
 H. L. Woodcock III,  P. M. Zimmerman,  D. Zuev,  B. Albrecht,  E. Alguire,  
 S. A. Baeppler,  D. Barton,  Z. Benda,  Y. A. Bernard,  E. J. Berquist,  
 K. B. Bravaya,  H. Burton,  D. Casanova,  Chun-Min Chang,  Yunqing Chen,  
 A. Chien,  K. D. Closser,  M. P. Coons,  S. Coriani,  S. Dasgupta,  
 A. L. Dempwolff,  M. Diedenhofen,  Hainam Do,  R. G. Edgar,  Po-Tung Fang,  
 S. Faraji,  S. Fatehi,  Qingguo Feng,  K. D. Fenk,  J. Fosso-Tande,  
 J. Gayvert,  Qinghui Ge,  A. Ghysels,  G. Gidofalvi,  J. Gomes,  
 J. Gonthier,  A. Gunina,  D. Hait,  M. W. D. Hanson-Heine,  
 P. H. P. Harbach,  A. W. Hauser,  M. F. Herbst,  J. E. Herr,  
 E. G. Hohenstein,  Z. C. Holden,  Kerwin Hui,  B. C. Huynh,  T.-C. Jagau,  
 Hyunjun Ji,  B. Kaduk,  K. Khistyaev,  Jaehoon Kim,  P. Klunzinger,  K. Koh,  
 D. Kosenkov,  L. Koulias,  T. Kowalczyk,  C. M. Krauter,  A. Kunitsa,  
 Ka Un Lao,  A. Laurent,  K. V. Lawler,  Joonho Lee,  D. Lefrancois,  
 S. Lehtola,  D. S. Levine,  Yi-Pei Li,  You-Sheng Lin,  Fenglai Liu,  
 E. Livshits,  A. Luenser,  P. Manohar,  E. Mansoor,  S. F. Manzer,  
 Shan-Ping Mao,  Yuezhi Mao,  N. Mardirossian,  A. V. Marenich,  
 T. Markovich,  L. A. Martinez-Martinez,  S. A. Maurer,  N. J. Mayhall,  
 S. C. McKenzie,  J.-M. Mewes,  P. Morgante,  A. F. Morrison,  
 J. W. Mullinax,  K. Nanda,  T. S. Nguyen-Beck,  R. Olivares-Amaya,  
 J. A. Parkhill,  Zheng Pei,  T. M. Perrine,  F. Plasser,  P. Pokhilko,  
 S. Prager,  A. Prociuk,  E. Ramos,  D. R. Rehn,  F. Rob,  M. Scheurer,  
 M. Schneider,  N. Sergueev,  S. M. Sharada,  S. Sharma,  D. W. Small,  
 T. Stauch,  T. Stein,  Yu-Chuan Su,  A. J. W. Thom,  A. Tkatchenko,  
 T. Tsuchimochi,  N. M. Tubman,  L. Vogt,  M. L. Vidal,  O. Vydrov,  
 M. A. Watson,  J. Wenzel,  M. de Wergifosse,  T. A. Wesolowski,  A. White,  
 J. Witte,  A. Yamada,  Jun Yang,  K. Yao,  S. Yeganeh,  S. R. Yost,  
 Zhi-Qiang You,  A. Zech,  Igor Ying Zhang,  Xing Zhang,  Yan Zhao,  
 Ying Zhu,  B. R. Brooks,  G. K. L. Chan,  C. J. Cramer,  M. S. Gordon,  
 W. J. Hehre,  A. Klamt,  M. W. Schmidt,  C. D. Sherrill,  D. G. Truhlar,  
 A. Aspuru-Guzik,  R. Baer,  A. T. Bell,  N. A. Besley,  Jeng-Da Chai,  
 A. E. DePrince, III,  R. A. DiStasio Jr.,  A. Dreuw,  B. D. Dunietz,  
 T. R. Furlani,  Chao-Ping Hsu,  Yousung Jung,  Jing Kong,  D. S. Lambrecht,  
 WanZhen Liang,  C. Ochsenfeld,  V. A. Rassolov,  L. V. Slipchenko,  
 J. E. Subotnik,  T. Van Voorhis,  J. M. Herbert,  A. I. Krylov,  
 P. M. W. Gill,  M. Head-Gordon

 Contributors to earlier versions of Q-Chem not listed above: 
 R. D. Adamson,  B. Austin,  J. Baker,  G. J. O. Beran,  K. Brandhorst,  
 S. T. Brown,  E. F. C. Byrd,  A. K. Chakraborty,  C.-L. Cheng,  
 Siu Hung Chien,  D. M. Chipman,  D. L. Crittenden,  H. Dachsel,  
 R. J. Doerksen,  A. D. Dutoi,  L. Fusti-Molnar,  W. A. Goddard III,  
 A. Golubeva-Zadorozhnaya,  S. R. Gwaltney,  G. Hawkins,  A. Heyden,  
 S. Hirata,  G. Kedziora,  F. J. Keil,  C. Kelley,  Jihan Kim,  R. A. King,  
 R. Z. Khaliullin,  P. P. Korambath,  W. Kurlancheek,  A. M. Lee,  M. S. Lee,  
 S. V. Levchenko,  Ching Yeh Lin,  D. Liotard,  R. C. Lochan,  I. Lotan,  
 P. E. Maslen,  N. Nair,  D. P. O'Neill,  D. Neuhauser,  E. Neuscamman,  
 C. M. Oana,  R. Olson,  B. Peters,  R. Peverati,  P. A. Pieniazek,  
 Y. M. Rhee,  J. Ritchie,  M. A. Rohrdanz,  E. Rosta,  N. J. Russ,  
 H. F. Schaefer III,  N. E. Schultz,  N. Shenvi,  A. C. Simmonett,  A. Sodt,  
 D. Stuck,  K. S. Thanthiriwatte,  V. Vanovschi,  Tao Wang,  A. Warshel,  
 C. F. Williams,  Q. Wu,  X. Xu,  W. Zhang

 Please cite Q-Chem as follows:
 Y. Shao et al., Mol. Phys. 113, 184-215 (2015)
 DOI: 10.1080/00268976.2014.952696

 Q-Chem 5.2.0 for Intel X86 EM64T Linux

 Parts of Q-Chem use Armadillo 8.300.2 (Tropical Shenanigans).
 http://arma.sourceforge.net/

 Q-Chem begins on Sun Aug 15 15:25:43 2021  

Host: cori11
0

     Scratch files written to /tmp/qchem64829//Frg1//
 May1019 |scratch|qcdevops|jenkins|workspace|build_RNUM -1
Processing $rem in /global/common/cori/software/qchem/5.2/config/preferences:
	 MEM_TOTAL  96000 
NAlpha2: 10
NElect   10
Mult     1

Checking the input file for inconsistencies... 	...done.

--------------------------------------------------------------
User input:
--------------------------------------------------------------
$molecule
-1 1
 9	-2.3991064300	1.1111967800	0.0146545800
$end
$rem
EDA2		1
METHOD		WB97X-V
BASIS		DEF2-TZVPD
XC_GRID		000099000590
NL_GRID		1
UNRESTRICTED		FALSE
MAX_SCF_CYCLES		200
SYMMETRY		FALSE
SYM_IGNORE		TRUE
BASIS_LIN_DEP_THRESH		6
THRESH		14
SCF_CONVERGENCE		8
SCF_PRINT_FRGM		TRUE
!required keywords
JOBTYPE		SP
SYM_IGNORE		TRUE
SUBSYSTEM		TRUE
GEN_SCFMAN		TRUE
CHILD_INSTRUCTION		2
SYM_IGNORE		TRUE
SCFMI		0
RI_K 0		
PARI_K 0		
MIN_PARI_K 0		
IARI_K 0		
OCC_RI_K 0		
PURECART		1111
MEM_STATIC		2000
MEM_TOTAL		96000
GUI		0
CHILD_MP		1
CHILD_MP_ORDERS		232
FRZ_RELAX		0
FRZ_RELAX_METHOD		0
EDA_CLS_ELEC		1
EDA_CLS_DISP		0
FRZ_ORTHO_DECOMP		1
EDA2		FALSE
FRGM_METHOD		FALSE
CIS_N_ROOTS  0
LOCAL_CIS    0
CIS_RLX_DNS  1
$end
--------------------------------------------------------------
 ----------------------------------------------------------------
             Standard Nuclear Orientation (Angstroms)
    I     Atom           X                Y                Z
 ----------------------------------------------------------------
    1      F      -2.3991064300     1.1111967800     0.0146545800
 ----------------------------------------------------------------
 Nuclear Repulsion Energy =           0.00000000 hartrees
 There are        5 alpha and        5 beta electrons
 Requested basis set is def2-TZVPD
 There are 14 shells and 40 basis functions

 Total QAlloc Memory Limit  96000 MB
 Mega-Array Size      1956 MB
 MEM_STATIC part      2000 MB
 A cutoff of  1.0D-14 yielded    105 shell pairs
 There are       883 function pairs (      1183 Cartesian)
 Smallest overlap matrix eigenvalue = 1.55E-02

 Scale SEOQF with 1.000000e-01/1.000000e-01/1.000000e-01

 Standard Electronic Orientation quadrupole field applied
 Nucleus-field energy     =     0.0000000026 hartrees
 Guess from superposition of atomic densities
 Warning:  Energy on first SCF cycle will be non-variational
 SAD guess density has 8.833064 electrons

 -----------------------------------------------------------------------
  General SCF calculation program by
  Eric Jon Sundstrom, Paul Horn, Yuezhi Mao, Dmitri Zuev, Alec White,
  David Stuck, Shaama M.S., Shane Yost, Joonho Lee, David Small,
  Daniel Levine, Susi Lehtola, Hugh Burton, Evgeny Epifanovsky
 -----------------------------------------------------------------------
 Exchange:     0.1670 Hartree-Fock + 1.0000 wB97X-V + LR-HF
 Correlation:  1.0000 wB97X-V
 Using Euler-Maclaurin-Lebedev (99,590) quadrature formula
 Nonlocal Correlation:  VV10 with C = 0.0100 and b = 6.00 and scale = 1.00000
 Grid used for NLC:  SG-1 standard quadrature
Energy prior to optimization (guess energy) = -99.413922965708
Begin Timing: Total SCF Calculation
begin iterations for algorithm: DIIS         
the SCF tolerance is set to 1.00e-08
    1     -99.4139229657      6.03e-02     00000 
    2     -96.5835460522      1.37e-01     00000 
    3     -99.8429509922      9.09e-03     00000 
    4     -99.8591262126      1.08e-03     00000 
    5     -99.8592045219      3.22e-04     00000 
    6     -99.8592145426      5.99e-05     00000 
    7     -99.8592149367      1.52e-06     00000 
    8     -99.8592149370      2.48e-07     00000 
    9     -99.8592149370      5.60e-08     00000 
   10     -99.8592149370      1.61e-09     00000 Convergence criterion met
Timing for Total SCF: 21.00s (wall), 38.37s (cpu)
Multipole orders to be included
        2
        3
computing dipole RHS
computing quadrupole RHS
total number of RHS in solve_reponses: 8
RHS batch sizes
        8
Beginning Block Conjugate Gradient Iterations. Batch Number: 0
computing hessian-vector products by finite difference
              1      3.81e-01     00000 Conjugate Gradient Iteration
computing hessian-vector products by finite difference
              2      1.29e-01     00000 Conjugate Gradient Iteration
computing hessian-vector products by finite difference
              3      2.94e-02     00000 Conjugate Gradient Iteration
computing hessian-vector products by finite difference
              4      1.89e-03     00000 Conjugate Gradient Iteration
computing hessian-vector products by finite difference
              5      1.86e-04     00000 Conjugate Gradient Iteration
computing hessian-vector products by finite difference
              6      9.08e-06     00000 Conjugate Gradient Iteration
computing hessian-vector products by finite difference
              7      2.99e-07     00000 Conjugate Gradient Iteration
computing hessian-vector products by finite difference
              8      9.95e-09     00000 CG Converged
batch 0 complete
Done Calculating Responses
TESTING ORTHOGONALIZATION OF MULTIPOLE BASIS
Multipole virts passed orthogonality test
Virts Per Order
        12
        20
 
 --------------------------------------------------------------
 
                    Orbital Energies (a.u.)
 --------------------------------------------------------------
 
 Alpha MOs
 -- Occupied --
-24.3187  -0.8301  -0.1030  -0.1030  -0.1030
 -- Virtual --
  0.3678   0.3678   0.3678   0.4148   0.8591   0.8591   0.8591   0.8591
  0.8591   1.1268   1.1268   1.1268   1.2895   2.7341   2.7341   2.7341
  2.7341   2.7341   3.7943   3.7943   3.7943   4.3395   7.4027   7.4027
  7.4027   7.4027   7.4027   7.4027   7.4027   8.9582   8.9582   8.9582
  8.9582   8.9582  57.1221
 --------------------------------------------------------------
 
          Ground-State Mulliken Net Atomic Charges

     Atom                 Charge (a.u.)
  ----------------------------------------
      1 F                    -1.000000
  ----------------------------------------
  Sum of atomic charges =    -1.000000

 -----------------------------------------------------------------
                    Cartesian Multipole Moments
 -----------------------------------------------------------------
    Charge (ESU x 10^10)
                -4.8032
    Dipole Moment (Debye)
         X      11.5234      Y      -5.3373      Z      -0.0704
       Tot      12.6996
    Quadrupole Moments (Debye-Ang)
        XX     -35.5638     XY      12.8048     YY     -13.8488
        XZ       0.1689     YZ      -0.0782     ZZ      -7.9190
    Octopole Moments (Debye-Ang^2)
       XXX     123.3136    XXY     -39.5184    XYY      33.2247
       YYY     -32.9856    XXZ      -0.5212    XYZ       0.1876
       YYZ      -0.2029    XZZ      18.9986    YZZ      -8.7996
       ZZZ      -0.3481
    Hexadecapole Moments (Debye-Ang^3)
      XXXX    -444.0345   XXXY     137.0257   XXYY     -93.3101
      XYYY      79.1359   YYYY     -77.4551   XXXZ       1.8071
      XXYZ      -0.5791   XYYZ       0.4869   YYYZ      -0.4834
      XXZZ     -49.4050   XYZZ      21.1111   YYZZ     -13.6035
      XZZZ       0.8352   YZZZ      -0.3868   ZZZZ     -11.4814
 -----------------------------------------------------------------

 STANDARD THERMODYNAMIC QUANTITIES AT   298.15 K  AND     1.00 ATM

   Translational Enthalpy:        0.889 kcal/mol
   Rotational Enthalpy:           0.000 kcal/mol
   Vibrational Enthalpy:          0.000 kcal/mol
   gas constant (RT):             0.592 kcal/mol
   Translational Entropy:        34.767  cal/mol.K
   Rotational Entropy:            0.000  cal/mol.K
   Vibrational Entropy:           0.000  cal/mol.K

   Total Enthalpy:                1.481 kcal/mol
   Total Entropy:                34.767  cal/mol.K

 -----------------------------------------------------------------

Archival summary:
1\1\nid00504\SP\ProcedureUnspecified\BasisUnspecified\1(1-,1)\meili\SunAug1515:30:492021SunAug1515:30:492021\0\\#,ProcedureUnspecified,BasisUnspecified,\\-1,1\F\\\@

 Total job time:  306.49s(wall), 565.41s(cpu) 
 Sun Aug 15 15:30:49 2021

        *************************************************************
        *                                                           *
        *  Thank you very much for using Q-Chem.  Have a nice day.  *
        *                                                           *
        *************************************************************


Done Job For Fragment 0
calling putenv with: QCSCRATCH=/global/cscratch1/sd/meili 
calling putenv with: QCLOCALSCR=/tmp 
calling putenv with: QCTHREADS=32 
Creating input file /tmp/qchem64829/Frg2.input
using default PutDataFrgm: nothing
calling putenv with: QCSCRATCH=/tmp/qchem64829/ 
calling putenv with: QCLOCALSCR=/tmp/qchem64829/ 
Spawning Job For Fragment 1
                  Welcome to Q-Chem
     A Quantum Leap Into The Future Of Chemistry


 Q-Chem 5.2, Q-Chem, Inc., Pleasanton, CA (2019)

 License issued to: National Energy Research Scientific Computing Center

 Yihan Shao,  Zhengting Gan,  E. Epifanovsky,  A. T. B. Gilbert,  M. Wormit,  
 J. Kussmann,  A. W. Lange,  A. Behn,  Jia Deng,  Xintian Feng,  D. Ghosh,  
 M. Goldey,  P. R. Horn,  L. D. Jacobson,  I. Kaliman,  T. Kus,  A. Landau,  
 Jie Liu,  E. I. Proynov,  R. M. Richard,  R. P. Steele,  E. J. Sundstrom,  
 H. L. Woodcock III,  P. M. Zimmerman,  D. Zuev,  B. Albrecht,  E. Alguire,  
 S. A. Baeppler,  D. Barton,  Z. Benda,  Y. A. Bernard,  E. J. Berquist,  
 K. B. Bravaya,  H. Burton,  D. Casanova,  Chun-Min Chang,  Yunqing Chen,  
 A. Chien,  K. D. Closser,  M. P. Coons,  S. Coriani,  S. Dasgupta,  
 A. L. Dempwolff,  M. Diedenhofen,  Hainam Do,  R. G. Edgar,  Po-Tung Fang,  
 S. Faraji,  S. Fatehi,  Qingguo Feng,  K. D. Fenk,  J. Fosso-Tande,  
 J. Gayvert,  Qinghui Ge,  A. Ghysels,  G. Gidofalvi,  J. Gomes,  
 J. Gonthier,  A. Gunina,  D. Hait,  M. W. D. Hanson-Heine,  
 P. H. P. Harbach,  A. W. Hauser,  M. F. Herbst,  J. E. Herr,  
 E. G. Hohenstein,  Z. C. Holden,  Kerwin Hui,  B. C. Huynh,  T.-C. Jagau,  
 Hyunjun Ji,  B. Kaduk,  K. Khistyaev,  Jaehoon Kim,  P. Klunzinger,  K. Koh,  
 D. Kosenkov,  L. Koulias,  T. Kowalczyk,  C. M. Krauter,  A. Kunitsa,  
 Ka Un Lao,  A. Laurent,  K. V. Lawler,  Joonho Lee,  D. Lefrancois,  
 S. Lehtola,  D. S. Levine,  Yi-Pei Li,  You-Sheng Lin,  Fenglai Liu,  
 E. Livshits,  A. Luenser,  P. Manohar,  E. Mansoor,  S. F. Manzer,  
 Shan-Ping Mao,  Yuezhi Mao,  N. Mardirossian,  A. V. Marenich,  
 T. Markovich,  L. A. Martinez-Martinez,  S. A. Maurer,  N. J. Mayhall,  
 S. C. McKenzie,  J.-M. Mewes,  P. Morgante,  A. F. Morrison,  
 J. W. Mullinax,  K. Nanda,  T. S. Nguyen-Beck,  R. Olivares-Amaya,  
 J. A. Parkhill,  Zheng Pei,  T. M. Perrine,  F. Plasser,  P. Pokhilko,  
 S. Prager,  A. Prociuk,  E. Ramos,  D. R. Rehn,  F. Rob,  M. Scheurer,  
 M. Schneider,  N. Sergueev,  S. M. Sharada,  S. Sharma,  D. W. Small,  
 T. Stauch,  T. Stein,  Yu-Chuan Su,  A. J. W. Thom,  A. Tkatchenko,  
 T. Tsuchimochi,  N. M. Tubman,  L. Vogt,  M. L. Vidal,  O. Vydrov,  
 M. A. Watson,  J. Wenzel,  M. de Wergifosse,  T. A. Wesolowski,  A. White,  
 J. Witte,  A. Yamada,  Jun Yang,  K. Yao,  S. Yeganeh,  S. R. Yost,  
 Zhi-Qiang You,  A. Zech,  Igor Ying Zhang,  Xing Zhang,  Yan Zhao,  
 Ying Zhu,  B. R. Brooks,  G. K. L. Chan,  C. J. Cramer,  M. S. Gordon,  
 W. J. Hehre,  A. Klamt,  M. W. Schmidt,  C. D. Sherrill,  D. G. Truhlar,  
 A. Aspuru-Guzik,  R. Baer,  A. T. Bell,  N. A. Besley,  Jeng-Da Chai,  
 A. E. DePrince, III,  R. A. DiStasio Jr.,  A. Dreuw,  B. D. Dunietz,  
 T. R. Furlani,  Chao-Ping Hsu,  Yousung Jung,  Jing Kong,  D. S. Lambrecht,  
 WanZhen Liang,  C. Ochsenfeld,  V. A. Rassolov,  L. V. Slipchenko,  
 J. E. Subotnik,  T. Van Voorhis,  J. M. Herbert,  A. I. Krylov,  
 P. M. W. Gill,  M. Head-Gordon

 Contributors to earlier versions of Q-Chem not listed above: 
 R. D. Adamson,  B. Austin,  J. Baker,  G. J. O. Beran,  K. Brandhorst,  
 S. T. Brown,  E. F. C. Byrd,  A. K. Chakraborty,  C.-L. Cheng,  
 Siu Hung Chien,  D. M. Chipman,  D. L. Crittenden,  H. Dachsel,  
 R. J. Doerksen,  A. D. Dutoi,  L. Fusti-Molnar,  W. A. Goddard III,  
 A. Golubeva-Zadorozhnaya,  S. R. Gwaltney,  G. Hawkins,  A. Heyden,  
 S. Hirata,  G. Kedziora,  F. J. Keil,  C. Kelley,  Jihan Kim,  R. A. King,  
 R. Z. Khaliullin,  P. P. Korambath,  W. Kurlancheek,  A. M. Lee,  M. S. Lee,  
 S. V. Levchenko,  Ching Yeh Lin,  D. Liotard,  R. C. Lochan,  I. Lotan,  
 P. E. Maslen,  N. Nair,  D. P. O'Neill,  D. Neuhauser,  E. Neuscamman,  
 C. M. Oana,  R. Olson,  B. Peters,  R. Peverati,  P. A. Pieniazek,  
 Y. M. Rhee,  J. Ritchie,  M. A. Rohrdanz,  E. Rosta,  N. J. Russ,  
 H. F. Schaefer III,  N. E. Schultz,  N. Shenvi,  A. C. Simmonett,  A. Sodt,  
 D. Stuck,  K. S. Thanthiriwatte,  V. Vanovschi,  Tao Wang,  A. Warshel,  
 C. F. Williams,  Q. Wu,  X. Xu,  W. Zhang

 Please cite Q-Chem as follows:
 Y. Shao et al., Mol. Phys. 113, 184-215 (2015)
 DOI: 10.1080/00268976.2014.952696

 Q-Chem 5.2.0 for Intel X86 EM64T Linux

 Parts of Q-Chem use Armadillo 8.300.2 (Tropical Shenanigans).
 http://arma.sourceforge.net/

 Q-Chem begins on Sun Aug 15 15:30:50 2021  

Host: cori11
0

     Scratch files written to /tmp/qchem64829//Frg2//
 May1019 |scratch|qcdevops|jenkins|workspace|build_RNUM -1
Processing $rem in /global/common/cori/software/qchem/5.2/config/preferences:
	 MEM_TOTAL  96000 
NAlpha2: 10
NElect   10
Mult     1

Checking the input file for inconsistencies... 	...done.

--------------------------------------------------------------
User input:
--------------------------------------------------------------
$molecule
0 1
 1	-3.5417945200	1.0704929700	-0.0308248200
 9	-4.6832774900	1.0277447100	-0.0785885300
$end
$rem
EDA2		1
METHOD		WB97X-V
BASIS		DEF2-TZVPD
XC_GRID		000099000590
NL_GRID		1
UNRESTRICTED		FALSE
MAX_SCF_CYCLES		200
SYMMETRY		FALSE
SYM_IGNORE		TRUE
BASIS_LIN_DEP_THRESH		6
THRESH		14
SCF_CONVERGENCE		8
SCF_PRINT_FRGM		TRUE
!required keywords
JOBTYPE		SP
SYM_IGNORE		TRUE
SUBSYSTEM		TRUE
GEN_SCFMAN		TRUE
CHILD_INSTRUCTION		2
SYM_IGNORE		TRUE
SCFMI		0
RI_K 0		
PARI_K 0		
MIN_PARI_K 0		
IARI_K 0		
OCC_RI_K 0		
PURECART		1111
MEM_STATIC		2000
MEM_TOTAL		96000
GUI		0
CHILD_MP		1
CHILD_MP_ORDERS		232
FRZ_RELAX		0
FRZ_RELAX_METHOD		0
EDA_CLS_ELEC		1
EDA_CLS_DISP		0
FRZ_ORTHO_DECOMP		1
EDA2		FALSE
FRGM_METHOD		FALSE
CIS_N_ROOTS  0
LOCAL_CIS    0
CIS_RLX_DNS  1
$end
--------------------------------------------------------------
 ----------------------------------------------------------------
             Standard Nuclear Orientation (Angstroms)
    I     Atom           X                Y                Z
 ----------------------------------------------------------------
    1      H      -3.5417945200     1.0704929700    -0.0308248200
    2      F      -4.6832774900     1.0277447100    -0.0785885300
 ----------------------------------------------------------------
 Nuclear Repulsion Energy =           4.16572444 hartrees
 There are        5 alpha and        5 beta electrons
 Requested basis set is def2-TZVPD
 There are 19 shells and 49 basis functions

 Total QAlloc Memory Limit  96000 MB
 Mega-Array Size      1956 MB
 MEM_STATIC part      2000 MB

                       Distance Matrix (Angstroms)
             H (  1)
   F (  2)  1.143281
 
 A cutoff of  1.0D-14 yielded    190 shell pairs
 There are      1294 function pairs (      1648 Cartesian)
 Smallest overlap matrix eigenvalue = 3.40E-03

 Scale SEOQF with 1.000000e-01/1.000000e-01/1.000000e-01

 Standard Electronic Orientation quadrupole field applied
 Nucleus-field energy     =     0.0000000083 hartrees
 Guess from superposition of atomic densities
 Warning:  Energy on first SCF cycle will be non-variational
 SAD guess density has 9.833064 electrons

 -----------------------------------------------------------------------
  General SCF calculation program by
  Eric Jon Sundstrom, Paul Horn, Yuezhi Mao, Dmitri Zuev, Alec White,
  David Stuck, Shaama M.S., Shane Yost, Joonho Lee, David Small,
  Daniel Levine, Susi Lehtola, Hugh Burton, Evgeny Epifanovsky
 -----------------------------------------------------------------------
 Exchange:     0.1670 Hartree-Fock + 1.0000 wB97X-V + LR-HF
 Correlation:  1.0000 wB97X-V
 Using Euler-Maclaurin-Lebedev (99,590) quadrature formula
 Nonlocal Correlation:  VV10 with C = 0.0100 and b = 6.00 and scale = 1.00000
 Grid used for NLC:  SG-1 standard quadrature
Energy prior to optimization (guess energy) = -100.124034191084
Begin Timing: Total SCF Calculation
begin iterations for algorithm: DIIS         
the SCF tolerance is set to 1.00e-08
    1    -100.1240341911      4.11e-02     00000 
    2     -99.8525168189      5.57e-02     00000 
    3    -100.4210335481      2.03e-03     00000 
    4    -100.4222266880      4.01e-04     00000 
    5    -100.4222717602      5.34e-05     00000 
    6    -100.4222739445      9.81e-06     00000 
    7    -100.4222740241      1.76e-06     00000 
    8    -100.4222740255      2.34e-07     00000 
    9    -100.4222740255      4.05e-08     00000 
   10    -100.4222740255      2.47e-09     00000 Convergence criterion met
Timing for Total SCF: 24.00s (wall), 44.06s (cpu)
Multipole orders to be included
        2
        3
computing dipole RHS
computing quadrupole RHS
total number of RHS in solve_reponses: 8
RHS batch sizes
        8
Beginning Block Conjugate Gradient Iterations. Batch Number: 0
computing hessian-vector products by finite difference
              1      5.09e-01     00000 Conjugate Gradient Iteration
computing hessian-vector products by finite difference
              2      1.28e-01     00000 Conjugate Gradient Iteration
computing hessian-vector products by finite difference
              3      1.82e-02     00000 Conjugate Gradient Iteration
computing hessian-vector products by finite difference
              4      3.50e-03     00000 Conjugate Gradient Iteration
computing hessian-vector products by finite difference
              5      3.69e-04     00000 Conjugate Gradient Iteration
computing hessian-vector products by finite difference
              6      2.33e-05     00000 Conjugate Gradient Iteration
computing hessian-vector products by finite difference
              7      1.92e-06     00000 Conjugate Gradient Iteration
computing hessian-vector products by finite difference
              8      1.40e-07     00000 Conjugate Gradient Iteration
computing hessian-vector products by finite difference
              9      8.26e-09     00000 CG Converged
batch 0 complete
Done Calculating Responses
TESTING ORTHOGONALIZATION OF MULTIPOLE BASIS
Multipole virts passed orthogonality test
Virts Per Order
        14
        22
 
 --------------------------------------------------------------
 
                    Orbital Energies (a.u.)
 --------------------------------------------------------------
 
 Alpha MOs
 -- Occupied --
-24.7582  -1.2785  -0.6160  -0.5134  -0.5134
 -- Virtual --
  0.0307   0.1471   0.1573   0.1573   0.2511   0.2546   0.2546   0.2845
  0.5411   0.5765   0.5765   0.6880   0.6880   0.7485   0.8131   0.8131
  1.0060   1.1186   1.7603   1.7603   1.9531   2.3511   2.3511   2.4795
  2.4795   2.7230   3.0015   3.4119   3.4119   3.8696   4.2026   6.9734
  6.9734   6.9995   6.9995   7.0588   7.0588   7.3209   8.5456   8.5456
  8.6006   8.6006   8.9577  56.8320
 --------------------------------------------------------------
 
          Ground-State Mulliken Net Atomic Charges

     Atom                 Charge (a.u.)
  ----------------------------------------
      1 H                     0.423407
      2 F                    -0.423407
  ----------------------------------------
  Sum of atomic charges =     0.000000

 -----------------------------------------------------------------
                    Cartesian Multipole Moments
 -----------------------------------------------------------------
    Charge (ESU x 10^10)
                -0.0000
    Dipole Moment (Debye)
         X       2.1716      Y       0.0813      Z       0.0909
       Tot       2.1750
    Quadrupole Moments (Debye-Ang)
        XX     -22.8760     XY       1.9855     YY      -5.9547
        XZ      -0.4459     YZ       0.0926     ZZ      -6.1349
    Octopole Moments (Debye-Ang^2)
       XXX     180.4334    XXY     -22.8640    XYY      29.7846
       YYY     -18.6933    XXZ       2.5204    XYZ      -0.4591
       YYZ       0.5474    XZZ      28.0494    YZZ      -6.3306
       ZZZ       1.3598
    Hexadecapole Moments (Debye-Ang^3)
      XXXX   -1264.4536   XXXY     184.3440   XXYY    -152.8299
      XYYY      88.2053   YYYY     -43.5399   XXXZ     -15.4040
      XXYZ       2.6118   XYYZ      -2.5593   YYYZ       1.4967
      XXZZ    -130.2350   XYZZ      28.9308   YYZZ      -8.1604
      XZZZ      -6.2635   YZZZ       1.4015   ZZZZ      -4.9844
 -----------------------------------------------------------------
Archival summary:
1\1\nid00504\SP\ProcedureUnspecified\BasisUnspecified\11\meili\SunAug1515:37:502021SunAug1515:37:502021\0\\#,ProcedureUnspecified,BasisUnspecified,\\0,1\H\F,1,1.14328\\\@

 Total job time:  420.66s(wall), 783.60s(cpu) 
 Sun Aug 15 15:37:50 2021

        *************************************************************
        *                                                           *
        *  Thank you very much for using Q-Chem.  Have a nice day.  *
        *                                                           *
        *************************************************************


Done Job For Fragment 1
calling putenv with: QCSCRATCH=/global/cscratch1/sd/meili 
calling putenv with: QCLOCALSCR=/tmp 
calling putenv with: QCTHREADS=32 
Doing General SCFMI
 Exchange:     0.1670 Hartree-Fock + 1.0000 wB97X-V + LR-HF
 Correlation:  1.0000 wB97X-V
 Using Euler-Maclaurin-Lebedev (99,590) quadrature formula
 Nonlocal Correlation:  VV10 with C = 0.0100 and b = 6.00 and scale = 1.00000
 Grid used for NLC:  SG-1 standard quadrature
performing fock build before subrot guess so that all methods have access
Printing subrot_rss_gen Method Specification:
Occupied Subspace Method is 0
Virtual Subspace Method is 0
Energy of the unrelaxed supersystem initial determinant -200.276957873579
write pseudocanon occs and virts to disk
write pseudocanon orbital energies to disk
Tolerance of ortho_decomp_scf: 1.00e-06
GDM subspace size: 20
Beginning the Orthogonal Decomposition of the Initial Supersystem Wavefunction
    1    -199.9980415440      7.56e-01     ortho_decomp Preconditoned Steepest Descent
    2    -200.0389466291      1.40e-02     ortho_decomp BFGS Step
    3    -200.0390336899      1.09e-03     ortho_decomp BFGS Step
    4    -200.0390338251      3.33e-05     ortho_decomp BFGS Step
    5    -200.0390338253      6.16e-07     ortho_decomp 00000 Convergence criterion met
 Hartree-Fock
 Hartree-Fock
 Hartree-Fock
Doing General SCFMI
 Exchange:     0.1670 Hartree-Fock + 1.0000 wB97X-V + LR-HF
 Correlation:  1.0000 wB97X-V
 Using Euler-Maclaurin-Lebedev (99,590) quadrature formula
 Nonlocal Correlation:  VV10 with C = 0.0100 and b = 6.00 and scale = 1.00000
 Grid used for NLC:  SG-1 standard quadrature
performing fock build at end of subrot_r(subrot) constructor so that all methods have access
<S^2> of initial wavefunction before polarization iterations 0.0000000000
Beginning iterations for the determination of the polarized wavefunction
Energy prior to optimization (guess energy) = -200.276957873579
Begin Timing: Total SCF Calculation
begin iterations for algorithm: DIIS         
the SCF tolerance is set to 1.00e-08
    1    -200.2769578736      4.41e-03     00000 
    2    -200.3232436004      1.17e-03     00000 
    3    -200.3277060270      5.93e-04     00000 
    4    -200.3285567502      2.94e-04     00000 
    5    -200.3287196541      6.19e-05     00000 
    6    -200.3287339301      2.44e-05     00000 
    7    -200.3287348094      9.17e-06     00000 
    8    -200.3287349859      1.24e-06     00000 
    9    -200.3287349933      3.36e-07     00000 
   10    -200.3287349937      7.40e-08     00000 
   11    -200.3287349937      1.79e-08     00000 
   12    -200.3287349937      3.89e-09     00000 Convergence criterion met
write pseudocanon occs and virts to disk
write pseudocanon orbital energies to disk
Timing for Total SCF: 46.00s (wall), 87.81s (cpu)
<S^2> of polarized wavefunction after polarization iterations 0.0000000000
relaxing scfmi constraint to allow all rotations in the entire AO span
Doing General SCFMI
 Exchange:     0.1670 Hartree-Fock + 1.0000 wB97X-V + LR-HF
 Correlation:  1.0000 wB97X-V
 Using Euler-Maclaurin-Lebedev (99,590) quadrature formula
 Nonlocal Correlation:  VV10 with C = 0.0100 and b = 6.00 and scale = 1.00000
 Grid used for NLC:  SG-1 standard quadrature
performing fock build at end of subrot_r(subrot) constructor so that all methods have access
<S^2> of polarized wavefunction before ct-allowed iterations 0.0000000000
Beginning iterations for the determination of the CT-Allowed wavefunction
Energy prior to optimization (guess energy) = -200.328734993730
Begin Timing: Total SCF Calculation
begin iterations for algorithm: DIIS         
the SCF tolerance is set to 1.00e-08
    1    -200.3287349937      3.85e-03     00000 
    2    -200.3834326931      8.55e-04     00000 
    3    -200.3845919070      8.99e-04     00000 
    4    -200.3862650993      7.21e-05     00000 
    5    -200.3863003517      3.98e-05     00000 
    6    -200.3863048683      1.48e-05     00000 
    7    -200.3863055934      2.53e-06     00000 
    8    -200.3863056467      3.25e-07     00000 
    9    -200.3863056483      6.53e-08     00000 
   10    -200.3863056484      1.33e-08     00000 
   11    -200.3863056484      2.18e-09     00000 Convergence criterion met
write pseudocanon occs and virts to disk
write pseudocanon orbital energies to disk
Timing for Total SCF: 43.00s (wall), 81.34s (cpu)
<S^2> of ct_allowed wavefunction after ct-allowed iterations 0.0000000000

================================
        Results of EDA2         
================================
Basic EDA Quantities
--------------------
Fragment Energies (Ha):
1  -99.8592149370
2 -100.4222740255
--------------------
  E_prp (kJ/mol) = 0.0000
  E_frz (kJ/mol) = 11.8965
  E_pol (kJ/mol) = -135.9424
  E_vct (kJ/mol) = -151.1535
  E_int (kJ/mol) = -275.1995
--------------------


Initial Wavefunction Decomposition
--------------------
  --------------------
  Orthogonal Fragment Subspace Decomposition:
  --------------------
     E_elec   (ELEC)   (kJ/mol) = -508.7573
     E_pauli  (PAULI)  (kJ/mol) = 542.3492
     E_disp   (DISP)   (kJ/mol) = -21.6954
     --------------------
     Terms summing to E_pauli:
     --------------------
        E_kep_pauli       (kJ/mol) = 636.5735
        E_disp_free_pauli (kJ/mol) = -94.2243
  --------------------
  Classical Frozen Decomposition:
  --------------------
     E_cls_elec  (CLS ELEC)  (kJ/mol) = -301.8202
     E_cls_pauli (CLS PAULI) (kJ/mol) = 313.7168
    [E_mod_pauli (MOD PAULI) (kJ/mol) = 335.4121 (CLS PAULI - DISP from orthogonal decomposition) ]
  --------------------
--------------------

Simplified EDA Summary (kJ/mol)
--------------------
 PREPARATION     0.0000
 FROZEN          33.5919      (does not include dispersion)
[PAULI           542.3492]     (if this is negligible, then frozen describes electrostatics)
 DISPERSION      -21.6954
 POLARIZATION    -135.9424
 CHARGE TRANSFER -151.1535
 TOTAL           -275.1995     (PRP + FRZ + DISP + POL + CT)
--------------------
 
 --------------------------------------------------------------
 
                    Orbital Energies (a.u.)
 --------------------------------------------------------------
 
 Alpha MOs
 -- Occupied --
-24.4285 -24.4282  -0.9958  -0.9504  -0.3671  -0.2311  -0.2311  -0.2050
 -0.2050  -0.2011
 -- Virtual --
  0.2566   0.2935   0.2935   0.3206   0.3512   0.3672   0.3672   0.5356
  0.5552   0.5552   0.6545   0.6850   0.7489   0.7489   0.7665   0.8646
  0.8646   0.8721   0.8721   0.9770   0.9770   1.0872   1.1586   1.1586
  1.1647   1.1653   1.1690   1.1989   1.3686   1.5602   1.6222   2.2201
  2.2201   2.4876   2.6171   2.6171   2.6392   2.6392   2.6470   2.6470
  2.9908   2.9908   3.2043   3.4317   3.5737   3.7261   3.7261   3.8128
  3.8128   4.1106   4.2837   4.5204   5.6876   7.2680   7.2680   7.2750
  7.2750   7.2755   7.2755   7.2912   7.2912   7.2914   7.2914   7.4877
  7.5085   7.5085   8.2558   8.8410   8.8410   8.8606   8.8606   8.8630
  8.8630   9.0311   9.0311   9.4195   9.9641  57.1762  57.6430
 --------------------------------------------------------------
 
          Ground-State Mulliken Net Atomic Charges

     Atom                 Charge (a.u.)
  ----------------------------------------
      1 F                    -0.690451
      2 H                     0.380096
      3 F                    -0.689645
  ----------------------------------------
  Sum of atomic charges =    -1.000000

 -----------------------------------------------------------------
                    Cartesian Multipole Moments
 -----------------------------------------------------------------
    Charge (ESU x 10^10)
                -4.8032
    Dipole Moment (Debye)
         X      17.0044      Y      -5.1358      Z       0.1547
       Tot      17.7637
    Quadrupole Moments (Debye-Ang)
        XX     -82.3340     XY      17.8595     YY     -18.8152
        XZ      -0.9080     YZ       0.1523     ZZ     -13.3317
    Octopole Moments (Debye-Ang^2)
       XXX     448.2577    XXY     -85.7615    XYY      65.9306
       YYY     -48.6231    XXZ       5.1933    XYZ      -0.9143
       YYZ       0.5735    XZZ      47.2301    YZZ     -14.2581
       ZZZ       1.2747
    Hexadecapole Moments (Debye-Ang^3)
      XXXX   -2541.7164   XXXY     465.1576   XXYY    -277.7700
      XYYY     169.2003   YYYY    -111.1352   XXXZ     -30.2412
      XXYZ       5.2820   XYYZ      -3.1149   YYYZ       1.4309
      XXZZ    -188.7942   XYZZ      49.8907   YYZZ     -19.7372
      XZZZ      -6.5955   YZZZ       1.2873   ZZZZ     -13.5227
 -----------------------------------------------------------------
Archival summary:
1\1\nid00504\SP\ProcedureUnspecified\BasisUnspecified\21(1-,1)\meili\SunAug1515:40:202021SunAug1515:40:202021\0\\#,ProcedureUnspecified,BasisUnspecified,\\-1,1\F\H,1,1.14328\F,2,1.14432,1,179.843\\\@

 Total job time:  879.85s(wall), 288.86s(cpu) 
 Sun Aug 15 15:40:20 2021

        *************************************************************
        *                                                           *
        *  Thank you very much for using Q-Chem.  Have a nice day.  *
        *                                                           *
        *************************************************************


