
Running Job 1 of 1 qchem_eda_02_li_cation_h2o.in
qchem qchem_eda_02_li_cation_h2o.in_54478.0 /tmp/qchem54478/ 0
/global/common/cori/software/qchem/5.2/exe/qcprog.exe_s qchem_eda_02_li_cation_h2o.in_54478.0 /tmp/qchem54478/
                  Welcome to Q-Chem
     A Quantum Leap Into The Future Of Chemistry


 Q-Chem 5.2, Q-Chem, Inc., Pleasanton, CA (2019)

 License issued to: National Energy Research Scientific Computing Center

 Yihan Shao,  Zhengting Gan,  E. Epifanovsky,  A. T. B. Gilbert,  M. Wormit,  
 J. Kussmann,  A. W. Lange,  A. Behn,  Jia Deng,  Xintian Feng,  D. Ghosh,  
 M. Goldey,  P. R. Horn,  L. D. Jacobson,  I. Kaliman,  T. Kus,  A. Landau,  
 Jie Liu,  E. I. Proynov,  R. M. Richard,  R. P. Steele,  E. J. Sundstrom,  
 H. L. Woodcock III,  P. M. Zimmerman,  D. Zuev,  B. Albrecht,  E. Alguire,  
 S. A. Baeppler,  D. Barton,  Z. Benda,  Y. A. Bernard,  E. J. Berquist,  
 K. B. Bravaya,  H. Burton,  D. Casanova,  Chun-Min Chang,  Yunqing Chen,  
 A. Chien,  K. D. Closser,  M. P. Coons,  S. Coriani,  S. Dasgupta,  
 A. L. Dempwolff,  M. Diedenhofen,  Hainam Do,  R. G. Edgar,  Po-Tung Fang,  
 S. Faraji,  S. Fatehi,  Qingguo Feng,  K. D. Fenk,  J. Fosso-Tande,  
 J. Gayvert,  Qinghui Ge,  A. Ghysels,  G. Gidofalvi,  J. Gomes,  
 J. Gonthier,  A. Gunina,  D. Hait,  M. W. D. Hanson-Heine,  
 P. H. P. Harbach,  A. W. Hauser,  M. F. Herbst,  J. E. Herr,  
 E. G. Hohenstein,  Z. C. Holden,  Kerwin Hui,  B. C. Huynh,  T.-C. Jagau,  
 Hyunjun Ji,  B. Kaduk,  K. Khistyaev,  Jaehoon Kim,  P. Klunzinger,  K. Koh,  
 D. Kosenkov,  L. Koulias,  T. Kowalczyk,  C. M. Krauter,  A. Kunitsa,  
 Ka Un Lao,  A. Laurent,  K. V. Lawler,  Joonho Lee,  D. Lefrancois,  
 S. Lehtola,  D. S. Levine,  Yi-Pei Li,  You-Sheng Lin,  Fenglai Liu,  
 E. Livshits,  A. Luenser,  P. Manohar,  E. Mansoor,  S. F. Manzer,  
 Shan-Ping Mao,  Yuezhi Mao,  N. Mardirossian,  A. V. Marenich,  
 T. Markovich,  L. A. Martinez-Martinez,  S. A. Maurer,  N. J. Mayhall,  
 S. C. McKenzie,  J.-M. Mewes,  P. Morgante,  A. F. Morrison,  
 J. W. Mullinax,  K. Nanda,  T. S. Nguyen-Beck,  R. Olivares-Amaya,  
 J. A. Parkhill,  Zheng Pei,  T. M. Perrine,  F. Plasser,  P. Pokhilko,  
 S. Prager,  A. Prociuk,  E. Ramos,  D. R. Rehn,  F. Rob,  M. Scheurer,  
 M. Schneider,  N. Sergueev,  S. M. Sharada,  S. Sharma,  D. W. Small,  
 T. Stauch,  T. Stein,  Yu-Chuan Su,  A. J. W. Thom,  A. Tkatchenko,  
 T. Tsuchimochi,  N. M. Tubman,  L. Vogt,  M. L. Vidal,  O. Vydrov,  
 M. A. Watson,  J. Wenzel,  M. de Wergifosse,  T. A. Wesolowski,  A. White,  
 J. Witte,  A. Yamada,  Jun Yang,  K. Yao,  S. Yeganeh,  S. R. Yost,  
 Zhi-Qiang You,  A. Zech,  Igor Ying Zhang,  Xing Zhang,  Yan Zhao,  
 Ying Zhu,  B. R. Brooks,  G. K. L. Chan,  C. J. Cramer,  M. S. Gordon,  
 W. J. Hehre,  A. Klamt,  M. W. Schmidt,  C. D. Sherrill,  D. G. Truhlar,  
 A. Aspuru-Guzik,  R. Baer,  A. T. Bell,  N. A. Besley,  Jeng-Da Chai,  
 A. E. DePrince, III,  R. A. DiStasio Jr.,  A. Dreuw,  B. D. Dunietz,  
 T. R. Furlani,  Chao-Ping Hsu,  Yousung Jung,  Jing Kong,  D. S. Lambrecht,  
 WanZhen Liang,  C. Ochsenfeld,  V. A. Rassolov,  L. V. Slipchenko,  
 J. E. Subotnik,  T. Van Voorhis,  J. M. Herbert,  A. I. Krylov,  
 P. M. W. Gill,  M. Head-Gordon

 Contributors to earlier versions of Q-Chem not listed above: 
 R. D. Adamson,  B. Austin,  J. Baker,  G. J. O. Beran,  K. Brandhorst,  
 S. T. Brown,  E. F. C. Byrd,  A. K. Chakraborty,  C.-L. Cheng,  
 Siu Hung Chien,  D. M. Chipman,  D. L. Crittenden,  H. Dachsel,  
 R. J. Doerksen,  A. D. Dutoi,  L. Fusti-Molnar,  W. A. Goddard III,  
 A. Golubeva-Zadorozhnaya,  S. R. Gwaltney,  G. Hawkins,  A. Heyden,  
 S. Hirata,  G. Kedziora,  F. J. Keil,  C. Kelley,  Jihan Kim,  R. A. King,  
 R. Z. Khaliullin,  P. P. Korambath,  W. Kurlancheek,  A. M. Lee,  M. S. Lee,  
 S. V. Levchenko,  Ching Yeh Lin,  D. Liotard,  R. C. Lochan,  I. Lotan,  
 P. E. Maslen,  N. Nair,  D. P. O'Neill,  D. Neuhauser,  E. Neuscamman,  
 C. M. Oana,  R. Olson,  B. Peters,  R. Peverati,  P. A. Pieniazek,  
 Y. M. Rhee,  J. Ritchie,  M. A. Rohrdanz,  E. Rosta,  N. J. Russ,  
 H. F. Schaefer III,  N. E. Schultz,  N. Shenvi,  A. C. Simmonett,  A. Sodt,  
 D. Stuck,  K. S. Thanthiriwatte,  V. Vanovschi,  Tao Wang,  A. Warshel,  
 C. F. Williams,  Q. Wu,  X. Xu,  W. Zhang

 Please cite Q-Chem as follows:
 Y. Shao et al., Mol. Phys. 113, 184-215 (2015)
 DOI: 10.1080/00268976.2014.952696

 Q-Chem 5.2.0 for Intel X86 EM64T Linux

 Parts of Q-Chem use Armadillo 8.300.2 (Tropical Shenanigans).
 http://arma.sourceforge.net/

 Q-Chem begins on Sun Aug 15 15:15:38 2021  

Host: cori11
0

     Scratch files written to /tmp/qchem54478//
 May1019 |scratch|qcdevops|jenkins|workspace|build_RNUM -1
Processing $rem in /global/common/cori/software/qchem/5.2/config/preferences:
	 MEM_TOTAL  96000 
NAlpha2: 12
NElect   12
Mult     1

 Q-Chem warning in module libgen/rem_setup.C, line 2803:

 Neither GIA nor STOLL is specified by user. Use STOLL as the default


Checking the input file for inconsistencies... 	...done.

--------------------------------------------------------------
User input:
--------------------------------------------------------------
$comment
CHB6-22
$end

$molecule
1 1
--
1 1
Li    -0.40901490     -1.91403816      0.08129152
--
0 1
O      0.39025099     -0.23649653     -0.02176730
H      1.33196180     -0.03790787     -0.09509831
H     -0.04708940      0.62390834     -0.01348025
$end

$rem
JOBTYPE			EDA
EDA2			1
method			wB97X-V
BASIS			def2-TZVPD
XC_GRID			000099000590
NL_GRID			1
UNRESTRICTED		FALSE
MAX_SCF_CYCLES		200
SYMMETRY		FALSE
SYM_IGNORE		TRUE
MEM_STATIC		2000
BASIS_LIN_DEP_THRESH 	6
THRESH 			14
SCF_CONVERGENCE 	8
SCF_PRINT_FRGM 		TRUE
$end
--------------------------------------------------------------
 ----------------------------------------------------------------
             Standard Nuclear Orientation (Angstroms)
    I     Atom           X                Y                Z
 ----------------------------------------------------------------
    1      Li     -0.4090149000    -1.9140381600     0.0812915200
    2      O       0.3902509900    -0.2364965300    -0.0217673000
    3      H       1.3319618000    -0.0379078700    -0.0950983100
    4      H      -0.0470894000     0.6239083400    -0.0134802500
 ----------------------------------------------------------------
 Nuclear Repulsion Energy =          17.17923762 hartrees
 There are        6 alpha and        6 beta electrons
 Requested basis set is def2-TZVPD
 There are 33 shells and 75 basis functions

 Total QAlloc Memory Limit  96000 MB
 Mega-Array Size      1956 MB
 MEM_STATIC part      2000 MB

                       Distance Matrix (Angstroms)
             Li(  1)   O (  2)   H (  3)
   O (  2)  1.861073
   H (  3)  2.565537  0.965212
   H (  4)  2.565374  0.965211  1.531811
 
 A cutoff of  1.0D-14 yielded    558 shell pairs
 There are      2932 function pairs (      3442 Cartesian)
 Smallest overlap matrix eigenvalue = 5.12E-04

 Scale SEOQF with 1.000000e-01/1.000000e-01/1.000000e-01

 Standard Electronic Orientation quadrupole field applied
 Nucleus-field energy     =     0.0000000010 hartrees

 -----------------------------------------------------------------------
  General SCF calculation program by
  Eric Jon Sundstrom, Paul Horn, Yuezhi Mao, Dmitri Zuev, Alec White,
  David Stuck, Shaama M.S., Shane Yost, Joonho Lee, David Small,
  Daniel Levine, Susi Lehtola, Hugh Burton, Evgeny Epifanovsky
 -----------------------------------------------------------------------
================================================================
                 ALMO-EDA with the EDA2 driver                  
================================================================
 The second-generation ALMO-EDA (for DFT):                      
 P. R. Horn, Y. Mao and M. Head-Gordon, PCCP, 18, 23067 (2016)  
 Decomposition of the frozen energy:                            
 P. R. Horn, Y. Mao and M. Head-Gordon, JCP, 144, 114107 (2016) 
 FERF model for polarization:                                   
 P. R. Horn and M. Head-Gordon, JCP, 143, 114111 (2015)         
Using eda2 option set 1
Option set summary: Frozen orbital wavefunction, initial wavefunction decomposition, and nDQ polarization.
--------------------------------
Printing EDA Options
--------------------------------
eda_child_super_basis      0
fragmo_guess_mode          0
child_mp                   1
child_mp_orders            232
cls_elec                   1
cls_disp                   0
scfmi_mode                 1
scfmi_occs                 0
scfmi_virts                0
frz_relax                  0
frz_relax_method           0
dc_pen_start               0
dc_pen_conv                0
dc_pen_increment           0
dc_pen_steps               0
dc_pen_thresh_factor       0
dc_pen_pre_newton_thresh   0
frz_ortho_decomp           1
frz_ortho_decomp_conv      6
frgm_method                2
scfmi_freeze_ss            0
separate_rehyb             0
plot_diff_den              0
eda_nocv                   0
eda_vct_relax              1
disp_free_x                0
disp_free_c                0
eda_bsse                   0
eda_pct_a                  0
eda_covp                   0
--------------------------------
Attempting to make child job directory: /tmp/qchem54478//Frg1/
Attempting to make child job directory: /tmp/qchem54478//Frg2/
Creating input file /tmp/qchem54478/Frg1.input
using default PutDataFrgm: nothing
calling putenv with: QCSCRATCH=/tmp/qchem54478/ 
calling putenv with: QCLOCALSCR=/tmp/qchem54478/ 
Spawning Job For Fragment 0
                  Welcome to Q-Chem
     A Quantum Leap Into The Future Of Chemistry


 Q-Chem 5.2, Q-Chem, Inc., Pleasanton, CA (2019)

 License issued to: National Energy Research Scientific Computing Center

 Yihan Shao,  Zhengting Gan,  E. Epifanovsky,  A. T. B. Gilbert,  M. Wormit,  
 J. Kussmann,  A. W. Lange,  A. Behn,  Jia Deng,  Xintian Feng,  D. Ghosh,  
 M. Goldey,  P. R. Horn,  L. D. Jacobson,  I. Kaliman,  T. Kus,  A. Landau,  
 Jie Liu,  E. I. Proynov,  R. M. Richard,  R. P. Steele,  E. J. Sundstrom,  
 H. L. Woodcock III,  P. M. Zimmerman,  D. Zuev,  B. Albrecht,  E. Alguire,  
 S. A. Baeppler,  D. Barton,  Z. Benda,  Y. A. Bernard,  E. J. Berquist,  
 K. B. Bravaya,  H. Burton,  D. Casanova,  Chun-Min Chang,  Yunqing Chen,  
 A. Chien,  K. D. Closser,  M. P. Coons,  S. Coriani,  S. Dasgupta,  
 A. L. Dempwolff,  M. Diedenhofen,  Hainam Do,  R. G. Edgar,  Po-Tung Fang,  
 S. Faraji,  S. Fatehi,  Qingguo Feng,  K. D. Fenk,  J. Fosso-Tande,  
 J. Gayvert,  Qinghui Ge,  A. Ghysels,  G. Gidofalvi,  J. Gomes,  
 J. Gonthier,  A. Gunina,  D. Hait,  M. W. D. Hanson-Heine,  
 P. H. P. Harbach,  A. W. Hauser,  M. F. Herbst,  J. E. Herr,  
 E. G. Hohenstein,  Z. C. Holden,  Kerwin Hui,  B. C. Huynh,  T.-C. Jagau,  
 Hyunjun Ji,  B. Kaduk,  K. Khistyaev,  Jaehoon Kim,  P. Klunzinger,  K. Koh,  
 D. Kosenkov,  L. Koulias,  T. Kowalczyk,  C. M. Krauter,  A. Kunitsa,  
 Ka Un Lao,  A. Laurent,  K. V. Lawler,  Joonho Lee,  D. Lefrancois,  
 S. Lehtola,  D. S. Levine,  Yi-Pei Li,  You-Sheng Lin,  Fenglai Liu,  
 E. Livshits,  A. Luenser,  P. Manohar,  E. Mansoor,  S. F. Manzer,  
 Shan-Ping Mao,  Yuezhi Mao,  N. Mardirossian,  A. V. Marenich,  
 T. Markovich,  L. A. Martinez-Martinez,  S. A. Maurer,  N. J. Mayhall,  
 S. C. McKenzie,  J.-M. Mewes,  P. Morgante,  A. F. Morrison,  
 J. W. Mullinax,  K. Nanda,  T. S. Nguyen-Beck,  R. Olivares-Amaya,  
 J. A. Parkhill,  Zheng Pei,  T. M. Perrine,  F. Plasser,  P. Pokhilko,  
 S. Prager,  A. Prociuk,  E. Ramos,  D. R. Rehn,  F. Rob,  M. Scheurer,  
 M. Schneider,  N. Sergueev,  S. M. Sharada,  S. Sharma,  D. W. Small,  
 T. Stauch,  T. Stein,  Yu-Chuan Su,  A. J. W. Thom,  A. Tkatchenko,  
 T. Tsuchimochi,  N. M. Tubman,  L. Vogt,  M. L. Vidal,  O. Vydrov,  
 M. A. Watson,  J. Wenzel,  M. de Wergifosse,  T. A. Wesolowski,  A. White,  
 J. Witte,  A. Yamada,  Jun Yang,  K. Yao,  S. Yeganeh,  S. R. Yost,  
 Zhi-Qiang You,  A. Zech,  Igor Ying Zhang,  Xing Zhang,  Yan Zhao,  
 Ying Zhu,  B. R. Brooks,  G. K. L. Chan,  C. J. Cramer,  M. S. Gordon,  
 W. J. Hehre,  A. Klamt,  M. W. Schmidt,  C. D. Sherrill,  D. G. Truhlar,  
 A. Aspuru-Guzik,  R. Baer,  A. T. Bell,  N. A. Besley,  Jeng-Da Chai,  
 A. E. DePrince, III,  R. A. DiStasio Jr.,  A. Dreuw,  B. D. Dunietz,  
 T. R. Furlani,  Chao-Ping Hsu,  Yousung Jung,  Jing Kong,  D. S. Lambrecht,  
 WanZhen Liang,  C. Ochsenfeld,  V. A. Rassolov,  L. V. Slipchenko,  
 J. E. Subotnik,  T. Van Voorhis,  J. M. Herbert,  A. I. Krylov,  
 P. M. W. Gill,  M. Head-Gordon

 Contributors to earlier versions of Q-Chem not listed above: 
 R. D. Adamson,  B. Austin,  J. Baker,  G. J. O. Beran,  K. Brandhorst,  
 S. T. Brown,  E. F. C. Byrd,  A. K. Chakraborty,  C.-L. Cheng,  
 Siu Hung Chien,  D. M. Chipman,  D. L. Crittenden,  H. Dachsel,  
 R. J. Doerksen,  A. D. Dutoi,  L. Fusti-Molnar,  W. A. Goddard III,  
 A. Golubeva-Zadorozhnaya,  S. R. Gwaltney,  G. Hawkins,  A. Heyden,  
 S. Hirata,  G. Kedziora,  F. J. Keil,  C. Kelley,  Jihan Kim,  R. A. King,  
 R. Z. Khaliullin,  P. P. Korambath,  W. Kurlancheek,  A. M. Lee,  M. S. Lee,  
 S. V. Levchenko,  Ching Yeh Lin,  D. Liotard,  R. C. Lochan,  I. Lotan,  
 P. E. Maslen,  N. Nair,  D. P. O'Neill,  D. Neuhauser,  E. Neuscamman,  
 C. M. Oana,  R. Olson,  B. Peters,  R. Peverati,  P. A. Pieniazek,  
 Y. M. Rhee,  J. Ritchie,  M. A. Rohrdanz,  E. Rosta,  N. J. Russ,  
 H. F. Schaefer III,  N. E. Schultz,  N. Shenvi,  A. C. Simmonett,  A. Sodt,  
 D. Stuck,  K. S. Thanthiriwatte,  V. Vanovschi,  Tao Wang,  A. Warshel,  
 C. F. Williams,  Q. Wu,  X. Xu,  W. Zhang

 Please cite Q-Chem as follows:
 Y. Shao et al., Mol. Phys. 113, 184-215 (2015)
 DOI: 10.1080/00268976.2014.952696

 Q-Chem 5.2.0 for Intel X86 EM64T Linux

 Parts of Q-Chem use Armadillo 8.300.2 (Tropical Shenanigans).
 http://arma.sourceforge.net/

 Q-Chem begins on Sun Aug 15 15:15:40 2021  

Host: cori11
0

     Scratch files written to /tmp/qchem54478//Frg1//
 May1019 |scratch|qcdevops|jenkins|workspace|build_RNUM -1
Processing $rem in /global/common/cori/software/qchem/5.2/config/preferences:
	 MEM_TOTAL  96000 
NAlpha2: 2
NElect   2
Mult     1

Checking the input file for inconsistencies... 	...done.

--------------------------------------------------------------
User input:
--------------------------------------------------------------
$molecule
1 1
 3	-0.4090149000	-1.9140381600	0.0812915200
$end
$rem
EDA2		1
METHOD		WB97X-V
BASIS		DEF2-TZVPD
XC_GRID		000099000590
NL_GRID		1
UNRESTRICTED		FALSE
MAX_SCF_CYCLES		200
SYMMETRY		FALSE
SYM_IGNORE		TRUE
BASIS_LIN_DEP_THRESH		6
THRESH		14
SCF_CONVERGENCE		8
SCF_PRINT_FRGM		TRUE
!required keywords
JOBTYPE		SP
SYM_IGNORE		TRUE
SUBSYSTEM		TRUE
GEN_SCFMAN		TRUE
CHILD_INSTRUCTION		2
SYM_IGNORE		TRUE
SCFMI		0
RI_K 0		
PARI_K 0		
MIN_PARI_K 0		
IARI_K 0		
OCC_RI_K 0		
PURECART		1111
MEM_STATIC		2000
MEM_TOTAL		96000
GUI		0
CHILD_MP		1
CHILD_MP_ORDERS		232
FRZ_RELAX		0
FRZ_RELAX_METHOD		0
EDA_CLS_ELEC		1
EDA_CLS_DISP		0
FRZ_ORTHO_DECOMP		1
EDA2		FALSE
FRGM_METHOD		FALSE
CIS_N_ROOTS  0
LOCAL_CIS    0
CIS_RLX_DNS  1
$end
--------------------------------------------------------------
 ----------------------------------------------------------------
             Standard Nuclear Orientation (Angstroms)
    I     Atom           X                Y                Z
 ----------------------------------------------------------------
    1      Li     -0.4090149000    -1.9140381600     0.0812915200
 ----------------------------------------------------------------
 Nuclear Repulsion Energy =           0.00000000 hartrees
 There are        1 alpha and        1 beta electrons
 Requested basis set is def2-TZVPD
 There are 9 shells and 17 basis functions

 Total QAlloc Memory Limit  96000 MB
 Mega-Array Size      1956 MB
 MEM_STATIC part      2000 MB
 A cutoff of  1.0D-14 yielded     45 shell pairs
 There are       165 function pairs
 Smallest overlap matrix eigenvalue = 7.09E-02

 Scale SEOQF with 1.000000e-01/1.000000e-01/1.000000e-01

 Standard Electronic Orientation quadrupole field applied
 Nucleus-field energy     =     0.0000000008 hartrees
 Guess from superposition of atomic densities
 Warning:  Energy on first SCF cycle will be non-variational
 SAD guess density has 3.000000 electrons

 -----------------------------------------------------------------------
  General SCF calculation program by
  Eric Jon Sundstrom, Paul Horn, Yuezhi Mao, Dmitri Zuev, Alec White,
  David Stuck, Shaama M.S., Shane Yost, Joonho Lee, David Small,
  Daniel Levine, Susi Lehtola, Hugh Burton, Evgeny Epifanovsky
 -----------------------------------------------------------------------
 Exchange:     0.1670 Hartree-Fock + 1.0000 wB97X-V + LR-HF
 Correlation:  1.0000 wB97X-V
 Using Euler-Maclaurin-Lebedev (99,590) quadrature formula
 Nonlocal Correlation:  VV10 with C = 0.0100 and b = 6.00 and scale = 1.00000
 Grid used for NLC:  SG-1 standard quadrature
Energy prior to optimization (guess energy) = -7.278460151502
Begin Timing: Total SCF Calculation
begin iterations for algorithm: DIIS         
the SCF tolerance is set to 1.00e-08
    1      -7.2784601515      7.45e-04     00000 
    2      -7.2784679774      8.81e-05     00000 
    3      -7.2784680502      5.59e-06     00000 
    4      -7.2784680511      5.63e-08     00000 
    5      -7.2784680511      3.29e-10     00000 Convergence criterion met
Timing for Total SCF: 8.00s (wall), 13.74s (cpu)
Multipole orders to be included
        2
        3
computing dipole RHS
computing quadrupole RHS
total number of RHS in solve_reponses: 8
RHS batch sizes
        8
Beginning Block Conjugate Gradient Iterations. Batch Number: 0
computing hessian-vector products by finite difference
              1      9.51e-02     00000 Conjugate Gradient Iteration
computing hessian-vector products by finite difference
              2      6.41e-04     00000 Conjugate Gradient Iteration
computing hessian-vector products by finite difference
              3      9.80e-07     00000 Conjugate Gradient Iteration
computing hessian-vector products by finite difference
              4      2.41e-09     00000 CG Converged
batch 0 complete
Done Calculating Responses
TESTING ORTHOGONALIZATION OF MULTIPOLE BASIS
Multipole virts passed orthogonality test
Virts Per Order
        3
        0
 
 --------------------------------------------------------------
 
                    Orbital Energies (a.u.)
 --------------------------------------------------------------
 
 Alpha MOs
 -- Occupied --
 -2.4585
 -- Virtual --
 -0.1990  -0.1288  -0.1288  -0.1288  -0.0412  -0.0412  -0.0412  -0.0333
  0.3642   0.3642   0.3642   1.2079   5.5898   5.5898   5.5898  13.7809
 --------------------------------------------------------------
 
          Ground-State Mulliken Net Atomic Charges

     Atom                 Charge (a.u.)
  ----------------------------------------
      1 Li                    1.000000
  ----------------------------------------
  Sum of atomic charges =     1.000000

 -----------------------------------------------------------------
                    Cartesian Multipole Moments
 -----------------------------------------------------------------
    Charge (ESU x 10^10)
                 4.8032
    Dipole Moment (Debye)
         X      -1.9646      Y      -9.1935      Z       0.3905
       Tot       9.4092
    Quadrupole Moments (Debye-Ang)
        XX       0.3964     XY       3.7603     YY      17.1896
        XZ      -0.1597     YZ      -0.7474     ZZ      -0.3754
    Octopole Moments (Debye-Ang^2)
       XXX       0.1710    XXY      -0.7586    XYY      -7.0308
       YYY     -31.3427    XXZ       0.0322    XYZ       0.3057
       YYZ       1.3974    XZZ       0.1536    YZZ       0.7186
       ZZZ      -0.0967
    Hexadecapole Moments (Debye-Ang^3)
      XXXX      -0.3614   XXXY      -0.3273   XXYY       1.3549
      XYYY      12.8196   YYYY      55.4288   XXXZ       0.0139
      XXYZ      -0.0617   XYYZ      -0.5715   YYYZ      -2.5479
      XXZZ      -0.0945   XYZZ      -0.2939   YYZZ      -1.4072
      XZZZ       0.0396   YZZZ       0.1851   ZZZZ      -0.1030
 -----------------------------------------------------------------

 STANDARD THERMODYNAMIC QUANTITIES AT   298.15 K  AND     1.00 ATM

   Translational Enthalpy:        0.889 kcal/mol
   Rotational Enthalpy:           0.000 kcal/mol
   Vibrational Enthalpy:          0.000 kcal/mol
   gas constant (RT):             0.592 kcal/mol
   Translational Entropy:        31.798  cal/mol.K
   Rotational Entropy:            0.000  cal/mol.K
   Vibrational Entropy:           0.000  cal/mol.K

   Total Enthalpy:                1.481 kcal/mol
   Total Entropy:                31.798  cal/mol.K

 -----------------------------------------------------------------

Archival summary:
1\1\nid00559\SP\ProcedureUnspecified\BasisUnspecified\i1(1+,1)\meili\SunAug1515:16:392021SunAug1515:16:392021\0\\#,ProcedureUnspecified,BasisUnspecified,\\1,1\Li\\\@

 Total job time:  58.49s(wall), 110.49s(cpu) 
 Sun Aug 15 15:16:39 2021

        *************************************************************
        *                                                           *
        *  Thank you very much for using Q-Chem.  Have a nice day.  *
        *                                                           *
        *************************************************************


Done Job For Fragment 0
calling putenv with: QCSCRATCH=/global/cscratch1/sd/meili 
calling putenv with: QCLOCALSCR=/tmp 
calling putenv with: QCTHREADS=32 
Creating input file /tmp/qchem54478/Frg2.input
using default PutDataFrgm: nothing
calling putenv with: QCSCRATCH=/tmp/qchem54478/ 
calling putenv with: QCLOCALSCR=/tmp/qchem54478/ 
Spawning Job For Fragment 1
                  Welcome to Q-Chem
     A Quantum Leap Into The Future Of Chemistry


 Q-Chem 5.2, Q-Chem, Inc., Pleasanton, CA (2019)

 License issued to: National Energy Research Scientific Computing Center

 Yihan Shao,  Zhengting Gan,  E. Epifanovsky,  A. T. B. Gilbert,  M. Wormit,  
 J. Kussmann,  A. W. Lange,  A. Behn,  Jia Deng,  Xintian Feng,  D. Ghosh,  
 M. Goldey,  P. R. Horn,  L. D. Jacobson,  I. Kaliman,  T. Kus,  A. Landau,  
 Jie Liu,  E. I. Proynov,  R. M. Richard,  R. P. Steele,  E. J. Sundstrom,  
 H. L. Woodcock III,  P. M. Zimmerman,  D. Zuev,  B. Albrecht,  E. Alguire,  
 S. A. Baeppler,  D. Barton,  Z. Benda,  Y. A. Bernard,  E. J. Berquist,  
 K. B. Bravaya,  H. Burton,  D. Casanova,  Chun-Min Chang,  Yunqing Chen,  
 A. Chien,  K. D. Closser,  M. P. Coons,  S. Coriani,  S. Dasgupta,  
 A. L. Dempwolff,  M. Diedenhofen,  Hainam Do,  R. G. Edgar,  Po-Tung Fang,  
 S. Faraji,  S. Fatehi,  Qingguo Feng,  K. D. Fenk,  J. Fosso-Tande,  
 J. Gayvert,  Qinghui Ge,  A. Ghysels,  G. Gidofalvi,  J. Gomes,  
 J. Gonthier,  A. Gunina,  D. Hait,  M. W. D. Hanson-Heine,  
 P. H. P. Harbach,  A. W. Hauser,  M. F. Herbst,  J. E. Herr,  
 E. G. Hohenstein,  Z. C. Holden,  Kerwin Hui,  B. C. Huynh,  T.-C. Jagau,  
 Hyunjun Ji,  B. Kaduk,  K. Khistyaev,  Jaehoon Kim,  P. Klunzinger,  K. Koh,  
 D. Kosenkov,  L. Koulias,  T. Kowalczyk,  C. M. Krauter,  A. Kunitsa,  
 Ka Un Lao,  A. Laurent,  K. V. Lawler,  Joonho Lee,  D. Lefrancois,  
 S. Lehtola,  D. S. Levine,  Yi-Pei Li,  You-Sheng Lin,  Fenglai Liu,  
 E. Livshits,  A. Luenser,  P. Manohar,  E. Mansoor,  S. F. Manzer,  
 Shan-Ping Mao,  Yuezhi Mao,  N. Mardirossian,  A. V. Marenich,  
 T. Markovich,  L. A. Martinez-Martinez,  S. A. Maurer,  N. J. Mayhall,  
 S. C. McKenzie,  J.-M. Mewes,  P. Morgante,  A. F. Morrison,  
 J. W. Mullinax,  K. Nanda,  T. S. Nguyen-Beck,  R. Olivares-Amaya,  
 J. A. Parkhill,  Zheng Pei,  T. M. Perrine,  F. Plasser,  P. Pokhilko,  
 S. Prager,  A. Prociuk,  E. Ramos,  D. R. Rehn,  F. Rob,  M. Scheurer,  
 M. Schneider,  N. Sergueev,  S. M. Sharada,  S. Sharma,  D. W. Small,  
 T. Stauch,  T. Stein,  Yu-Chuan Su,  A. J. W. Thom,  A. Tkatchenko,  
 T. Tsuchimochi,  N. M. Tubman,  L. Vogt,  M. L. Vidal,  O. Vydrov,  
 M. A. Watson,  J. Wenzel,  M. de Wergifosse,  T. A. Wesolowski,  A. White,  
 J. Witte,  A. Yamada,  Jun Yang,  K. Yao,  S. Yeganeh,  S. R. Yost,  
 Zhi-Qiang You,  A. Zech,  Igor Ying Zhang,  Xing Zhang,  Yan Zhao,  
 Ying Zhu,  B. R. Brooks,  G. K. L. Chan,  C. J. Cramer,  M. S. Gordon,  
 W. J. Hehre,  A. Klamt,  M. W. Schmidt,  C. D. Sherrill,  D. G. Truhlar,  
 A. Aspuru-Guzik,  R. Baer,  A. T. Bell,  N. A. Besley,  Jeng-Da Chai,  
 A. E. DePrince, III,  R. A. DiStasio Jr.,  A. Dreuw,  B. D. Dunietz,  
 T. R. Furlani,  Chao-Ping Hsu,  Yousung Jung,  Jing Kong,  D. S. Lambrecht,  
 WanZhen Liang,  C. Ochsenfeld,  V. A. Rassolov,  L. V. Slipchenko,  
 J. E. Subotnik,  T. Van Voorhis,  J. M. Herbert,  A. I. Krylov,  
 P. M. W. Gill,  M. Head-Gordon

 Contributors to earlier versions of Q-Chem not listed above: 
 R. D. Adamson,  B. Austin,  J. Baker,  G. J. O. Beran,  K. Brandhorst,  
 S. T. Brown,  E. F. C. Byrd,  A. K. Chakraborty,  C.-L. Cheng,  
 Siu Hung Chien,  D. M. Chipman,  D. L. Crittenden,  H. Dachsel,  
 R. J. Doerksen,  A. D. Dutoi,  L. Fusti-Molnar,  W. A. Goddard III,  
 A. Golubeva-Zadorozhnaya,  S. R. Gwaltney,  G. Hawkins,  A. Heyden,  
 S. Hirata,  G. Kedziora,  F. J. Keil,  C. Kelley,  Jihan Kim,  R. A. King,  
 R. Z. Khaliullin,  P. P. Korambath,  W. Kurlancheek,  A. M. Lee,  M. S. Lee,  
 S. V. Levchenko,  Ching Yeh Lin,  D. Liotard,  R. C. Lochan,  I. Lotan,  
 P. E. Maslen,  N. Nair,  D. P. O'Neill,  D. Neuhauser,  E. Neuscamman,  
 C. M. Oana,  R. Olson,  B. Peters,  R. Peverati,  P. A. Pieniazek,  
 Y. M. Rhee,  J. Ritchie,  M. A. Rohrdanz,  E. Rosta,  N. J. Russ,  
 H. F. Schaefer III,  N. E. Schultz,  N. Shenvi,  A. C. Simmonett,  A. Sodt,  
 D. Stuck,  K. S. Thanthiriwatte,  V. Vanovschi,  Tao Wang,  A. Warshel,  
 C. F. Williams,  Q. Wu,  X. Xu,  W. Zhang

 Please cite Q-Chem as follows:
 Y. Shao et al., Mol. Phys. 113, 184-215 (2015)
 DOI: 10.1080/00268976.2014.952696

 Q-Chem 5.2.0 for Intel X86 EM64T Linux

 Parts of Q-Chem use Armadillo 8.300.2 (Tropical Shenanigans).
 http://arma.sourceforge.net/

 Q-Chem begins on Sun Aug 15 15:16:39 2021  

Host: cori11
0

     Scratch files written to /tmp/qchem54478//Frg2//
 May1019 |scratch|qcdevops|jenkins|workspace|build_RNUM -1
Processing $rem in /global/common/cori/software/qchem/5.2/config/preferences:
	 MEM_TOTAL  96000 
NAlpha2: 10
NElect   10
Mult     1

Checking the input file for inconsistencies... 	...done.

--------------------------------------------------------------
User input:
--------------------------------------------------------------
$molecule
0 1
 8	0.3902509900	-0.2364965300	-0.0217673000
 1	1.3319618000	-0.0379078700	-0.0950983100
 1	-0.0470894000	0.6239083400	-0.0134802500
$end
$rem
EDA2		1
METHOD		WB97X-V
BASIS		DEF2-TZVPD
XC_GRID		000099000590
NL_GRID		1
UNRESTRICTED		FALSE
MAX_SCF_CYCLES		200
SYMMETRY		FALSE
SYM_IGNORE		TRUE
BASIS_LIN_DEP_THRESH		6
THRESH		14
SCF_CONVERGENCE		8
SCF_PRINT_FRGM		TRUE
!required keywords
JOBTYPE		SP
SYM_IGNORE		TRUE
SUBSYSTEM		TRUE
GEN_SCFMAN		TRUE
CHILD_INSTRUCTION		2
SYM_IGNORE		TRUE
SCFMI		0
RI_K 0		
PARI_K 0		
MIN_PARI_K 0		
IARI_K 0		
OCC_RI_K 0		
PURECART		1111
MEM_STATIC		2000
MEM_TOTAL		96000
GUI		0
CHILD_MP		1
CHILD_MP_ORDERS		232
FRZ_RELAX		0
FRZ_RELAX_METHOD		0
EDA_CLS_ELEC		1
EDA_CLS_DISP		0
FRZ_ORTHO_DECOMP		1
EDA2		FALSE
FRGM_METHOD		FALSE
CIS_N_ROOTS  0
LOCAL_CIS    0
CIS_RLX_DNS  1
$end
--------------------------------------------------------------
 ----------------------------------------------------------------
             Standard Nuclear Orientation (Angstroms)
    I     Atom           X                Y                Z
 ----------------------------------------------------------------
    1      O       0.3902509900    -0.2364965300    -0.0217673000
    2      H       1.3319618000    -0.0379078700    -0.0950983100
    3      H      -0.0470894000     0.6239083400    -0.0134802500
 ----------------------------------------------------------------
 Nuclear Repulsion Energy =           9.11745988 hartrees
 There are        5 alpha and        5 beta electrons
 Requested basis set is def2-TZVPD
 There are 24 shells and 58 basis functions

 Total QAlloc Memory Limit  96000 MB
 Mega-Array Size      1956 MB
 MEM_STATIC part      2000 MB

                       Distance Matrix (Angstroms)
             O (  1)   H (  2)
   H (  2)  0.965212
   H (  3)  0.965211  1.531811
 
 A cutoff of  1.0D-14 yielded    300 shell pairs
 There are      1786 function pairs (      2194 Cartesian)
 Smallest overlap matrix eigenvalue = 1.99E-03

 Scale SEOQF with 1.000000e-01/1.000000e-01/1.000000e-01

 Standard Electronic Orientation quadrupole field applied
 Nucleus-field energy     =     0.0000000002 hartrees
 Guess from superposition of atomic densities
 Warning:  Energy on first SCF cycle will be non-variational
 SAD guess density has 9.825026 electrons

 -----------------------------------------------------------------------
  General SCF calculation program by
  Eric Jon Sundstrom, Paul Horn, Yuezhi Mao, Dmitri Zuev, Alec White,
  David Stuck, Shaama M.S., Shane Yost, Joonho Lee, David Small,
  Daniel Levine, Susi Lehtola, Hugh Burton, Evgeny Epifanovsky
 -----------------------------------------------------------------------
 Exchange:     0.1670 Hartree-Fock + 1.0000 wB97X-V + LR-HF
 Correlation:  1.0000 wB97X-V
 Using Euler-Maclaurin-Lebedev (99,590) quadrature formula
 Nonlocal Correlation:  VV10 with C = 0.0100 and b = 6.00 and scale = 1.00000
 Grid used for NLC:  SG-1 standard quadrature
Energy prior to optimization (guess energy) = -76.141868159711
Begin Timing: Total SCF Calculation
begin iterations for algorithm: DIIS         
the SCF tolerance is set to 1.00e-08
    1     -76.1418681597      3.30e-02     00000 
    2     -76.0452426061      3.62e-02     00000 
    3     -76.4338298399      1.50e-03     00000 
    4     -76.4346093346      1.55e-04     00000 
    5     -76.4346208981      3.41e-05     00000 
    6     -76.4346218546      5.83e-06     00000 
    7     -76.4346218910      1.01e-06     00000 
    8     -76.4346218923      1.11e-07     00000 
    9     -76.4346218923      1.42e-08     00000 
   10     -76.4346218923      2.42e-09     00000 Convergence criterion met
Timing for Total SCF: 33.00s (wall), 62.02s (cpu)
Multipole orders to be included
        2
        3
computing dipole RHS
computing quadrupole RHS
total number of RHS in solve_reponses: 8
RHS batch sizes
        8
Beginning Block Conjugate Gradient Iterations. Batch Number: 0
computing hessian-vector products by finite difference
              1      4.69e-01     00000 Conjugate Gradient Iteration
computing hessian-vector products by finite difference
              2      1.35e-01     00000 Conjugate Gradient Iteration
computing hessian-vector products by finite difference
              3      2.23e-02     00000 Conjugate Gradient Iteration
computing hessian-vector products by finite difference
              4      3.64e-03     00000 Conjugate Gradient Iteration
computing hessian-vector products by finite difference
              5      4.91e-04     00000 Conjugate Gradient Iteration
computing hessian-vector products by finite difference
              6      4.66e-05     00000 Conjugate Gradient Iteration
computing hessian-vector products by finite difference
              7      3.67e-06     00000 Conjugate Gradient Iteration
computing hessian-vector products by finite difference
              8      2.13e-07     00000 Conjugate Gradient Iteration
computing hessian-vector products by finite difference
              9      1.64e-08     00000 Conjugate Gradient Iteration
computing hessian-vector products by finite difference
             10      3.42e-09     00000 CG Converged
batch 0 complete
Done Calculating Responses
TESTING ORTHOGONALIZATION OF MULTIPOLE BASIS
Multipole virts passed orthogonality test
Virts Per Order
        15
        24
 
 --------------------------------------------------------------
 
                    Orbital Energies (a.u.)
 --------------------------------------------------------------
 
 Alpha MOs
 -- Occupied --
-19.2201  -1.1430  -0.6460  -0.5051  -0.4295
 -- Virtual --
  0.0614   0.1014   0.1297   0.1308   0.2049   0.2297   0.2572   0.2743
  0.2890   0.3301   0.3427   0.3850   0.4965   0.5046   0.5343   0.5838
  0.5958   0.7296   0.7834   0.7897   0.7985   0.9788   1.0609   1.6007
  1.6785   1.6930   1.8173   1.8423   1.9387   2.1936   2.2577   2.3812
  2.6027   2.6443   2.8415   2.8932   2.9195   3.1902   3.8721   4.0909
  5.2033   5.3405   5.5103   5.5589   5.5871   6.1538   6.3882   6.5493
  6.6102   6.6206   7.0448   7.1553  43.7278
 --------------------------------------------------------------
 
          Ground-State Mulliken Net Atomic Charges

     Atom                 Charge (a.u.)
  ----------------------------------------
      1 O                    -0.607541
      2 H                     0.303771
      3 H                     0.303770
  ----------------------------------------
  Sum of atomic charges =     0.000000

 -----------------------------------------------------------------
                    Cartesian Multipole Moments
 -----------------------------------------------------------------
    Charge (ESU x 10^10)
                 0.0000
    Dipole Moment (Debye)
         X       0.8042      Y       1.6886      Z      -0.1037
       Tot       1.8732
    Quadrupole Moments (Debye-Ang)
        XX      -4.0826     XY      -0.1539     YY      -6.4937
        XZ      -0.2672     YZ      -0.0254     ZZ      -7.8236
    Octopole Moments (Debye-Ang^2)
       XXX      -4.3927    XXY       0.8581    XYY      -3.1220
       YYY       3.8605    XXZ      -0.1925    XYZ       0.0185
       YYZ       0.1862    XZZ      -3.3406    YZZ       1.2071
       ZZZ       0.6294
    Hexadecapole Moments (Debye-Ang^3)
      XXXX      -9.2609   XXXY       1.1397   XXYY      -4.1381
      XYYY       1.3609   YYYY      -8.7415   XXXZ      -0.2623
      XXYZ      -0.0053   XYYZ       0.0840   YYYZ      -0.0944
      XXZZ      -4.1232   XYZZ       0.5352   YYZZ      -2.8716
      XZZZ       0.2865   YZZZ      -0.0961   ZZZZ      -7.8934
 -----------------------------------------------------------------
Archival summary:
1\1\nid00559\SP\ProcedureUnspecified\BasisUnspecified\12\meili\SunAug1515:26:302021SunAug1515:26:302021\0\\#,ProcedureUnspecified,BasisUnspecified,\\0,1\O\H,1,0.965211\H,1,0.965212,2,105.03\\\@

 Total job time:  590.54s(wall), 1124.50s(cpu) 
 Sun Aug 15 15:26:30 2021

        *************************************************************
        *                                                           *
        *  Thank you very much for using Q-Chem.  Have a nice day.  *
        *                                                           *
        *************************************************************


Done Job For Fragment 1
calling putenv with: QCSCRATCH=/global/cscratch1/sd/meili 
calling putenv with: QCLOCALSCR=/tmp 
calling putenv with: QCTHREADS=32 
Doing General SCFMI
 Exchange:     0.1670 Hartree-Fock + 1.0000 wB97X-V + LR-HF
 Correlation:  1.0000 wB97X-V
 Using Euler-Maclaurin-Lebedev (99,590) quadrature formula
 Nonlocal Correlation:  VV10 with C = 0.0100 and b = 6.00 and scale = 1.00000
 Grid used for NLC:  SG-1 standard quadrature
performing fock build before subrot guess so that all methods have access
Printing subrot_rss_gen Method Specification:
Occupied Subspace Method is 0
Virtual Subspace Method is 0
Energy of the unrelaxed supersystem initial determinant -83.746896080469
write pseudocanon occs and virts to disk
write pseudocanon orbital energies to disk
Tolerance of ortho_decomp_scf: 1.00e-06
GDM subspace size: 20
Beginning the Orthogonal Decomposition of the Initial Supersystem Wavefunction
    1     -83.6875624668      3.06e-01     ortho_decomp Preconditoned Steepest Descent
    2     -83.6886599494      3.12e-03     ortho_decomp BFGS Step
    3     -83.6886601572      5.97e-05     ortho_decomp BFGS Step
    4     -83.6886601575      3.37e-06     ortho_decomp BFGS Step
    5     -83.6886601575      5.78e-08     ortho_decomp 00000 Convergence criterion met
 Hartree-Fock
 Hartree-Fock
 Hartree-Fock
Doing General SCFMI
 Exchange:     0.1670 Hartree-Fock + 1.0000 wB97X-V + LR-HF
 Correlation:  1.0000 wB97X-V
 Using Euler-Maclaurin-Lebedev (99,590) quadrature formula
 Nonlocal Correlation:  VV10 with C = 0.0100 and b = 6.00 and scale = 1.00000
 Grid used for NLC:  SG-1 standard quadrature
performing fock build at end of subrot_r(subrot) constructor so that all methods have access
<S^2> of initial wavefunction before polarization iterations 0.0000000000
Beginning iterations for the determination of the polarized wavefunction
Energy prior to optimization (guess energy) = -83.746896080469
Begin Timing: Total SCF Calculation
begin iterations for algorithm: DIIS         
the SCF tolerance is set to 1.00e-08
    1     -83.7468960805      3.09e-03     00000 
    2     -83.7611888690      1.54e-03     00000 
    3     -83.7626202655      6.65e-04     00000 
    4     -83.7629652983      1.25e-04     00000 
    5     -83.7629895642      2.57e-05     00000 
    6     -83.7629910955      3.51e-06     00000 
    7     -83.7629911433      3.57e-07     00000 
    8     -83.7629911436      4.44e-08     00000 
    9     -83.7629911436      4.26e-09     00000 Convergence criterion met
write pseudocanon occs and virts to disk
write pseudocanon orbital energies to disk
Timing for Total SCF: 33.00s (wall), 63.77s (cpu)
<S^2> of polarized wavefunction after polarization iterations 0.0000000000
relaxing scfmi constraint to allow all rotations in the entire AO span
Doing General SCFMI
 Exchange:     0.1670 Hartree-Fock + 1.0000 wB97X-V + LR-HF
 Correlation:  1.0000 wB97X-V
 Using Euler-Maclaurin-Lebedev (99,590) quadrature formula
 Nonlocal Correlation:  VV10 with C = 0.0100 and b = 6.00 and scale = 1.00000
 Grid used for NLC:  SG-1 standard quadrature
performing fock build at end of subrot_r(subrot) constructor so that all methods have access
<S^2> of polarized wavefunction before ct-allowed iterations 0.0000000000
Beginning iterations for the determination of the CT-Allowed wavefunction
Energy prior to optimization (guess energy) = -83.762991143644
Begin Timing: Total SCF Calculation
begin iterations for algorithm: DIIS         
the SCF tolerance is set to 1.00e-08
    1     -83.7629911436      1.47e-03     00000 
    2     -83.7677383278      1.79e-04     00000 
    3     -83.7678884344      6.14e-05     00000 
    4     -83.7678950238      3.67e-05     00000 
    5     -83.7678976180      3.31e-06     00000 
    6     -83.7678976522      4.05e-07     00000 
    7     -83.7678976536      5.57e-08     00000 
    8     -83.7678976537      1.01e-08     00000 
    9     -83.7678976537      1.22e-09     00000 Convergence criterion met
write pseudocanon occs and virts to disk
write pseudocanon orbital energies to disk
Timing for Total SCF: 34.00s (wall), 65.11s (cpu)
<S^2> of ct_allowed wavefunction after ct-allowed iterations 0.0000000000

================================
        Results of EDA2         
================================
Basic EDA Quantities
--------------------
Fragment Energies (Ha):
1   -7.2784680511
2  -76.4346218923
--------------------
  E_prp (kJ/mol) = -0.0000
  E_frz (kJ/mol) = -88.7591
  E_pol (kJ/mol) = -42.2581
  E_vct (kJ/mol) = -12.8822
  E_int (kJ/mol) = -143.8994
--------------------


Initial Wavefunction Decomposition
--------------------
  --------------------
  Orthogonal Fragment Subspace Decomposition:
  --------------------
     E_elec   (ELEC)   (kJ/mol) = -141.9383
     E_pauli  (PAULI)  (kJ/mol) = 57.0955
     E_disp   (DISP)   (kJ/mol) = -3.9163
     --------------------
     Terms summing to E_pauli:
     --------------------
        E_kep_pauli       (kJ/mol) = 64.1412
        E_disp_free_pauli (kJ/mol) = -7.0457
  --------------------
  Classical Frozen Decomposition:
  --------------------
     E_cls_elec  (CLS ELEC)  (kJ/mol) = -133.0331
     E_cls_pauli (CLS PAULI) (kJ/mol) = 44.2740
    [E_mod_pauli (MOD PAULI) (kJ/mol) = 48.1903 (CLS PAULI - DISP from orthogonal decomposition) ]
  --------------------
--------------------

Simplified EDA Summary (kJ/mol)
--------------------
 PREPARATION     -0.0000
 FROZEN          -84.8428      (does not include dispersion)
[PAULI           57.0955]     (if this is negligible, then frozen describes electrostatics)
 DISPERSION      -3.9163
 POLARIZATION    -42.2581
 CHARGE TRANSFER -12.8822
 TOTAL           -143.8994     (PRP + FRZ + DISP + POL + CT)
--------------------
 
 --------------------------------------------------------------
 
                    Orbital Energies (a.u.)
 --------------------------------------------------------------
 
 Alpha MOs
 -- Occupied --
-19.4646  -2.3708  -1.3887  -0.8877  -0.7852  -0.6796
 -- Virtual --
 -0.1586  -0.1080  -0.1038  -0.0965  -0.0409  -0.0382  -0.0244  -0.0199
 -0.0195   0.0010   0.0031   0.0702   0.0776   0.0942   0.1189   0.1461
  0.1726   0.1832   0.2377   0.2396   0.2445   0.2758   0.3311   0.3773
  0.3774   0.4738   0.4921   0.5058   0.5716   0.5991   0.6802   0.7724
  0.7976   0.9123   1.3699   1.4752   1.4927   1.5601   1.6162   1.6754
  1.7181   1.9592   2.0186   2.2025   2.4254   2.4536   2.6753   2.6914
  2.6942   2.9771   3.6674   3.8590   4.9385   5.0863   5.2607   5.3043
  5.3322   5.7080   5.7402   5.8936   5.9111   6.1529   6.3062   6.3600
  6.4482   6.8071   6.9092  14.3073  43.5505
 --------------------------------------------------------------
 
          Ground-State Mulliken Net Atomic Charges

     Atom                 Charge (a.u.)
  ----------------------------------------
      1 Li                    0.930820
      2 O                    -0.594371
      3 H                     0.331764
      4 H                     0.331786
  ----------------------------------------
  Sum of atomic charges =     1.000000

 -----------------------------------------------------------------
                    Cartesian Multipole Moments
 -----------------------------------------------------------------
    Charge (ESU x 10^10)
                 4.8032
    Dipole Moment (Debye)
         X      -0.6069      Y      -6.3432      Z       0.2154
       Tot       6.3759
    Quadrupole Moments (Debye-Ang)
        XX      -2.8832     XY       3.7987     YY      10.3076
        XZ      -0.4708     YZ      -0.7689     ZZ      -7.9278
    Octopole Moments (Debye-Ang^2)
       XXX      -2.6670    XXY       0.5994    XYY      -9.9002
       YYY     -25.5402    XXZ      -0.2355    XYZ       0.3233
       YYZ       1.5372    XZZ      -2.8346    YZZ       2.3770
       ZZZ       0.4201
    Hexadecapole Moments (Debye-Ang^3)
      XXXX      -6.6639   XXXY       1.1479   XXYY      -2.5956
      XYYY      14.2664   YYYY      45.3317   XXXZ      -0.3526
      XXYZ      -0.0683   XYYZ      -0.4955   YYYZ      -2.6084
      XXZZ      -3.6659   XYZZ       0.3321   YYZZ      -4.2371
      XZZZ       0.2747   YZZZ       0.0940   ZZZZ      -6.9542
 -----------------------------------------------------------------
Archival summary:
1\1\nid00559\SP\ProcedureUnspecified\BasisUnspecified\1i12(1+,1)\meili\SunAug1515:28:382021SunAug1515:28:382021\0\\#,ProcedureUnspecified,BasisUnspecified,\\1,1\O\H,1,0.965211\H,1,0.965212,2,105.03\Li,1,1.86107,2,127.477,3,180,0\\\@

 Total job time:  779.87s(wall), 248.90s(cpu) 
 Sun Aug 15 15:28:38 2021

        *************************************************************
        *                                                           *
        *  Thank you very much for using Q-Chem.  Have a nice day.  *
        *                                                           *
        *************************************************************


