
Running Job 1 of 1 qchem_eda_03_li_cation_c6h6.in
qchem qchem_eda_03_li_cation_c6h6.in_52406.0 /tmp/qchem52406/ 0
/global/common/cori/software/qchem/5.2/exe/qcprog.exe_s qchem_eda_03_li_cation_c6h6.in_52406.0 /tmp/qchem52406/
                  Welcome to Q-Chem
     A Quantum Leap Into The Future Of Chemistry


 Q-Chem 5.2, Q-Chem, Inc., Pleasanton, CA (2019)

 License issued to: National Energy Research Scientific Computing Center

 Yihan Shao,  Zhengting Gan,  E. Epifanovsky,  A. T. B. Gilbert,  M. Wormit,  
 J. Kussmann,  A. W. Lange,  A. Behn,  Jia Deng,  Xintian Feng,  D. Ghosh,  
 M. Goldey,  P. R. Horn,  L. D. Jacobson,  I. Kaliman,  T. Kus,  A. Landau,  
 Jie Liu,  E. I. Proynov,  R. M. Richard,  R. P. Steele,  E. J. Sundstrom,  
 H. L. Woodcock III,  P. M. Zimmerman,  D. Zuev,  B. Albrecht,  E. Alguire,  
 S. A. Baeppler,  D. Barton,  Z. Benda,  Y. A. Bernard,  E. J. Berquist,  
 K. B. Bravaya,  H. Burton,  D. Casanova,  Chun-Min Chang,  Yunqing Chen,  
 A. Chien,  K. D. Closser,  M. P. Coons,  S. Coriani,  S. Dasgupta,  
 A. L. Dempwolff,  M. Diedenhofen,  Hainam Do,  R. G. Edgar,  Po-Tung Fang,  
 S. Faraji,  S. Fatehi,  Qingguo Feng,  K. D. Fenk,  J. Fosso-Tande,  
 J. Gayvert,  Qinghui Ge,  A. Ghysels,  G. Gidofalvi,  J. Gomes,  
 J. Gonthier,  A. Gunina,  D. Hait,  M. W. D. Hanson-Heine,  
 P. H. P. Harbach,  A. W. Hauser,  M. F. Herbst,  J. E. Herr,  
 E. G. Hohenstein,  Z. C. Holden,  Kerwin Hui,  B. C. Huynh,  T.-C. Jagau,  
 Hyunjun Ji,  B. Kaduk,  K. Khistyaev,  Jaehoon Kim,  P. Klunzinger,  K. Koh,  
 D. Kosenkov,  L. Koulias,  T. Kowalczyk,  C. M. Krauter,  A. Kunitsa,  
 Ka Un Lao,  A. Laurent,  K. V. Lawler,  Joonho Lee,  D. Lefrancois,  
 S. Lehtola,  D. S. Levine,  Yi-Pei Li,  You-Sheng Lin,  Fenglai Liu,  
 E. Livshits,  A. Luenser,  P. Manohar,  E. Mansoor,  S. F. Manzer,  
 Shan-Ping Mao,  Yuezhi Mao,  N. Mardirossian,  A. V. Marenich,  
 T. Markovich,  L. A. Martinez-Martinez,  S. A. Maurer,  N. J. Mayhall,  
 S. C. McKenzie,  J.-M. Mewes,  P. Morgante,  A. F. Morrison,  
 J. W. Mullinax,  K. Nanda,  T. S. Nguyen-Beck,  R. Olivares-Amaya,  
 J. A. Parkhill,  Zheng Pei,  T. M. Perrine,  F. Plasser,  P. Pokhilko,  
 S. Prager,  A. Prociuk,  E. Ramos,  D. R. Rehn,  F. Rob,  M. Scheurer,  
 M. Schneider,  N. Sergueev,  S. M. Sharada,  S. Sharma,  D. W. Small,  
 T. Stauch,  T. Stein,  Yu-Chuan Su,  A. J. W. Thom,  A. Tkatchenko,  
 T. Tsuchimochi,  N. M. Tubman,  L. Vogt,  M. L. Vidal,  O. Vydrov,  
 M. A. Watson,  J. Wenzel,  M. de Wergifosse,  T. A. Wesolowski,  A. White,  
 J. Witte,  A. Yamada,  Jun Yang,  K. Yao,  S. Yeganeh,  S. R. Yost,  
 Zhi-Qiang You,  A. Zech,  Igor Ying Zhang,  Xing Zhang,  Yan Zhao,  
 Ying Zhu,  B. R. Brooks,  G. K. L. Chan,  C. J. Cramer,  M. S. Gordon,  
 W. J. Hehre,  A. Klamt,  M. W. Schmidt,  C. D. Sherrill,  D. G. Truhlar,  
 A. Aspuru-Guzik,  R. Baer,  A. T. Bell,  N. A. Besley,  Jeng-Da Chai,  
 A. E. DePrince, III,  R. A. DiStasio Jr.,  A. Dreuw,  B. D. Dunietz,  
 T. R. Furlani,  Chao-Ping Hsu,  Yousung Jung,  Jing Kong,  D. S. Lambrecht,  
 WanZhen Liang,  C. Ochsenfeld,  V. A. Rassolov,  L. V. Slipchenko,  
 J. E. Subotnik,  T. Van Voorhis,  J. M. Herbert,  A. I. Krylov,  
 P. M. W. Gill,  M. Head-Gordon

 Contributors to earlier versions of Q-Chem not listed above: 
 R. D. Adamson,  B. Austin,  J. Baker,  G. J. O. Beran,  K. Brandhorst,  
 S. T. Brown,  E. F. C. Byrd,  A. K. Chakraborty,  C.-L. Cheng,  
 Siu Hung Chien,  D. M. Chipman,  D. L. Crittenden,  H. Dachsel,  
 R. J. Doerksen,  A. D. Dutoi,  L. Fusti-Molnar,  W. A. Goddard III,  
 A. Golubeva-Zadorozhnaya,  S. R. Gwaltney,  G. Hawkins,  A. Heyden,  
 S. Hirata,  G. Kedziora,  F. J. Keil,  C. Kelley,  Jihan Kim,  R. A. King,  
 R. Z. Khaliullin,  P. P. Korambath,  W. Kurlancheek,  A. M. Lee,  M. S. Lee,  
 S. V. Levchenko,  Ching Yeh Lin,  D. Liotard,  R. C. Lochan,  I. Lotan,  
 P. E. Maslen,  N. Nair,  D. P. O'Neill,  D. Neuhauser,  E. Neuscamman,  
 C. M. Oana,  R. Olson,  B. Peters,  R. Peverati,  P. A. Pieniazek,  
 Y. M. Rhee,  J. Ritchie,  M. A. Rohrdanz,  E. Rosta,  N. J. Russ,  
 H. F. Schaefer III,  N. E. Schultz,  N. Shenvi,  A. C. Simmonett,  A. Sodt,  
 D. Stuck,  K. S. Thanthiriwatte,  V. Vanovschi,  Tao Wang,  A. Warshel,  
 C. F. Williams,  Q. Wu,  X. Xu,  W. Zhang

 Please cite Q-Chem as follows:
 Y. Shao et al., Mol. Phys. 113, 184-215 (2015)
 DOI: 10.1080/00268976.2014.952696

 Q-Chem 5.2.0 for Intel X86 EM64T Linux

 Parts of Q-Chem use Armadillo 8.300.2 (Tropical Shenanigans).
 http://arma.sourceforge.net/

 Q-Chem begins on Sun Aug 15 15:15:39 2021  

Host: cori11
0

     Scratch files written to /tmp/qchem52406//
 May1019 |scratch|qcdevops|jenkins|workspace|build_RNUM -1
Processing $rem in /global/common/cori/software/qchem/5.2/config/preferences:
	 MEM_TOTAL  96000 
NAlpha2: 44
NElect   44
Mult     1

 Q-Chem warning in module libgen/rem_setup.C, line 2803:

 Neither GIA nor STOLL is specified by user. Use STOLL as the default


Checking the input file for inconsistencies... 	...done.

--------------------------------------------------------------
User input:
--------------------------------------------------------------
$comment
CHB6-25
$end

$molecule
1 1
--
1 1
Li     0.13264924      0.24835275      1.29356240
--
0 1
C      0.12783358      1.52167097     -0.71020886
C     -1.11618867      0.85156686     -0.63398202
C     -1.15478517     -0.55923775     -0.53114258
C      0.05064658     -1.29995701     -0.50448707
C      1.29467927     -0.62985335     -0.58060630
C      1.33327260      0.78095795     -0.68347284
H      2.22615477     -1.20257903     -0.56427880
H      2.29457156      1.29849347     -0.74663942
H      0.15756124      2.61162294     -0.79415915
H     -2.04785457      1.42366814     -0.65898704
H     -2.11627346     -1.07741082     -0.47671133
H      0.02072735     -2.39055355     -0.42945055
$end

$rem
JOBTYPE			EDA
EDA2			1
method			wB97X-V
BASIS			def2-TZVPD
XC_GRID			000099000590
NL_GRID			1
UNRESTRICTED		FALSE
MAX_SCF_CYCLES		200
SYMMETRY		FALSE
SYM_IGNORE		TRUE
MEM_STATIC		2000
BASIS_LIN_DEP_THRESH 	6
THRESH 			14
SCF_CONVERGENCE 	8
SCF_PRINT_FRGM 		TRUE
$end
--------------------------------------------------------------
 ----------------------------------------------------------------
             Standard Nuclear Orientation (Angstroms)
    I     Atom           X                Y                Z
 ----------------------------------------------------------------
    1      Li      0.1326492400     0.2483527500     1.2935624000
    2      C       0.1278335800     1.5216709700    -0.7102088600
    3      C      -1.1161886700     0.8515668600    -0.6339820200
    4      C      -1.1547851700    -0.5592377500    -0.5311425800
    5      C       0.0506465800    -1.2999570100    -0.5044870700
    6      C       1.2946792700    -0.6298533500    -0.5806063000
    7      C       1.3332726000     0.7809579500    -0.6834728400
    8      H       2.2261547700    -1.2025790300    -0.5642788000
    9      H       2.2945715600     1.2984934700    -0.7466394200
   10      H       0.1575612400     2.6116229400    -0.7941591500
   11      H      -2.0478545700     1.4236681400    -0.6589870400
   12      H      -2.1162734600    -1.0774108200    -0.4767113300
   13      H       0.0207273500    -2.3905535500    -0.4294505500
 ----------------------------------------------------------------
 Nuclear Repulsion Energy =         227.84379205 hartrees
 There are       22 alpha and       22 beta electrons
 Requested basis set is def2-TZVPD
 There are 117 shells and 293 basis functions

 Total QAlloc Memory Limit  96000 MB
 Mega-Array Size      1956 MB
 MEM_STATIC part      2000 MB

                       Distance Matrix (Angstroms)
             Li(  1)   C (  2)   C (  3)   C (  4)   C (  5)   C (  6)
   C (  2)  2.374123
   C (  3)  2.374635  1.415076
   C (  4)  2.374708  2.450991  1.415074
   C (  5)  2.374230  2.830170  2.450985  1.415076
   C (  6)  2.373619  2.450996  2.830148  2.450981  1.415080
   C (  7)  2.373570  1.415081  2.450978  2.830152  2.450994  1.415083
   H (  8)  3.152704  3.441771  3.923727  3.441764  2.178507  1.093585
   H (  9)  3.152638  2.178506  3.441761  3.923731  3.441770  2.178502
   H ( 10)  3.153450  1.093584  2.178507  3.441771  3.923748  3.441774
   H ( 11)  3.154110  2.178497  1.093584  2.178493  3.441760  3.923726
   H ( 12)  3.154231  3.441768  2.178499  1.093584  2.178495  3.441758
   H ( 13)  3.153589  3.923748  3.441766  2.178506  1.093584  2.178501
             C (  7)   H (  8)   H (  9)   H ( 10)   H ( 11)   H ( 12)
   H (  8)  2.178501
   H (  9)  1.093585  2.508645
   H ( 10)  2.178505  4.345119  2.508661
   H ( 11)  3.441758  5.017300  4.345114  2.508658
   H ( 12)  3.923729  4.345114  5.017304  4.345120  2.508645
   H ( 13)  3.441771  2.508659  4.345117  5.017321  4.345113  2.508655

 
 A cutoff of  1.0D-14 yielded   6765 shell pairs
 There are     43245 function pairs (     54693 Cartesian)
 Smallest overlap matrix eigenvalue = 7.93E-07
 Linear dependence detected in AO basis
 Tighter screening thresholds may be required for diffuse basis sets
 Use S2THRESH > 14 and THRESH = 14 in case of SCF convergence issues
 Number of orthogonalized atomic orbitals = 292
 Maximum deviation from orthogonality = 1.511E-10

 Scale SEOQF with 1.000000e-01/1.000000e-01/1.000000e-01

 Standard Electronic Orientation quadrupole field applied
 Nucleus-field energy     =     0.0000000037 hartrees

 -----------------------------------------------------------------------
  General SCF calculation program by
  Eric Jon Sundstrom, Paul Horn, Yuezhi Mao, Dmitri Zuev, Alec White,
  David Stuck, Shaama M.S., Shane Yost, Joonho Lee, David Small,
  Daniel Levine, Susi Lehtola, Hugh Burton, Evgeny Epifanovsky
 -----------------------------------------------------------------------
================================================================
                 ALMO-EDA with the EDA2 driver                  
================================================================
 The second-generation ALMO-EDA (for DFT):                      
 P. R. Horn, Y. Mao and M. Head-Gordon, PCCP, 18, 23067 (2016)  
 Decomposition of the frozen energy:                            
 P. R. Horn, Y. Mao and M. Head-Gordon, JCP, 144, 114107 (2016) 
 FERF model for polarization:                                   
 P. R. Horn and M. Head-Gordon, JCP, 143, 114111 (2015)         
Using eda2 option set 1
Option set summary: Frozen orbital wavefunction, initial wavefunction decomposition, and nDQ polarization.
--------------------------------
Printing EDA Options
--------------------------------
eda_child_super_basis      0
fragmo_guess_mode          0
child_mp                   1
child_mp_orders            232
cls_elec                   1
cls_disp                   0
scfmi_mode                 1
scfmi_occs                 0
scfmi_virts                0
frz_relax                  0
frz_relax_method           0
dc_pen_start               0
dc_pen_conv                0
dc_pen_increment           0
dc_pen_steps               0
dc_pen_thresh_factor       0
dc_pen_pre_newton_thresh   0
frz_ortho_decomp           1
frz_ortho_decomp_conv      6
frgm_method                2
scfmi_freeze_ss            0
separate_rehyb             0
plot_diff_den              0
eda_nocv                   0
eda_vct_relax              1
disp_free_x                0
disp_free_c                0
eda_bsse                   0
eda_pct_a                  0
eda_covp                   0
--------------------------------
Attempting to make child job directory: /tmp/qchem52406//Frg1/
Attempting to make child job directory: /tmp/qchem52406//Frg2/
Creating input file /tmp/qchem52406/Frg1.input
using default PutDataFrgm: nothing
calling putenv with: QCSCRATCH=/tmp/qchem52406/ 
calling putenv with: QCLOCALSCR=/tmp/qchem52406/ 
Spawning Job For Fragment 0
                  Welcome to Q-Chem
     A Quantum Leap Into The Future Of Chemistry


 Q-Chem 5.2, Q-Chem, Inc., Pleasanton, CA (2019)

 License issued to: National Energy Research Scientific Computing Center

 Yihan Shao,  Zhengting Gan,  E. Epifanovsky,  A. T. B. Gilbert,  M. Wormit,  
 J. Kussmann,  A. W. Lange,  A. Behn,  Jia Deng,  Xintian Feng,  D. Ghosh,  
 M. Goldey,  P. R. Horn,  L. D. Jacobson,  I. Kaliman,  T. Kus,  A. Landau,  
 Jie Liu,  E. I. Proynov,  R. M. Richard,  R. P. Steele,  E. J. Sundstrom,  
 H. L. Woodcock III,  P. M. Zimmerman,  D. Zuev,  B. Albrecht,  E. Alguire,  
 S. A. Baeppler,  D. Barton,  Z. Benda,  Y. A. Bernard,  E. J. Berquist,  
 K. B. Bravaya,  H. Burton,  D. Casanova,  Chun-Min Chang,  Yunqing Chen,  
 A. Chien,  K. D. Closser,  M. P. Coons,  S. Coriani,  S. Dasgupta,  
 A. L. Dempwolff,  M. Diedenhofen,  Hainam Do,  R. G. Edgar,  Po-Tung Fang,  
 S. Faraji,  S. Fatehi,  Qingguo Feng,  K. D. Fenk,  J. Fosso-Tande,  
 J. Gayvert,  Qinghui Ge,  A. Ghysels,  G. Gidofalvi,  J. Gomes,  
 J. Gonthier,  A. Gunina,  D. Hait,  M. W. D. Hanson-Heine,  
 P. H. P. Harbach,  A. W. Hauser,  M. F. Herbst,  J. E. Herr,  
 E. G. Hohenstein,  Z. C. Holden,  Kerwin Hui,  B. C. Huynh,  T.-C. Jagau,  
 Hyunjun Ji,  B. Kaduk,  K. Khistyaev,  Jaehoon Kim,  P. Klunzinger,  K. Koh,  
 D. Kosenkov,  L. Koulias,  T. Kowalczyk,  C. M. Krauter,  A. Kunitsa,  
 Ka Un Lao,  A. Laurent,  K. V. Lawler,  Joonho Lee,  D. Lefrancois,  
 S. Lehtola,  D. S. Levine,  Yi-Pei Li,  You-Sheng Lin,  Fenglai Liu,  
 E. Livshits,  A. Luenser,  P. Manohar,  E. Mansoor,  S. F. Manzer,  
 Shan-Ping Mao,  Yuezhi Mao,  N. Mardirossian,  A. V. Marenich,  
 T. Markovich,  L. A. Martinez-Martinez,  S. A. Maurer,  N. J. Mayhall,  
 S. C. McKenzie,  J.-M. Mewes,  P. Morgante,  A. F. Morrison,  
 J. W. Mullinax,  K. Nanda,  T. S. Nguyen-Beck,  R. Olivares-Amaya,  
 J. A. Parkhill,  Zheng Pei,  T. M. Perrine,  F. Plasser,  P. Pokhilko,  
 S. Prager,  A. Prociuk,  E. Ramos,  D. R. Rehn,  F. Rob,  M. Scheurer,  
 M. Schneider,  N. Sergueev,  S. M. Sharada,  S. Sharma,  D. W. Small,  
 T. Stauch,  T. Stein,  Yu-Chuan Su,  A. J. W. Thom,  A. Tkatchenko,  
 T. Tsuchimochi,  N. M. Tubman,  L. Vogt,  M. L. Vidal,  O. Vydrov,  
 M. A. Watson,  J. Wenzel,  M. de Wergifosse,  T. A. Wesolowski,  A. White,  
 J. Witte,  A. Yamada,  Jun Yang,  K. Yao,  S. Yeganeh,  S. R. Yost,  
 Zhi-Qiang You,  A. Zech,  Igor Ying Zhang,  Xing Zhang,  Yan Zhao,  
 Ying Zhu,  B. R. Brooks,  G. K. L. Chan,  C. J. Cramer,  M. S. Gordon,  
 W. J. Hehre,  A. Klamt,  M. W. Schmidt,  C. D. Sherrill,  D. G. Truhlar,  
 A. Aspuru-Guzik,  R. Baer,  A. T. Bell,  N. A. Besley,  Jeng-Da Chai,  
 A. E. DePrince, III,  R. A. DiStasio Jr.,  A. Dreuw,  B. D. Dunietz,  
 T. R. Furlani,  Chao-Ping Hsu,  Yousung Jung,  Jing Kong,  D. S. Lambrecht,  
 WanZhen Liang,  C. Ochsenfeld,  V. A. Rassolov,  L. V. Slipchenko,  
 J. E. Subotnik,  T. Van Voorhis,  J. M. Herbert,  A. I. Krylov,  
 P. M. W. Gill,  M. Head-Gordon

 Contributors to earlier versions of Q-Chem not listed above: 
 R. D. Adamson,  B. Austin,  J. Baker,  G. J. O. Beran,  K. Brandhorst,  
 S. T. Brown,  E. F. C. Byrd,  A. K. Chakraborty,  C.-L. Cheng,  
 Siu Hung Chien,  D. M. Chipman,  D. L. Crittenden,  H. Dachsel,  
 R. J. Doerksen,  A. D. Dutoi,  L. Fusti-Molnar,  W. A. Goddard III,  
 A. Golubeva-Zadorozhnaya,  S. R. Gwaltney,  G. Hawkins,  A. Heyden,  
 S. Hirata,  G. Kedziora,  F. J. Keil,  C. Kelley,  Jihan Kim,  R. A. King,  
 R. Z. Khaliullin,  P. P. Korambath,  W. Kurlancheek,  A. M. Lee,  M. S. Lee,  
 S. V. Levchenko,  Ching Yeh Lin,  D. Liotard,  R. C. Lochan,  I. Lotan,  
 P. E. Maslen,  N. Nair,  D. P. O'Neill,  D. Neuhauser,  E. Neuscamman,  
 C. M. Oana,  R. Olson,  B. Peters,  R. Peverati,  P. A. Pieniazek,  
 Y. M. Rhee,  J. Ritchie,  M. A. Rohrdanz,  E. Rosta,  N. J. Russ,  
 H. F. Schaefer III,  N. E. Schultz,  N. Shenvi,  A. C. Simmonett,  A. Sodt,  
 D. Stuck,  K. S. Thanthiriwatte,  V. Vanovschi,  Tao Wang,  A. Warshel,  
 C. F. Williams,  Q. Wu,  X. Xu,  W. Zhang

 Please cite Q-Chem as follows:
 Y. Shao et al., Mol. Phys. 113, 184-215 (2015)
 DOI: 10.1080/00268976.2014.952696

 Q-Chem 5.2.0 for Intel X86 EM64T Linux

 Parts of Q-Chem use Armadillo 8.300.2 (Tropical Shenanigans).
 http://arma.sourceforge.net/

 Q-Chem begins on Sun Aug 15 15:15:42 2021  

Host: cori11
0

     Scratch files written to /tmp/qchem52406//Frg1//
 May1019 |scratch|qcdevops|jenkins|workspace|build_RNUM -1
Processing $rem in /global/common/cori/software/qchem/5.2/config/preferences:
	 MEM_TOTAL  96000 
NAlpha2: 2
NElect   2
Mult     1

Checking the input file for inconsistencies... 	...done.

--------------------------------------------------------------
User input:
--------------------------------------------------------------
$molecule
1 1
 3	0.1326492400	0.2483527500	1.2935624000
$end
$rem
EDA2		1
METHOD		WB97X-V
BASIS		DEF2-TZVPD
XC_GRID		000099000590
NL_GRID		1
UNRESTRICTED		FALSE
MAX_SCF_CYCLES		200
SYMMETRY		FALSE
SYM_IGNORE		TRUE
BASIS_LIN_DEP_THRESH		6
THRESH		14
SCF_CONVERGENCE		8
SCF_PRINT_FRGM		TRUE
!required keywords
JOBTYPE		SP
SYM_IGNORE		TRUE
SUBSYSTEM		TRUE
GEN_SCFMAN		TRUE
CHILD_INSTRUCTION		2
SYM_IGNORE		TRUE
SCFMI		0
RI_K 0		
PARI_K 0		
MIN_PARI_K 0		
IARI_K 0		
OCC_RI_K 0		
PURECART		1111
MEM_STATIC		2000
MEM_TOTAL		96000
GUI		0
CHILD_MP		1
CHILD_MP_ORDERS		232
FRZ_RELAX		0
FRZ_RELAX_METHOD		0
EDA_CLS_ELEC		1
EDA_CLS_DISP		0
FRZ_ORTHO_DECOMP		1
EDA2		FALSE
FRGM_METHOD		FALSE
CIS_N_ROOTS  0
LOCAL_CIS    0
CIS_RLX_DNS  1
$end
--------------------------------------------------------------
 ----------------------------------------------------------------
             Standard Nuclear Orientation (Angstroms)
    I     Atom           X                Y                Z
 ----------------------------------------------------------------
    1      Li      0.1326492400     0.2483527500     1.2935624000
 ----------------------------------------------------------------
 Nuclear Repulsion Energy =           0.00000000 hartrees
 There are        1 alpha and        1 beta electrons
 Requested basis set is def2-TZVPD
 There are 9 shells and 17 basis functions

 Total QAlloc Memory Limit  96000 MB
 Mega-Array Size      1956 MB
 MEM_STATIC part      2000 MB
 A cutoff of  1.0D-14 yielded     45 shell pairs
 There are       165 function pairs
 Smallest overlap matrix eigenvalue = 7.09E-02

 Scale SEOQF with 1.000000e-01/1.000000e-01/1.000000e-01

 Standard Electronic Orientation quadrupole field applied
 Nucleus-field energy     =    -0.0000000005 hartrees
 Guess from superposition of atomic densities
 Warning:  Energy on first SCF cycle will be non-variational
 SAD guess density has 3.000000 electrons

 -----------------------------------------------------------------------
  General SCF calculation program by
  Eric Jon Sundstrom, Paul Horn, Yuezhi Mao, Dmitri Zuev, Alec White,
  David Stuck, Shaama M.S., Shane Yost, Joonho Lee, David Small,
  Daniel Levine, Susi Lehtola, Hugh Burton, Evgeny Epifanovsky
 -----------------------------------------------------------------------
 Exchange:     0.1670 Hartree-Fock + 1.0000 wB97X-V + LR-HF
 Correlation:  1.0000 wB97X-V
 Using Euler-Maclaurin-Lebedev (99,590) quadrature formula
 Nonlocal Correlation:  VV10 with C = 0.0100 and b = 6.00 and scale = 1.00000
 Grid used for NLC:  SG-1 standard quadrature
Energy prior to optimization (guess energy) = -7.278460151943
Begin Timing: Total SCF Calculation
begin iterations for algorithm: DIIS         
the SCF tolerance is set to 1.00e-08
    1      -7.2784601519      7.45e-04     00000 
    2      -7.2784679779      8.81e-05     00000 
    3      -7.2784680507      5.59e-06     00000 
    4      -7.2784680516      5.63e-08     00000 
    5      -7.2784680516      3.29e-10     00000 Convergence criterion met
Timing for Total SCF: 6.00s (wall), 11.91s (cpu)
Multipole orders to be included
        2
        3
computing dipole RHS
computing quadrupole RHS
total number of RHS in solve_reponses: 8
RHS batch sizes
        8
Beginning Block Conjugate Gradient Iterations. Batch Number: 0
computing hessian-vector products by finite difference
              1      9.51e-02     00000 Conjugate Gradient Iteration
computing hessian-vector products by finite difference
              2      6.41e-04     00000 Conjugate Gradient Iteration
computing hessian-vector products by finite difference
              3      9.80e-07     00000 Conjugate Gradient Iteration
computing hessian-vector products by finite difference
              4      2.41e-09     00000 CG Converged
batch 0 complete
Done Calculating Responses
TESTING ORTHOGONALIZATION OF MULTIPOLE BASIS
Multipole virts passed orthogonality test
Virts Per Order
        3
        0
 
 --------------------------------------------------------------
 
                    Orbital Energies (a.u.)
 --------------------------------------------------------------
 
 Alpha MOs
 -- Occupied --
 -2.4585
 -- Virtual --
 -0.1990  -0.1288  -0.1288  -0.1288  -0.0412  -0.0412  -0.0412  -0.0333
  0.3642   0.3642   0.3642   1.2079   5.5898   5.5898   5.5898  13.7809
 --------------------------------------------------------------
 
          Ground-State Mulliken Net Atomic Charges

     Atom                 Charge (a.u.)
  ----------------------------------------
      1 Li                    1.000000
  ----------------------------------------
  Sum of atomic charges =     1.000000

 -----------------------------------------------------------------
                    Cartesian Multipole Moments
 -----------------------------------------------------------------
    Charge (ESU x 10^10)
                 4.8032
    Dipole Moment (Debye)
         X       0.6371      Y       1.1929      Z       6.2132
       Tot       6.3587
    Quadrupole Moments (Debye-Ang)
        XX      -0.3227     XY       0.1582     YY      -0.1109
        XZ       0.8242     YZ       1.5431     ZZ       7.6300
    Octopole Moments (Debye-Ang^2)
       XXX      -0.1508    XXY      -0.0801    XYY      -0.0147
       YYY      -0.2298    XXZ      -0.4174    XYZ       0.2047
       YYZ      -0.1435    XZZ       1.0121    YZZ       1.8949
       ZZZ       8.8165
    Hexadecapole Moments (Debye-Ang^3)
      XXXX      -0.1286   XXXY      -0.0375   XXYY      -0.0561
      XYYY      -0.0305   YYYY      -0.2195   XXXZ      -0.1951
      XXYZ      -0.1037   XYYZ      -0.0190   YYYZ      -0.2973
      XXZZ      -0.5761   XYZZ       0.2514   YYZZ      -0.2398
      XZZZ       1.1695   YZZZ       2.1896   ZZZZ       9.2735
 -----------------------------------------------------------------

 STANDARD THERMODYNAMIC QUANTITIES AT   298.15 K  AND     1.00 ATM

   Translational Enthalpy:        0.889 kcal/mol
   Rotational Enthalpy:           0.000 kcal/mol
   Vibrational Enthalpy:          0.000 kcal/mol
   gas constant (RT):             0.592 kcal/mol
   Translational Entropy:        31.798  cal/mol.K
   Rotational Entropy:            0.000  cal/mol.K
   Vibrational Entropy:           0.000  cal/mol.K

   Total Enthalpy:                1.481 kcal/mol
   Total Entropy:                31.798  cal/mol.K

 -----------------------------------------------------------------

Archival summary:
1\1\nid00564\SP\ProcedureUnspecified\BasisUnspecified\i1(1+,1)\meili\SunAug1515:16:382021SunAug1515:16:382021\0\\#,ProcedureUnspecified,BasisUnspecified,\\1,1\Li\\\@

 Total job time:  56.32s(wall), 105.84s(cpu) 
 Sun Aug 15 15:16:38 2021

        *************************************************************
        *                                                           *
        *  Thank you very much for using Q-Chem.  Have a nice day.  *
        *                                                           *
        *************************************************************


Done Job For Fragment 0
calling putenv with: QCSCRATCH=/global/cscratch1/sd/meili 
calling putenv with: QCLOCALSCR=/tmp 
calling putenv with: QCTHREADS=32 
Creating input file /tmp/qchem52406/Frg2.input
using default PutDataFrgm: nothing
calling putenv with: QCSCRATCH=/tmp/qchem52406/ 
calling putenv with: QCLOCALSCR=/tmp/qchem52406/ 
Spawning Job For Fragment 1
                  Welcome to Q-Chem
     A Quantum Leap Into The Future Of Chemistry


 Q-Chem 5.2, Q-Chem, Inc., Pleasanton, CA (2019)

 License issued to: National Energy Research Scientific Computing Center

 Yihan Shao,  Zhengting Gan,  E. Epifanovsky,  A. T. B. Gilbert,  M. Wormit,  
 J. Kussmann,  A. W. Lange,  A. Behn,  Jia Deng,  Xintian Feng,  D. Ghosh,  
 M. Goldey,  P. R. Horn,  L. D. Jacobson,  I. Kaliman,  T. Kus,  A. Landau,  
 Jie Liu,  E. I. Proynov,  R. M. Richard,  R. P. Steele,  E. J. Sundstrom,  
 H. L. Woodcock III,  P. M. Zimmerman,  D. Zuev,  B. Albrecht,  E. Alguire,  
 S. A. Baeppler,  D. Barton,  Z. Benda,  Y. A. Bernard,  E. J. Berquist,  
 K. B. Bravaya,  H. Burton,  D. Casanova,  Chun-Min Chang,  Yunqing Chen,  
 A. Chien,  K. D. Closser,  M. P. Coons,  S. Coriani,  S. Dasgupta,  
 A. L. Dempwolff,  M. Diedenhofen,  Hainam Do,  R. G. Edgar,  Po-Tung Fang,  
 S. Faraji,  S. Fatehi,  Qingguo Feng,  K. D. Fenk,  J. Fosso-Tande,  
 J. Gayvert,  Qinghui Ge,  A. Ghysels,  G. Gidofalvi,  J. Gomes,  
 J. Gonthier,  A. Gunina,  D. Hait,  M. W. D. Hanson-Heine,  
 P. H. P. Harbach,  A. W. Hauser,  M. F. Herbst,  J. E. Herr,  
 E. G. Hohenstein,  Z. C. Holden,  Kerwin Hui,  B. C. Huynh,  T.-C. Jagau,  
 Hyunjun Ji,  B. Kaduk,  K. Khistyaev,  Jaehoon Kim,  P. Klunzinger,  K. Koh,  
 D. Kosenkov,  L. Koulias,  T. Kowalczyk,  C. M. Krauter,  A. Kunitsa,  
 Ka Un Lao,  A. Laurent,  K. V. Lawler,  Joonho Lee,  D. Lefrancois,  
 S. Lehtola,  D. S. Levine,  Yi-Pei Li,  You-Sheng Lin,  Fenglai Liu,  
 E. Livshits,  A. Luenser,  P. Manohar,  E. Mansoor,  S. F. Manzer,  
 Shan-Ping Mao,  Yuezhi Mao,  N. Mardirossian,  A. V. Marenich,  
 T. Markovich,  L. A. Martinez-Martinez,  S. A. Maurer,  N. J. Mayhall,  
 S. C. McKenzie,  J.-M. Mewes,  P. Morgante,  A. F. Morrison,  
 J. W. Mullinax,  K. Nanda,  T. S. Nguyen-Beck,  R. Olivares-Amaya,  
 J. A. Parkhill,  Zheng Pei,  T. M. Perrine,  F. Plasser,  P. Pokhilko,  
 S. Prager,  A. Prociuk,  E. Ramos,  D. R. Rehn,  F. Rob,  M. Scheurer,  
 M. Schneider,  N. Sergueev,  S. M. Sharada,  S. Sharma,  D. W. Small,  
 T. Stauch,  T. Stein,  Yu-Chuan Su,  A. J. W. Thom,  A. Tkatchenko,  
 T. Tsuchimochi,  N. M. Tubman,  L. Vogt,  M. L. Vidal,  O. Vydrov,  
 M. A. Watson,  J. Wenzel,  M. de Wergifosse,  T. A. Wesolowski,  A. White,  
 J. Witte,  A. Yamada,  Jun Yang,  K. Yao,  S. Yeganeh,  S. R. Yost,  
 Zhi-Qiang You,  A. Zech,  Igor Ying Zhang,  Xing Zhang,  Yan Zhao,  
 Ying Zhu,  B. R. Brooks,  G. K. L. Chan,  C. J. Cramer,  M. S. Gordon,  
 W. J. Hehre,  A. Klamt,  M. W. Schmidt,  C. D. Sherrill,  D. G. Truhlar,  
 A. Aspuru-Guzik,  R. Baer,  A. T. Bell,  N. A. Besley,  Jeng-Da Chai,  
 A. E. DePrince, III,  R. A. DiStasio Jr.,  A. Dreuw,  B. D. Dunietz,  
 T. R. Furlani,  Chao-Ping Hsu,  Yousung Jung,  Jing Kong,  D. S. Lambrecht,  
 WanZhen Liang,  C. Ochsenfeld,  V. A. Rassolov,  L. V. Slipchenko,  
 J. E. Subotnik,  T. Van Voorhis,  J. M. Herbert,  A. I. Krylov,  
 P. M. W. Gill,  M. Head-Gordon

 Contributors to earlier versions of Q-Chem not listed above: 
 R. D. Adamson,  B. Austin,  J. Baker,  G. J. O. Beran,  K. Brandhorst,  
 S. T. Brown,  E. F. C. Byrd,  A. K. Chakraborty,  C.-L. Cheng,  
 Siu Hung Chien,  D. M. Chipman,  D. L. Crittenden,  H. Dachsel,  
 R. J. Doerksen,  A. D. Dutoi,  L. Fusti-Molnar,  W. A. Goddard III,  
 A. Golubeva-Zadorozhnaya,  S. R. Gwaltney,  G. Hawkins,  A. Heyden,  
 S. Hirata,  G. Kedziora,  F. J. Keil,  C. Kelley,  Jihan Kim,  R. A. King,  
 R. Z. Khaliullin,  P. P. Korambath,  W. Kurlancheek,  A. M. Lee,  M. S. Lee,  
 S. V. Levchenko,  Ching Yeh Lin,  D. Liotard,  R. C. Lochan,  I. Lotan,  
 P. E. Maslen,  N. Nair,  D. P. O'Neill,  D. Neuhauser,  E. Neuscamman,  
 C. M. Oana,  R. Olson,  B. Peters,  R. Peverati,  P. A. Pieniazek,  
 Y. M. Rhee,  J. Ritchie,  M. A. Rohrdanz,  E. Rosta,  N. J. Russ,  
 H. F. Schaefer III,  N. E. Schultz,  N. Shenvi,  A. C. Simmonett,  A. Sodt,  
 D. Stuck,  K. S. Thanthiriwatte,  V. Vanovschi,  Tao Wang,  A. Warshel,  
 C. F. Williams,  Q. Wu,  X. Xu,  W. Zhang

 Please cite Q-Chem as follows:
 Y. Shao et al., Mol. Phys. 113, 184-215 (2015)
 DOI: 10.1080/00268976.2014.952696

 Q-Chem 5.2.0 for Intel X86 EM64T Linux

 Parts of Q-Chem use Armadillo 8.300.2 (Tropical Shenanigans).
 http://arma.sourceforge.net/

 Q-Chem begins on Sun Aug 15 15:16:39 2021  

Host: cori11
0

     Scratch files written to /tmp/qchem52406//Frg2//
 May1019 |scratch|qcdevops|jenkins|workspace|build_RNUM -1
Processing $rem in /global/common/cori/software/qchem/5.2/config/preferences:
	 MEM_TOTAL  96000 
NAlpha2: 42
NElect   42
Mult     1

Checking the input file for inconsistencies... 	...done.

--------------------------------------------------------------
User input:
--------------------------------------------------------------
$molecule
0 1
 6	0.1278335800	1.5216709700	-0.7102088600
 6	-1.1161886700	0.8515668600	-0.6339820200
 6	-1.1547851700	-0.5592377500	-0.5311425800
 6	0.0506465800	-1.2999570100	-0.5044870700
 6	1.2946792700	-0.6298533500	-0.5806063000
 6	1.3332726000	0.7809579500	-0.6834728400
 1	2.2261547700	-1.2025790300	-0.5642788000
 1	2.2945715600	1.2984934700	-0.7466394200
 1	0.1575612400	2.6116229400	-0.7941591500
 1	-2.0478545700	1.4236681400	-0.6589870400
 1	-2.1162734600	-1.0774108200	-0.4767113300
 1	0.0207273500	-2.3905535500	-0.4294505500
$end
$rem
EDA2		1
METHOD		WB97X-V
BASIS		DEF2-TZVPD
XC_GRID		000099000590
NL_GRID		1
UNRESTRICTED		FALSE
MAX_SCF_CYCLES		200
SYMMETRY		FALSE
SYM_IGNORE		TRUE
BASIS_LIN_DEP_THRESH		6
THRESH		14
SCF_CONVERGENCE		8
SCF_PRINT_FRGM		TRUE
!required keywords
JOBTYPE		SP
SYM_IGNORE		TRUE
SUBSYSTEM		TRUE
GEN_SCFMAN		TRUE
CHILD_INSTRUCTION		2
SYM_IGNORE		TRUE
SCFMI		0
RI_K 0		
PARI_K 0		
MIN_PARI_K 0		
IARI_K 0		
OCC_RI_K 0		
PURECART		1111
MEM_STATIC		2000
MEM_TOTAL		96000
GUI		0
CHILD_MP		1
CHILD_MP_ORDERS		232
FRZ_RELAX		0
FRZ_RELAX_METHOD		0
EDA_CLS_ELEC		1
EDA_CLS_DISP		0
FRZ_ORTHO_DECOMP		1
EDA2		FALSE
FRGM_METHOD		FALSE
CIS_N_ROOTS  0
LOCAL_CIS    0
CIS_RLX_DNS  1
$end
--------------------------------------------------------------
 ----------------------------------------------------------------
             Standard Nuclear Orientation (Angstroms)
    I     Atom           X                Y                Z
 ----------------------------------------------------------------
    1      C       0.1278335800     1.5216709700    -0.7102088600
    2      C      -1.1161886700     0.8515668600    -0.6339820200
    3      C      -1.1547851700    -0.5592377500    -0.5311425800
    4      C       0.0506465800    -1.2999570100    -0.5044870700
    5      C       1.2946792700    -0.6298533500    -0.5806063000
    6      C       1.3332726000     0.7809579500    -0.6834728400
    7      H       2.2261547700    -1.2025790300    -0.5642788000
    8      H       2.2945715600     1.2984934700    -0.7466394200
    9      H       0.1575612400     2.6116229400    -0.7941591500
   10      H      -2.0478545700     1.4236681400    -0.6589870400
   11      H      -2.1162734600    -1.0774108200    -0.4767113300
   12      H       0.0207273500    -2.3905535500    -0.4294505500
 ----------------------------------------------------------------
 Nuclear Repulsion Energy =         200.75095585 hartrees
 There are       21 alpha and       21 beta electrons
 Requested basis set is def2-TZVPD
 There are 108 shells and 276 basis functions

 Total QAlloc Memory Limit  96000 MB
 Mega-Array Size      1956 MB
 MEM_STATIC part      2000 MB

                       Distance Matrix (Angstroms)
             C (  1)   C (  2)   C (  3)   C (  4)   C (  5)   C (  6)
   C (  2)  1.415076
   C (  3)  2.450991  1.415074
   C (  4)  2.830170  2.450985  1.415076
   C (  5)  2.450996  2.830148  2.450981  1.415080
   C (  6)  1.415081  2.450978  2.830152  2.450994  1.415083
   H (  7)  3.441771  3.923727  3.441764  2.178507  1.093585  2.178501
   H (  8)  2.178506  3.441761  3.923731  3.441770  2.178502  1.093585
   H (  9)  1.093584  2.178507  3.441771  3.923748  3.441774  2.178505
   H ( 10)  2.178497  1.093584  2.178493  3.441760  3.923726  3.441758
   H ( 11)  3.441768  2.178499  1.093584  2.178495  3.441758  3.923729
   H ( 12)  3.923748  3.441766  2.178506  1.093584  2.178501  3.441771
             H (  7)   H (  8)   H (  9)   H ( 10)   H ( 11)
   H (  8)  2.508645
   H (  9)  4.345119  2.508661
   H ( 10)  5.017300  4.345114  2.508658
   H ( 11)  4.345114  5.017304  4.345120  2.508645
   H ( 12)  2.508659  4.345117  5.017321  4.345113  2.508655
 
 A cutoff of  1.0D-14 yielded   5772 shell pairs
 There are     38424 function pairs (     49260 Cartesian)
 Smallest overlap matrix eigenvalue = 7.93E-07
 Linear dependence detected in AO basis
 Tighter screening thresholds may be required for diffuse basis sets
 Use S2THRESH > 14 and THRESH = 14 in case of SCF convergence issues
 Number of orthogonalized atomic orbitals = 275
 Maximum deviation from orthogonality = 1.055E-10

 Scale SEOQF with 1.000000e-01/1.000000e-01/1.000000e-01

 Standard Electronic Orientation quadrupole field applied
 Nucleus-field energy     =     0.0000000042 hartrees
 Guess from superposition of atomic densities
 Warning:  Energy on first SCF cycle will be non-variational
 SAD guess density has 41.925778 electrons

 -----------------------------------------------------------------------
  General SCF calculation program by
  Eric Jon Sundstrom, Paul Horn, Yuezhi Mao, Dmitri Zuev, Alec White,
  David Stuck, Shaama M.S., Shane Yost, Joonho Lee, David Small,
  Daniel Levine, Susi Lehtola, Hugh Burton, Evgeny Epifanovsky
 -----------------------------------------------------------------------
 Exchange:     0.1670 Hartree-Fock + 1.0000 wB97X-V + LR-HF
 Correlation:  1.0000 wB97X-V
 Using Euler-Maclaurin-Lebedev (99,590) quadrature formula
 Nonlocal Correlation:  VV10 with C = 0.0100 and b = 6.00 and scale = 1.00000
 Grid used for NLC:  SG-1 standard quadrature
Energy prior to optimization (guess energy) = -232.212687199160
Begin Timing: Total SCF Calculation
begin iterations for algorithm: DIIS         
the SCF tolerance is set to 1.00e-08
    1    -232.2126871992      1.98e-03     00000 
    2    -232.2404836122      1.29e-03     00000 
    3    -232.2560900863      1.55e-04     00000 
    4    -232.2564048052      2.13e-05     00000 
    5    -232.2564109754      3.38e-06     00000 
    6    -232.2564112730      6.02e-07     00000 
    7    -232.2564112853      7.71e-08     00000 
    8    -232.2564112854      2.38e-08     00000 
    9    -232.2564112855      1.06e-08     00000 
   10    -232.2564112855      2.08e-09     00000 Convergence criterion met
Timing for Total SCF: 560.00s (wall), 1112.94s (cpu)
Multipole orders to be included
        2
        3
computing dipole RHS
computing quadrupole RHS
total number of RHS in solve_reponses: 8
RHS batch sizes
        8
Beginning Block Conjugate Gradient Iterations. Batch Number: 0
computing hessian-vector products by finite difference
              1      4.95e-01     00000 Conjugate Gradient Iteration
computing hessian-vector products by finite difference
              2      1.59e-01     00000 Conjugate Gradient Iteration
computing hessian-vector products by finite difference
              3      3.44e-02     00000 Conjugate Gradient Iteration
computing hessian-vector products by finite difference
              4      7.31e-03     00000 Conjugate Gradient Iteration
computing hessian-vector products by finite difference
              5      1.32e-03     00000 Conjugate Gradient Iteration
computing hessian-vector products by finite difference
              6      2.36e-04     00000 Conjugate Gradient Iteration
computing hessian-vector products by finite difference
              7      3.51e-05     00000 Conjugate Gradient Iteration
computing hessian-vector products by finite difference
              8      3.70e-06     00000 Conjugate Gradient Iteration
computing hessian-vector products by finite difference
              9      5.26e-07     00000 Conjugate Gradient Iteration
computing hessian-vector products by finite difference
             10      5.84e-08     00000 Conjugate Gradient Iteration
computing hessian-vector products by finite difference
             11      7.39e-09     00000 CG Converged
batch 0 complete
Done Calculating Responses
TESTING ORTHOGONALIZATION OF MULTIPOLE BASIS
Multipole virts passed orthogonality test
Virts Per Order
           63
          103
 
 --------------------------------------------------------------
 
                    Orbital Energies (a.u.)
 --------------------------------------------------------------
 
 Alpha MOs
 -- Occupied --
-10.2823 -10.2821 -10.2821 -10.2816 -10.2816 -10.2814  -0.9822  -0.8736
 -0.8736  -0.7232  -0.7232  -0.6370  -0.5777  -0.5518  -0.5285  -0.5285
 -0.4791  -0.4467  -0.4467  -0.3450  -0.3450
 -- Virtual --
  0.0617   0.0617   0.0667   0.0830   0.0830   0.1037   0.1037   0.1349
  0.1365   0.1892   0.1960   0.1961   0.1995   0.2018   0.2018   0.2242
  0.2343   0.2343   0.2612   0.2613   0.2628   0.2826   0.2826   0.2846
  0.2939   0.2940   0.3163   0.3164   0.3245   0.3245   0.3412   0.3414
  0.3568   0.3735   0.3794   0.3833   0.3833   0.4145   0.4145   0.4183
  0.4202   0.4202   0.4279   0.4316   0.4317   0.4369   0.4369   0.4522
  0.4522   0.4589   0.4706   0.4911   0.5095   0.5095   0.5096   0.5485
  0.5485   0.5560   0.5560   0.5562   0.5563   0.5846   0.5846   0.6114
  0.6289   0.6289   0.6300   0.6418   0.6422   0.6423   0.6836   0.6936
  0.7266   0.7266   0.7295   0.7561   0.7561   0.7570   0.7570   0.7631
  0.7751   0.7824   0.7824   0.8053   0.8095   0.8095   0.8236   0.8304
  0.8304   0.8466   0.8480   0.8502   0.8502   0.8717   0.8988   0.8988
  0.9480   0.9756   1.0370   1.0371   1.0568   1.0635   1.0635   1.0742
  1.0908   1.0908   1.0985   1.1653   1.1653   1.3344   1.3344   1.3371
  1.3372   1.3906   1.4151   1.4152   1.4634   1.4634   1.5261   1.5591
  1.5592   1.5809   1.5809   1.6386   1.6728   1.7373   1.7555   1.7642
  1.7642   1.7887   1.7887   1.8515   1.8857   1.8887   1.8887   1.9708
  1.9708   1.9966   1.9966   2.0032   2.0292   2.0339   2.0339   2.0607
  2.0607   2.1559   2.1791   2.1791   2.2747   2.2747   2.2839   2.2957
  2.3778   2.3778   2.4262   2.5037   2.5079   2.5079   2.5448   2.6531
  2.6531   2.6771   2.6771   2.6834   2.7385   2.7502   2.7716   2.7867
  2.7867   2.8567   2.8855   2.8855   2.9120   2.9120   2.9374   2.9374
  2.9787   2.9877   2.9991   2.9991   3.0552   3.0552   3.0647   3.0648
  3.2071   3.2120   3.2232   3.2232   3.2775   3.2775   3.3308   3.3308
  3.4000   3.4001   3.4280   3.4414   3.4477   3.4477   3.4620   3.4689
  3.4689   3.5074   3.5171   3.5194   3.5194   3.5395   3.5706   3.5706
  3.6335   3.6345   3.6345   3.7184   3.8321   3.8321   3.8482   3.8482
  3.8877   3.9025   4.1156   4.1242   4.1793   4.2134   4.2134   4.2379
  4.2379   4.2880   4.2880   4.3038   4.3039   4.3396   4.3396   4.3772
  4.4198   4.4198   4.6894   4.7412   4.8744   4.8744   4.9112   4.9112
  5.0708   5.0709   5.2473   5.2474   5.3403   5.4138   5.5747   5.7761
 22.3724  22.7583  22.7584  22.8449  22.8449  23.1549
 --------------------------------------------------------------
 
          Ground-State Mulliken Net Atomic Charges

     Atom                 Charge (a.u.)
  ----------------------------------------
      1 C                    -0.258853
      2 C                    -0.259125
      3 C                    -0.259048
      4 C                    -0.258851
      5 C                    -0.259105
      6 C                    -0.259033
      7 H                     0.259013
      8 H                     0.259012
      9 H                     0.258980
     10 H                     0.259020
     11 H                     0.259010
     12 H                     0.258982
  ----------------------------------------
  Sum of atomic charges =     0.000000

 -----------------------------------------------------------------
                    Cartesian Multipole Moments
 -----------------------------------------------------------------
    Charge (ESU x 10^10)
                 0.0000
    Dipole Moment (Debye)
         X      -0.0004      Y      -0.0012      Z      -0.0172
       Tot       0.0172
    Quadrupole Moments (Debye-Ang)
        XX     -31.9478     XY      -0.0137     YY     -31.9878
        XZ      -0.1890     YZ      -0.6112     ZZ     -40.3625
    Octopole Moments (Debye-Ang^2)
       XXX      -8.5574    XXY      -3.5486    XYY      -2.8591
       YYY     -10.6518    XXZ      19.3075    XYZ      -0.0670
       YYZ      19.2294    XZZ      -3.3705    YZZ      -3.7215
       ZZZ      73.6040
    Hexadecapole Moments (Debye-Ang^3)
      XXXX    -282.3757   XXXY      -0.8202   XXYY     -94.1382
      XYYY      -0.8210   YYYY    -282.4490   XXXZ       6.9749
      XXYZ       4.0857   XYYZ       2.3238   YYYZ      12.2810
      XXZZ     -78.7103   XYZZ      -0.1571   YYZZ     -78.3190
      XZZZ       9.6905   YZZZ      18.2897   ZZZZ    -140.0166
 -----------------------------------------------------------------
Archival summary:
1\1\nid00564\SP\ProcedureUnspecified\BasisUnspecified\66\meili\SunAug1518:40:212021SunAug1518:40:212021\0\\#,ProcedureUnspecified,BasisUnspecified,\\0,1\C\H,1,1.09358\C,1,1.41507,2,119.999\H,3,1.09358,1,120,2,0.00231009,0\C,3,1.41508,1,120,2,179.733,0\H,5,1.09358,3,120,1,-179.731,0\C,1,1.41508,2,119.999,3,179.731,0\H,7,1.09358,1,120,2,-0.00225223,0\C,5,1.41508,3,120,1,0.00308262,0\H,9,1.09358,5,120,3,-179.741,0\C,7,1.41508,1,119.999,2,-179.736,0\H,11,1.09359,7,120,1,179.742,0\\\@

 Total job time:  12223.90s(wall), 24316.48s(cpu) 
 Sun Aug 15 18:40:22 2021

        *************************************************************
        *                                                           *
        *  Thank you very much for using Q-Chem.  Have a nice day.  *
        *                                                           *
        *************************************************************


Done Job For Fragment 1
calling putenv with: QCSCRATCH=/global/cscratch1/sd/meili 
calling putenv with: QCLOCALSCR=/tmp 
calling putenv with: QCTHREADS=32 
Doing General SCFMI
 Exchange:     0.1670 Hartree-Fock + 1.0000 wB97X-V + LR-HF
 Correlation:  1.0000 wB97X-V
 Using Euler-Maclaurin-Lebedev (99,590) quadrature formula
 Nonlocal Correlation:  VV10 with C = 0.0100 and b = 6.00 and scale = 1.00000
 Grid used for NLC:  SG-1 standard quadrature
performing fock build before subrot guess so that all methods have access
Printing subrot_rss_gen Method Specification:
Occupied Subspace Method is 0
Virtual Subspace Method is 0
Energy of the unrelaxed supersystem initial determinant -239.549094783121
write pseudocanon occs and virts to disk
write pseudocanon orbital energies to disk
Tolerance of ortho_decomp_scf: 1.00e-06
GDM subspace size: 20
Beginning the Orthogonal Decomposition of the Initial Supersystem Wavefunction
    1    -239.5154281837      5.56e-02     ortho_decomp Preconditoned Steepest Descent
    2    -239.5161339856      2.73e-03     ortho_decomp BFGS Step
    3    -239.5161367768      4.94e-05     ortho_decomp BFGS Step
    4    -239.5161367771      1.08e-06     ortho_decomp BFGS Step
    5    -239.5161367771      7.07e-09     ortho_decomp 00000 Convergence criterion met
 Hartree-Fock
 Hartree-Fock
 Hartree-Fock
Doing General SCFMI
 Exchange:     0.1670 Hartree-Fock + 1.0000 wB97X-V + LR-HF
 Correlation:  1.0000 wB97X-V
 Using Euler-Maclaurin-Lebedev (99,590) quadrature formula
 Nonlocal Correlation:  VV10 with C = 0.0100 and b = 6.00 and scale = 1.00000
 Grid used for NLC:  SG-1 standard quadrature
performing fock build at end of subrot_r(subrot) constructor so that all methods have access
<S^2> of initial wavefunction before polarization iterations 0.0000000000
Beginning iterations for the determination of the polarized wavefunction
Energy prior to optimization (guess energy) = -239.549094783121
Begin Timing: Total SCF Calculation
begin iterations for algorithm: DIIS         
the SCF tolerance is set to 1.00e-08
    1    -239.5490947831      1.19e-03     00000 
    2    -239.5857562092      6.60e-04     00000 
    3    -239.5935094683      8.80e-05     00000 
    4    -239.5938304501      3.47e-05     00000 
    5    -239.5938653737      1.10e-05     00000 
    6    -239.5938692986      1.13e-06     00000 
    7    -239.5938693760      2.41e-07     00000 
    8    -239.5938693779      1.36e-07     00000 
    9    -239.5938693783      3.70e-08     00000 
   10    -239.5938693784      4.17e-09     00000 Convergence criterion met
write pseudocanon occs and virts to disk
write pseudocanon orbital energies to disk
Timing for Total SCF: 677.00s (wall), 1345.20s (cpu)
<S^2> of polarized wavefunction after polarization iterations 0.0000000000
relaxing scfmi constraint to allow all rotations in the entire AO span
Doing General SCFMI
 Exchange:     0.1670 Hartree-Fock + 1.0000 wB97X-V + LR-HF
 Correlation:  1.0000 wB97X-V
 Using Euler-Maclaurin-Lebedev (99,590) quadrature formula
 Nonlocal Correlation:  VV10 with C = 0.0100 and b = 6.00 and scale = 1.00000
 Grid used for NLC:  SG-1 standard quadrature
performing fock build at end of subrot_r(subrot) constructor so that all methods have access
<S^2> of polarized wavefunction before ct-allowed iterations 0.0000000000
Beginning iterations for the determination of the CT-Allowed wavefunction
Energy prior to optimization (guess energy) = -239.593869378368
Begin Timing: Total SCF Calculation
begin iterations for algorithm: DIIS         
the SCF tolerance is set to 1.00e-08
    1    -239.5938693784      4.08e-04     00000 
    2    -239.5999932161      4.39e-05     00000 
    3    -239.6001377769      5.74e-06     00000 
    4    -239.6001405955      2.42e-06     00000 
    5    -239.6001408792      5.06e-07     00000 
    6    -239.6001408981      1.10e-07     00000 
    7    -239.6001408994      2.41e-08     00000 
    8    -239.6001408994      9.63e-09     00000 Convergence criterion met
write pseudocanon occs and virts to disk
write pseudocanon orbital energies to disk
Timing for Total SCF: 537.00s (wall), 1069.74s (cpu)
<S^2> of ct_allowed wavefunction after ct-allowed iterations 0.0000000000

================================
        Results of EDA2         
================================
Basic EDA Quantities
--------------------
Fragment Energies (Ha):
1   -7.2784680516
2 -232.2564112855
--------------------
  E_prp (kJ/mol) = 0.0000
  E_frz (kJ/mol) = -37.3231
  E_pol (kJ/mol) = -117.5571
  E_vct (kJ/mol) = -16.4661
  E_int (kJ/mol) = -171.3463
--------------------


Initial Wavefunction Decomposition
--------------------
  --------------------
  Orthogonal Fragment Subspace Decomposition:
  --------------------
     E_elec   (ELEC)   (kJ/mol) = -73.6440
     E_pauli  (PAULI)  (kJ/mol) = 42.2835
     E_disp   (DISP)   (kJ/mol) = -5.9626
     --------------------
     Terms summing to E_pauli:
     --------------------
        E_kep_pauli       (kJ/mol) = 49.2092
        E_disp_free_pauli (kJ/mol) = -6.9257
  --------------------
  Classical Frozen Decomposition:
  --------------------
     E_cls_elec  (CLS ELEC)  (kJ/mol) = -73.9731
     E_cls_pauli (CLS PAULI) (kJ/mol) = 36.6500
    [E_mod_pauli (MOD PAULI) (kJ/mol) = 42.6126 (CLS PAULI - DISP from orthogonal decomposition) ]
  --------------------
--------------------

Simplified EDA Summary (kJ/mol)
--------------------
 PREPARATION     0.0000
 FROZEN          -31.3605      (does not include dispersion)
[PAULI           42.2835]     (if this is negligible, then frozen describes electrostatics)
 DISPERSION      -5.9626
 POLARIZATION    -117.5571
 CHARGE TRANSFER -16.4661
 TOTAL           -171.3463     (PRP + FRZ + DISP + POL + CT)
--------------------
 
 --------------------------------------------------------------
 
                    Orbital Energies (a.u.)
 --------------------------------------------------------------
 
 Alpha MOs
 -- Occupied --
-10.4728 -10.4726 -10.4726 -10.4722 -10.4722 -10.4719  -2.3289  -1.1824
 -1.0670  -1.0670  -0.9099  -0.9099  -0.8234  -0.7555  -0.7422  -0.7143
 -0.7143  -0.6848  -0.6302  -0.6302  -0.5486  -0.5486
 -- Virtual --
 -0.1297  -0.1285  -0.1285  -0.0747  -0.0747  -0.0618  -0.0372  -0.0198
 -0.0198  -0.0159  -0.0159  -0.0027  -0.0026  -0.0008   0.0198   0.0292
  0.0463   0.0628   0.0628   0.0634   0.0783   0.1034   0.1034   0.1171
  0.1171   0.1245   0.1314   0.1314   0.1380   0.1380   0.1448   0.1540
  0.1638   0.1638   0.1836   0.1836   0.1914   0.1914   0.2064   0.2064
  0.2095   0.2115   0.2248   0.2485   0.2632   0.2632   0.2704   0.2704
  0.2745   0.2745   0.2812   0.2847   0.2991   0.2991   0.3065   0.3100
  0.3228   0.3228   0.3314   0.3332   0.3497   0.3497   0.3750   0.3845
  0.3846   0.3986   0.3987   0.4051   0.4051   0.4278   0.4438   0.4438
  0.4583   0.4583   0.4815   0.4950   0.4950   0.4982   0.5383   0.5477
  0.5588   0.5589   0.5860   0.5924   0.5924   0.5935   0.5975   0.5975
  0.6114   0.6221   0.6221   0.6423   0.6493   0.6493   0.6531   0.6542
  0.6665   0.6665   0.6853   0.6876   0.6876   0.6931   0.6931   0.6962
  0.7766   0.8183   0.8389   0.8389   0.8733   0.8733   0.8807   0.8808
  0.8957   0.9063   0.9063   0.9101   0.9118   0.9549   0.9723   0.9723
  1.1907   1.1907   1.2021   1.2391   1.2391   1.2625   1.2625   1.2878
  1.2878   1.3699   1.3699   1.4189   1.4189   1.4502   1.5026   1.5476
  1.5682   1.5753   1.5953   1.5953   1.6012   1.6012   1.6567   1.7233
  1.7455   1.7455   1.7698   1.7698   1.7874   1.8213   1.8214   1.8531
  1.8537   1.8537   1.9269   1.9269   1.9660   1.9991   1.9991   2.0833
  2.0833   2.0922   2.1210   2.1240   2.1803   2.1803   2.3093   2.3410
  2.3410   2.3549   2.3869   2.4690   2.4690   2.4944   2.4944   2.4944
  2.5592   2.5905   2.5923   2.6083   2.6083   2.6661   2.6910   2.6910
  2.7348   2.7348   2.7602   2.7602   2.8128   2.8145   2.8145   2.8666
  2.8666   2.8841   2.9001   2.9001   3.0272   3.0272   3.0356   3.0961
  3.0961   3.1239   3.1381   3.1381   3.2325   3.2345   3.2345   3.2614
  3.2614   3.2675   3.2763   3.2943   3.2943   3.3204   3.3269   3.3269
  3.3299   3.3546   3.4098   3.4098   3.4507   3.4507   3.4521   3.5342
  3.6341   3.6341   3.6640   3.6640   3.6961   3.7089   3.9270   3.9460
  3.9974   4.0364   4.0364   4.0485   4.0485   4.0990   4.0990   4.1103
  4.1103   4.1496   4.1496   4.2313   4.2407   4.2407   4.4956   4.5503
  4.6878   4.6878   4.7193   4.7193   4.8834   4.8834   5.0636   5.0636
  5.1456   5.2232   5.3868   5.5894   5.9861   5.9861   6.0194  14.7227
 22.2997  22.5968  22.5968  22.6545  22.6545  22.9648
 --------------------------------------------------------------
 
          Ground-State Mulliken Net Atomic Charges

     Atom                 Charge (a.u.)
  ----------------------------------------
      1 Li                    0.961371
      2 C                    -0.295605
      3 C                    -0.295677
      4 C                    -0.295475
      5 C                    -0.295621
      6 C                    -0.296208
      7 C                    -0.296283
      8 H                     0.302298
      9 H                     0.302258
     10 H                     0.302220
     11 H                     0.302247
     12 H                     0.302269
     13 H                     0.302207
  ----------------------------------------
  Sum of atomic charges =     1.000000

 -----------------------------------------------------------------
                    Cartesian Multipole Moments
 -----------------------------------------------------------------
    Charge (ESU x 10^10)
                 4.8032
    Dipole Moment (Debye)
         X       0.5549      Y       0.9349      Z       2.6474
       Tot       2.8619
    Quadrupole Moments (Debye-Ang)
        XX     -27.0183     XY       0.1018     YY     -26.9198
        XZ       0.2194     YZ       0.2192     ZZ     -29.7217
    Octopole Moments (Debye-Ang^2)
       XXX      -7.5912    XXY      -3.3577    XYY      -2.5116
       YYY     -10.0701    XXZ      11.3988    XYZ       0.0769
       YYZ      11.5663    XZZ      -1.9353    YZZ      -0.9875
       ZZZ      72.6815
    Hexadecapole Moments (Debye-Ang^3)
      XXXX    -240.6166   XXXY      -0.8729   XXYY     -80.3157
      XYYY      -0.8679   YYYY    -241.2793   XXXZ       4.1778
      XXYZ       2.5008   XYYZ       1.4365   YYYZ       7.5574
      XXZZ     -69.7924   XYZZ       0.1907   YYZZ     -68.9538
      XZZZ       9.5552   YZZZ      17.9878   ZZZZ    -116.0238
 -----------------------------------------------------------------
Archival summary:
1\1\nid00564\SP\ProcedureUnspecified\BasisUnspecified\6i16(1+,1)\meili\SunAug1519:18:502021SunAug1519:18:502021\0\\#,ProcedureUnspecified,BasisUnspecified,\\1,1\C\H,1,1.09359\C,1,1.41508,2,120\H,3,1.09358,1,120,2,0.00740615,0\C,3,1.41508,1,119.999,2,179.742,0\H,5,1.09358,3,119.999,1,-179.736,0\C,5,1.41507,3,120.001,1,-0.00572541,0\H,7,1.09358,5,120,3,-179.728,0\C,7,1.41508,5,120,3,0.0019435,0\H,9,1.09358,7,120,5,-179.731,0\C,9,1.41508,7,120,5,0.00308262,0\H,11,1.09358,9,120,7,-179.741,0\Li,1,2.37357,2,126.794,3,-90.1464,0\\\@

 Total job time:  14592.26s(wall), 4593.76s(cpu) 
 Sun Aug 15 19:18:52 2021

        *************************************************************
        *                                                           *
        *  Thank you very much for using Q-Chem.  Have a nice day.  *
        *                                                           *
        *************************************************************


