
Running Job 1 of 1 qchem_eda_04_f_anion_h2o.in
qchem qchem_eda_04_f_anion_h2o.in_47064.0 /tmp/qchem47064/ 0
/global/common/cori/software/qchem/5.2/exe/qcprog.exe_s qchem_eda_04_f_anion_h2o.in_47064.0 /tmp/qchem47064/
                  Welcome to Q-Chem
     A Quantum Leap Into The Future Of Chemistry


 Q-Chem 5.2, Q-Chem, Inc., Pleasanton, CA (2019)

 License issued to: National Energy Research Scientific Computing Center

 Yihan Shao,  Zhengting Gan,  E. Epifanovsky,  A. T. B. Gilbert,  M. Wormit,  
 J. Kussmann,  A. W. Lange,  A. Behn,  Jia Deng,  Xintian Feng,  D. Ghosh,  
 M. Goldey,  P. R. Horn,  L. D. Jacobson,  I. Kaliman,  T. Kus,  A. Landau,  
 Jie Liu,  E. I. Proynov,  R. M. Richard,  R. P. Steele,  E. J. Sundstrom,  
 H. L. Woodcock III,  P. M. Zimmerman,  D. Zuev,  B. Albrecht,  E. Alguire,  
 S. A. Baeppler,  D. Barton,  Z. Benda,  Y. A. Bernard,  E. J. Berquist,  
 K. B. Bravaya,  H. Burton,  D. Casanova,  Chun-Min Chang,  Yunqing Chen,  
 A. Chien,  K. D. Closser,  M. P. Coons,  S. Coriani,  S. Dasgupta,  
 A. L. Dempwolff,  M. Diedenhofen,  Hainam Do,  R. G. Edgar,  Po-Tung Fang,  
 S. Faraji,  S. Fatehi,  Qingguo Feng,  K. D. Fenk,  J. Fosso-Tande,  
 J. Gayvert,  Qinghui Ge,  A. Ghysels,  G. Gidofalvi,  J. Gomes,  
 J. Gonthier,  A. Gunina,  D. Hait,  M. W. D. Hanson-Heine,  
 P. H. P. Harbach,  A. W. Hauser,  M. F. Herbst,  J. E. Herr,  
 E. G. Hohenstein,  Z. C. Holden,  Kerwin Hui,  B. C. Huynh,  T.-C. Jagau,  
 Hyunjun Ji,  B. Kaduk,  K. Khistyaev,  Jaehoon Kim,  P. Klunzinger,  K. Koh,  
 D. Kosenkov,  L. Koulias,  T. Kowalczyk,  C. M. Krauter,  A. Kunitsa,  
 Ka Un Lao,  A. Laurent,  K. V. Lawler,  Joonho Lee,  D. Lefrancois,  
 S. Lehtola,  D. S. Levine,  Yi-Pei Li,  You-Sheng Lin,  Fenglai Liu,  
 E. Livshits,  A. Luenser,  P. Manohar,  E. Mansoor,  S. F. Manzer,  
 Shan-Ping Mao,  Yuezhi Mao,  N. Mardirossian,  A. V. Marenich,  
 T. Markovich,  L. A. Martinez-Martinez,  S. A. Maurer,  N. J. Mayhall,  
 S. C. McKenzie,  J.-M. Mewes,  P. Morgante,  A. F. Morrison,  
 J. W. Mullinax,  K. Nanda,  T. S. Nguyen-Beck,  R. Olivares-Amaya,  
 J. A. Parkhill,  Zheng Pei,  T. M. Perrine,  F. Plasser,  P. Pokhilko,  
 S. Prager,  A. Prociuk,  E. Ramos,  D. R. Rehn,  F. Rob,  M. Scheurer,  
 M. Schneider,  N. Sergueev,  S. M. Sharada,  S. Sharma,  D. W. Small,  
 T. Stauch,  T. Stein,  Yu-Chuan Su,  A. J. W. Thom,  A. Tkatchenko,  
 T. Tsuchimochi,  N. M. Tubman,  L. Vogt,  M. L. Vidal,  O. Vydrov,  
 M. A. Watson,  J. Wenzel,  M. de Wergifosse,  T. A. Wesolowski,  A. White,  
 J. Witte,  A. Yamada,  Jun Yang,  K. Yao,  S. Yeganeh,  S. R. Yost,  
 Zhi-Qiang You,  A. Zech,  Igor Ying Zhang,  Xing Zhang,  Yan Zhao,  
 Ying Zhu,  B. R. Brooks,  G. K. L. Chan,  C. J. Cramer,  M. S. Gordon,  
 W. J. Hehre,  A. Klamt,  M. W. Schmidt,  C. D. Sherrill,  D. G. Truhlar,  
 A. Aspuru-Guzik,  R. Baer,  A. T. Bell,  N. A. Besley,  Jeng-Da Chai,  
 A. E. DePrince, III,  R. A. DiStasio Jr.,  A. Dreuw,  B. D. Dunietz,  
 T. R. Furlani,  Chao-Ping Hsu,  Yousung Jung,  Jing Kong,  D. S. Lambrecht,  
 WanZhen Liang,  C. Ochsenfeld,  V. A. Rassolov,  L. V. Slipchenko,  
 J. E. Subotnik,  T. Van Voorhis,  J. M. Herbert,  A. I. Krylov,  
 P. M. W. Gill,  M. Head-Gordon

 Contributors to earlier versions of Q-Chem not listed above: 
 R. D. Adamson,  B. Austin,  J. Baker,  G. J. O. Beran,  K. Brandhorst,  
 S. T. Brown,  E. F. C. Byrd,  A. K. Chakraborty,  C.-L. Cheng,  
 Siu Hung Chien,  D. M. Chipman,  D. L. Crittenden,  H. Dachsel,  
 R. J. Doerksen,  A. D. Dutoi,  L. Fusti-Molnar,  W. A. Goddard III,  
 A. Golubeva-Zadorozhnaya,  S. R. Gwaltney,  G. Hawkins,  A. Heyden,  
 S. Hirata,  G. Kedziora,  F. J. Keil,  C. Kelley,  Jihan Kim,  R. A. King,  
 R. Z. Khaliullin,  P. P. Korambath,  W. Kurlancheek,  A. M. Lee,  M. S. Lee,  
 S. V. Levchenko,  Ching Yeh Lin,  D. Liotard,  R. C. Lochan,  I. Lotan,  
 P. E. Maslen,  N. Nair,  D. P. O'Neill,  D. Neuhauser,  E. Neuscamman,  
 C. M. Oana,  R. Olson,  B. Peters,  R. Peverati,  P. A. Pieniazek,  
 Y. M. Rhee,  J. Ritchie,  M. A. Rohrdanz,  E. Rosta,  N. J. Russ,  
 H. F. Schaefer III,  N. E. Schultz,  N. Shenvi,  A. C. Simmonett,  A. Sodt,  
 D. Stuck,  K. S. Thanthiriwatte,  V. Vanovschi,  Tao Wang,  A. Warshel,  
 C. F. Williams,  Q. Wu,  X. Xu,  W. Zhang

 Please cite Q-Chem as follows:
 Y. Shao et al., Mol. Phys. 113, 184-215 (2015)
 DOI: 10.1080/00268976.2014.952696

 Q-Chem 5.2.0 for Intel X86 EM64T Linux

 Parts of Q-Chem use Armadillo 8.300.2 (Tropical Shenanigans).
 http://arma.sourceforge.net/

 Q-Chem begins on Sun Aug 15 15:20:56 2021  

Host: cori11
0

     Scratch files written to /tmp/qchem47064//
 May1019 |scratch|qcdevops|jenkins|workspace|build_RNUM -1
Processing $rem in /global/common/cori/software/qchem/5.2/config/preferences:
	 MEM_TOTAL  96000 
NAlpha2: 20
NElect   20
Mult     1

 Q-Chem warning in module libgen/rem_setup.C, line 2803:

 Neither GIA nor STOLL is specified by user. Use STOLL as the default


Checking the input file for inconsistencies... 	...done.

--------------------------------------------------------------
User input:
--------------------------------------------------------------
$comment
AHB21-2
$end

$molecule
-1 1
--
-1 1
F    -1.236389     0.012239     0.000000
--
0 1
O     1.197566    -0.108087     0.000000
H     1.415397     0.827014     0.000000
H     0.134830    -0.084378     0.000000
$end

$rem
JOBTYPE			EDA
EDA2			1
method			wB97X-V
BASIS			def2-TZVPD
XC_GRID			000099000590
NL_GRID			1
UNRESTRICTED		FALSE
MAX_SCF_CYCLES		200
SYMMETRY		FALSE
SYM_IGNORE		TRUE
MEM_STATIC		2000
BASIS_LIN_DEP_THRESH 	6
THRESH 			14
SCF_CONVERGENCE 	8
SCF_PRINT_FRGM 		TRUE
$end
--------------------------------------------------------------
 ----------------------------------------------------------------
             Standard Nuclear Orientation (Angstroms)
    I     Atom           X                Y                Z
 ----------------------------------------------------------------
    1      F      -1.2363890000     0.0122390000     0.0000000000
    2      O       1.1975660000    -0.1080870000     0.0000000000
    3      H       1.4153970000     0.8270140000     0.0000000000
    4      H       0.1348300000    -0.0843780000     0.0000000000
 ----------------------------------------------------------------
 Nuclear Repulsion Energy =          29.54457457 hartrees
 There are       10 alpha and       10 beta electrons
 Requested basis set is def2-TZVPD
 There are 38 shells and 98 basis functions

 Total QAlloc Memory Limit  96000 MB
 Mega-Array Size      1956 MB
 MEM_STATIC part      2000 MB

                       Distance Matrix (Angstroms)
             F (  1)   O (  2)   H (  3)
   O (  2)  2.436927
   H (  3)  2.774135  0.960138
   H (  4)  1.374619  1.063000  1.571778
 
 A cutoff of  1.0D-14 yielded    731 shell pairs
 There are      4955 function pairs (      6280 Cartesian)
 Smallest overlap matrix eigenvalue = 6.51E-04

 Scale SEOQF with 1.000000e-01/1.000000e-01/1.000000e-01

 Standard Electronic Orientation quadrupole field applied
 Nucleus-field energy     =     0.0000000010 hartrees

 -----------------------------------------------------------------------
  General SCF calculation program by
  Eric Jon Sundstrom, Paul Horn, Yuezhi Mao, Dmitri Zuev, Alec White,
  David Stuck, Shaama M.S., Shane Yost, Joonho Lee, David Small,
  Daniel Levine, Susi Lehtola, Hugh Burton, Evgeny Epifanovsky
 -----------------------------------------------------------------------
================================================================
                 ALMO-EDA with the EDA2 driver                  
================================================================
 The second-generation ALMO-EDA (for DFT):                      
 P. R. Horn, Y. Mao and M. Head-Gordon, PCCP, 18, 23067 (2016)  
 Decomposition of the frozen energy:                            
 P. R. Horn, Y. Mao and M. Head-Gordon, JCP, 144, 114107 (2016) 
 FERF model for polarization:                                   
 P. R. Horn and M. Head-Gordon, JCP, 143, 114111 (2015)         
Using eda2 option set 1
Option set summary: Frozen orbital wavefunction, initial wavefunction decomposition, and nDQ polarization.
--------------------------------
Printing EDA Options
--------------------------------
eda_child_super_basis      0
fragmo_guess_mode          0
child_mp                   1
child_mp_orders            232
cls_elec                   1
cls_disp                   0
scfmi_mode                 1
scfmi_occs                 0
scfmi_virts                0
frz_relax                  0
frz_relax_method           0
dc_pen_start               0
dc_pen_conv                0
dc_pen_increment           0
dc_pen_steps               0
dc_pen_thresh_factor       0
dc_pen_pre_newton_thresh   0
frz_ortho_decomp           1
frz_ortho_decomp_conv      6
frgm_method                2
scfmi_freeze_ss            0
separate_rehyb             0
plot_diff_den              0
eda_nocv                   0
eda_vct_relax              1
disp_free_x                0
disp_free_c                0
eda_bsse                   0
eda_pct_a                  0
eda_covp                   0
--------------------------------
Attempting to make child job directory: /tmp/qchem47064//Frg1/
Attempting to make child job directory: /tmp/qchem47064//Frg2/
Creating input file /tmp/qchem47064/Frg1.input
using default PutDataFrgm: nothing
calling putenv with: QCSCRATCH=/tmp/qchem47064/ 
calling putenv with: QCLOCALSCR=/tmp/qchem47064/ 
Spawning Job For Fragment 0
                  Welcome to Q-Chem
     A Quantum Leap Into The Future Of Chemistry


 Q-Chem 5.2, Q-Chem, Inc., Pleasanton, CA (2019)

 License issued to: National Energy Research Scientific Computing Center

 Yihan Shao,  Zhengting Gan,  E. Epifanovsky,  A. T. B. Gilbert,  M. Wormit,  
 J. Kussmann,  A. W. Lange,  A. Behn,  Jia Deng,  Xintian Feng,  D. Ghosh,  
 M. Goldey,  P. R. Horn,  L. D. Jacobson,  I. Kaliman,  T. Kus,  A. Landau,  
 Jie Liu,  E. I. Proynov,  R. M. Richard,  R. P. Steele,  E. J. Sundstrom,  
 H. L. Woodcock III,  P. M. Zimmerman,  D. Zuev,  B. Albrecht,  E. Alguire,  
 S. A. Baeppler,  D. Barton,  Z. Benda,  Y. A. Bernard,  E. J. Berquist,  
 K. B. Bravaya,  H. Burton,  D. Casanova,  Chun-Min Chang,  Yunqing Chen,  
 A. Chien,  K. D. Closser,  M. P. Coons,  S. Coriani,  S. Dasgupta,  
 A. L. Dempwolff,  M. Diedenhofen,  Hainam Do,  R. G. Edgar,  Po-Tung Fang,  
 S. Faraji,  S. Fatehi,  Qingguo Feng,  K. D. Fenk,  J. Fosso-Tande,  
 J. Gayvert,  Qinghui Ge,  A. Ghysels,  G. Gidofalvi,  J. Gomes,  
 J. Gonthier,  A. Gunina,  D. Hait,  M. W. D. Hanson-Heine,  
 P. H. P. Harbach,  A. W. Hauser,  M. F. Herbst,  J. E. Herr,  
 E. G. Hohenstein,  Z. C. Holden,  Kerwin Hui,  B. C. Huynh,  T.-C. Jagau,  
 Hyunjun Ji,  B. Kaduk,  K. Khistyaev,  Jaehoon Kim,  P. Klunzinger,  K. Koh,  
 D. Kosenkov,  L. Koulias,  T. Kowalczyk,  C. M. Krauter,  A. Kunitsa,  
 Ka Un Lao,  A. Laurent,  K. V. Lawler,  Joonho Lee,  D. Lefrancois,  
 S. Lehtola,  D. S. Levine,  Yi-Pei Li,  You-Sheng Lin,  Fenglai Liu,  
 E. Livshits,  A. Luenser,  P. Manohar,  E. Mansoor,  S. F. Manzer,  
 Shan-Ping Mao,  Yuezhi Mao,  N. Mardirossian,  A. V. Marenich,  
 T. Markovich,  L. A. Martinez-Martinez,  S. A. Maurer,  N. J. Mayhall,  
 S. C. McKenzie,  J.-M. Mewes,  P. Morgante,  A. F. Morrison,  
 J. W. Mullinax,  K. Nanda,  T. S. Nguyen-Beck,  R. Olivares-Amaya,  
 J. A. Parkhill,  Zheng Pei,  T. M. Perrine,  F. Plasser,  P. Pokhilko,  
 S. Prager,  A. Prociuk,  E. Ramos,  D. R. Rehn,  F. Rob,  M. Scheurer,  
 M. Schneider,  N. Sergueev,  S. M. Sharada,  S. Sharma,  D. W. Small,  
 T. Stauch,  T. Stein,  Yu-Chuan Su,  A. J. W. Thom,  A. Tkatchenko,  
 T. Tsuchimochi,  N. M. Tubman,  L. Vogt,  M. L. Vidal,  O. Vydrov,  
 M. A. Watson,  J. Wenzel,  M. de Wergifosse,  T. A. Wesolowski,  A. White,  
 J. Witte,  A. Yamada,  Jun Yang,  K. Yao,  S. Yeganeh,  S. R. Yost,  
 Zhi-Qiang You,  A. Zech,  Igor Ying Zhang,  Xing Zhang,  Yan Zhao,  
 Ying Zhu,  B. R. Brooks,  G. K. L. Chan,  C. J. Cramer,  M. S. Gordon,  
 W. J. Hehre,  A. Klamt,  M. W. Schmidt,  C. D. Sherrill,  D. G. Truhlar,  
 A. Aspuru-Guzik,  R. Baer,  A. T. Bell,  N. A. Besley,  Jeng-Da Chai,  
 A. E. DePrince, III,  R. A. DiStasio Jr.,  A. Dreuw,  B. D. Dunietz,  
 T. R. Furlani,  Chao-Ping Hsu,  Yousung Jung,  Jing Kong,  D. S. Lambrecht,  
 WanZhen Liang,  C. Ochsenfeld,  V. A. Rassolov,  L. V. Slipchenko,  
 J. E. Subotnik,  T. Van Voorhis,  J. M. Herbert,  A. I. Krylov,  
 P. M. W. Gill,  M. Head-Gordon

 Contributors to earlier versions of Q-Chem not listed above: 
 R. D. Adamson,  B. Austin,  J. Baker,  G. J. O. Beran,  K. Brandhorst,  
 S. T. Brown,  E. F. C. Byrd,  A. K. Chakraborty,  C.-L. Cheng,  
 Siu Hung Chien,  D. M. Chipman,  D. L. Crittenden,  H. Dachsel,  
 R. J. Doerksen,  A. D. Dutoi,  L. Fusti-Molnar,  W. A. Goddard III,  
 A. Golubeva-Zadorozhnaya,  S. R. Gwaltney,  G. Hawkins,  A. Heyden,  
 S. Hirata,  G. Kedziora,  F. J. Keil,  C. Kelley,  Jihan Kim,  R. A. King,  
 R. Z. Khaliullin,  P. P. Korambath,  W. Kurlancheek,  A. M. Lee,  M. S. Lee,  
 S. V. Levchenko,  Ching Yeh Lin,  D. Liotard,  R. C. Lochan,  I. Lotan,  
 P. E. Maslen,  N. Nair,  D. P. O'Neill,  D. Neuhauser,  E. Neuscamman,  
 C. M. Oana,  R. Olson,  B. Peters,  R. Peverati,  P. A. Pieniazek,  
 Y. M. Rhee,  J. Ritchie,  M. A. Rohrdanz,  E. Rosta,  N. J. Russ,  
 H. F. Schaefer III,  N. E. Schultz,  N. Shenvi,  A. C. Simmonett,  A. Sodt,  
 D. Stuck,  K. S. Thanthiriwatte,  V. Vanovschi,  Tao Wang,  A. Warshel,  
 C. F. Williams,  Q. Wu,  X. Xu,  W. Zhang

 Please cite Q-Chem as follows:
 Y. Shao et al., Mol. Phys. 113, 184-215 (2015)
 DOI: 10.1080/00268976.2014.952696

 Q-Chem 5.2.0 for Intel X86 EM64T Linux

 Parts of Q-Chem use Armadillo 8.300.2 (Tropical Shenanigans).
 http://arma.sourceforge.net/

 Q-Chem begins on Sun Aug 15 15:20:58 2021  

Host: cori11
0

     Scratch files written to /tmp/qchem47064//Frg1//
 May1019 |scratch|qcdevops|jenkins|workspace|build_RNUM -1
Processing $rem in /global/common/cori/software/qchem/5.2/config/preferences:
	 MEM_TOTAL  96000 
NAlpha2: 10
NElect   10
Mult     1

Checking the input file for inconsistencies... 	...done.

--------------------------------------------------------------
User input:
--------------------------------------------------------------
$molecule
-1 1
 9	-1.2363890000	0.0122390000	0.0000000000
$end
$rem
EDA2		1
METHOD		WB97X-V
BASIS		DEF2-TZVPD
XC_GRID		000099000590
NL_GRID		1
UNRESTRICTED		FALSE
MAX_SCF_CYCLES		200
SYMMETRY		FALSE
SYM_IGNORE		TRUE
BASIS_LIN_DEP_THRESH		6
THRESH		14
SCF_CONVERGENCE		8
SCF_PRINT_FRGM		TRUE
!required keywords
JOBTYPE		SP
SYM_IGNORE		TRUE
SUBSYSTEM		TRUE
GEN_SCFMAN		TRUE
CHILD_INSTRUCTION		2
SYM_IGNORE		TRUE
SCFMI		0
RI_K 0		
PARI_K 0		
MIN_PARI_K 0		
IARI_K 0		
OCC_RI_K 0		
PURECART		1111
MEM_STATIC		2000
MEM_TOTAL		96000
GUI		0
CHILD_MP		1
CHILD_MP_ORDERS		232
FRZ_RELAX		0
FRZ_RELAX_METHOD		0
EDA_CLS_ELEC		1
EDA_CLS_DISP		0
FRZ_ORTHO_DECOMP		1
EDA2		FALSE
FRGM_METHOD		FALSE
CIS_N_ROOTS  0
LOCAL_CIS    0
CIS_RLX_DNS  1
$end
--------------------------------------------------------------
 ----------------------------------------------------------------
             Standard Nuclear Orientation (Angstroms)
    I     Atom           X                Y                Z
 ----------------------------------------------------------------
    1      F      -1.2363890000     0.0122390000     0.0000000000
 ----------------------------------------------------------------
 Nuclear Repulsion Energy =           0.00000000 hartrees
 There are        5 alpha and        5 beta electrons
 Requested basis set is def2-TZVPD
 There are 14 shells and 40 basis functions

 Total QAlloc Memory Limit  96000 MB
 Mega-Array Size      1956 MB
 MEM_STATIC part      2000 MB
 A cutoff of  1.0D-14 yielded    105 shell pairs
 There are       883 function pairs (      1183 Cartesian)
 Smallest overlap matrix eigenvalue = 1.55E-02

 Scale SEOQF with 1.000000e-01/1.000000e-01/1.000000e-01

 Standard Electronic Orientation quadrupole field applied
 Nucleus-field energy     =     0.0000000005 hartrees
 Guess from superposition of atomic densities
 Warning:  Energy on first SCF cycle will be non-variational
 SAD guess density has 8.833064 electrons

 -----------------------------------------------------------------------
  General SCF calculation program by
  Eric Jon Sundstrom, Paul Horn, Yuezhi Mao, Dmitri Zuev, Alec White,
  David Stuck, Shaama M.S., Shane Yost, Joonho Lee, David Small,
  Daniel Levine, Susi Lehtola, Hugh Burton, Evgeny Epifanovsky
 -----------------------------------------------------------------------
 Exchange:     0.1670 Hartree-Fock + 1.0000 wB97X-V + LR-HF
 Correlation:  1.0000 wB97X-V
 Using Euler-Maclaurin-Lebedev (99,590) quadrature formula
 Nonlocal Correlation:  VV10 with C = 0.0100 and b = 6.00 and scale = 1.00000
 Grid used for NLC:  SG-1 standard quadrature
Energy prior to optimization (guess energy) = -99.413922965468
Begin Timing: Total SCF Calculation
begin iterations for algorithm: DIIS         
the SCF tolerance is set to 1.00e-08
    1     -99.4139229655      6.03e-02     00000 
    2     -96.5835460520      1.37e-01     00000 
    3     -99.8429509919      9.09e-03     00000 
    4     -99.8591262124      1.08e-03     00000 
    5     -99.8592045217      3.22e-04     00000 
    6     -99.8592145424      5.99e-05     00000 
    7     -99.8592149365      1.52e-06     00000 
    8     -99.8592149367      2.48e-07     00000 
    9     -99.8592149368      5.60e-08     00000 
   10     -99.8592149368      1.61e-09     00000 Convergence criterion met
Timing for Total SCF: 20.00s (wall), 35.15s (cpu)
Multipole orders to be included
        2
        3
computing dipole RHS
computing quadrupole RHS
total number of RHS in solve_reponses: 8
RHS batch sizes
        8
Beginning Block Conjugate Gradient Iterations. Batch Number: 0
computing hessian-vector products by finite difference
              1      3.81e-01     00000 Conjugate Gradient Iteration
computing hessian-vector products by finite difference
              2      1.29e-01     00000 Conjugate Gradient Iteration
computing hessian-vector products by finite difference
              3      2.94e-02     00000 Conjugate Gradient Iteration
computing hessian-vector products by finite difference
              4      1.89e-03     00000 Conjugate Gradient Iteration
computing hessian-vector products by finite difference
              5      1.86e-04     00000 Conjugate Gradient Iteration
computing hessian-vector products by finite difference
              6      9.08e-06     00000 Conjugate Gradient Iteration
computing hessian-vector products by finite difference
              7      2.99e-07     00000 Conjugate Gradient Iteration
computing hessian-vector products by finite difference
              8      9.94e-09     00000 CG Converged
batch 0 complete
Done Calculating Responses
TESTING ORTHOGONALIZATION OF MULTIPOLE BASIS
Multipole virts passed orthogonality test
Virts Per Order
        12
        20
 
 --------------------------------------------------------------
 
                    Orbital Energies (a.u.)
 --------------------------------------------------------------
 
 Alpha MOs
 -- Occupied --
-24.3187  -0.8301  -0.1030  -0.1030  -0.1030
 -- Virtual --
  0.3678   0.3678   0.3678   0.4148   0.8591   0.8591   0.8591   0.8591
  0.8591   1.1268   1.1268   1.1268   1.2895   2.7341   2.7341   2.7341
  2.7341   2.7341   3.7943   3.7943   3.7943   4.3395   7.4027   7.4027
  7.4027   7.4027   7.4027   7.4027   7.4027   8.9582   8.9582   8.9582
  8.9582   8.9582  57.1221
 --------------------------------------------------------------
 
          Ground-State Mulliken Net Atomic Charges

     Atom                 Charge (a.u.)
  ----------------------------------------
      1 F                    -1.000000
  ----------------------------------------
  Sum of atomic charges =    -1.000000

 -----------------------------------------------------------------
                    Cartesian Multipole Moments
 -----------------------------------------------------------------
    Charge (ESU x 10^10)
                -4.8032
    Dipole Moment (Debye)
         X       5.9386      Y      -0.0588      Z      -0.0000
       Tot       5.9389
    Quadrupole Moments (Debye-Ang)
        XX     -15.2604     XY       0.0727     YY      -7.9187
        XZ       0.0000     YZ      -0.0000     ZZ      -7.9180
    Octopole Moments (Debye-Ang^2)
       XXX      38.4472    XXY      -0.1868    XYY       9.7906
       YYY      -0.2907    XXZ      -0.0000    XYZ       0.0000
       YYZ      -0.0000    XZZ       9.7897    YZZ      -0.0969
       ZZZ      -0.0000
    Hexadecapole Moments (Debye-Ang^3)
      XXXX     -95.3186   XXXY       0.4706   XXYY     -15.9299
      XYYY       0.3595   YYYY     -11.4783   XXXZ       0.0000
      XXYZ      -0.0000   XYYZ      -0.0000   YYYZ      -0.0000
      XXZZ     -15.9276   XYZZ       0.1198   YYZZ      -3.8249
      XZZZ       0.0000   YZZZ      -0.0000   ZZZZ     -11.4712
 -----------------------------------------------------------------

 STANDARD THERMODYNAMIC QUANTITIES AT   298.15 K  AND     1.00 ATM

   Translational Enthalpy:        0.889 kcal/mol
   Rotational Enthalpy:           0.000 kcal/mol
   Vibrational Enthalpy:          0.000 kcal/mol
   gas constant (RT):             0.592 kcal/mol
   Translational Entropy:        34.767  cal/mol.K
   Rotational Entropy:            0.000  cal/mol.K
   Vibrational Entropy:           0.000  cal/mol.K

   Total Enthalpy:                1.481 kcal/mol
   Total Entropy:                34.767  cal/mol.K

 -----------------------------------------------------------------

Archival summary:
1\1\nid00538\SP\ProcedureUnspecified\BasisUnspecified\1(1-,1)\meili\SunAug1515:25:582021SunAug1515:25:582021\0\\#,ProcedureUnspecified,BasisUnspecified,\\-1,1\F\\\@

 Total job time:  299.65s(wall), 551.57s(cpu) 
 Sun Aug 15 15:25:58 2021

        *************************************************************
        *                                                           *
        *  Thank you very much for using Q-Chem.  Have a nice day.  *
        *                                                           *
        *************************************************************


Done Job For Fragment 0
calling putenv with: QCSCRATCH=/global/cscratch1/sd/meili 
calling putenv with: QCLOCALSCR=/tmp 
calling putenv with: QCTHREADS=32 
Creating input file /tmp/qchem47064/Frg2.input
using default PutDataFrgm: nothing
calling putenv with: QCSCRATCH=/tmp/qchem47064/ 
calling putenv with: QCLOCALSCR=/tmp/qchem47064/ 
Spawning Job For Fragment 1
                  Welcome to Q-Chem
     A Quantum Leap Into The Future Of Chemistry


 Q-Chem 5.2, Q-Chem, Inc., Pleasanton, CA (2019)

 License issued to: National Energy Research Scientific Computing Center

 Yihan Shao,  Zhengting Gan,  E. Epifanovsky,  A. T. B. Gilbert,  M. Wormit,  
 J. Kussmann,  A. W. Lange,  A. Behn,  Jia Deng,  Xintian Feng,  D. Ghosh,  
 M. Goldey,  P. R. Horn,  L. D. Jacobson,  I. Kaliman,  T. Kus,  A. Landau,  
 Jie Liu,  E. I. Proynov,  R. M. Richard,  R. P. Steele,  E. J. Sundstrom,  
 H. L. Woodcock III,  P. M. Zimmerman,  D. Zuev,  B. Albrecht,  E. Alguire,  
 S. A. Baeppler,  D. Barton,  Z. Benda,  Y. A. Bernard,  E. J. Berquist,  
 K. B. Bravaya,  H. Burton,  D. Casanova,  Chun-Min Chang,  Yunqing Chen,  
 A. Chien,  K. D. Closser,  M. P. Coons,  S. Coriani,  S. Dasgupta,  
 A. L. Dempwolff,  M. Diedenhofen,  Hainam Do,  R. G. Edgar,  Po-Tung Fang,  
 S. Faraji,  S. Fatehi,  Qingguo Feng,  K. D. Fenk,  J. Fosso-Tande,  
 J. Gayvert,  Qinghui Ge,  A. Ghysels,  G. Gidofalvi,  J. Gomes,  
 J. Gonthier,  A. Gunina,  D. Hait,  M. W. D. Hanson-Heine,  
 P. H. P. Harbach,  A. W. Hauser,  M. F. Herbst,  J. E. Herr,  
 E. G. Hohenstein,  Z. C. Holden,  Kerwin Hui,  B. C. Huynh,  T.-C. Jagau,  
 Hyunjun Ji,  B. Kaduk,  K. Khistyaev,  Jaehoon Kim,  P. Klunzinger,  K. Koh,  
 D. Kosenkov,  L. Koulias,  T. Kowalczyk,  C. M. Krauter,  A. Kunitsa,  
 Ka Un Lao,  A. Laurent,  K. V. Lawler,  Joonho Lee,  D. Lefrancois,  
 S. Lehtola,  D. S. Levine,  Yi-Pei Li,  You-Sheng Lin,  Fenglai Liu,  
 E. Livshits,  A. Luenser,  P. Manohar,  E. Mansoor,  S. F. Manzer,  
 Shan-Ping Mao,  Yuezhi Mao,  N. Mardirossian,  A. V. Marenich,  
 T. Markovich,  L. A. Martinez-Martinez,  S. A. Maurer,  N. J. Mayhall,  
 S. C. McKenzie,  J.-M. Mewes,  P. Morgante,  A. F. Morrison,  
 J. W. Mullinax,  K. Nanda,  T. S. Nguyen-Beck,  R. Olivares-Amaya,  
 J. A. Parkhill,  Zheng Pei,  T. M. Perrine,  F. Plasser,  P. Pokhilko,  
 S. Prager,  A. Prociuk,  E. Ramos,  D. R. Rehn,  F. Rob,  M. Scheurer,  
 M. Schneider,  N. Sergueev,  S. M. Sharada,  S. Sharma,  D. W. Small,  
 T. Stauch,  T. Stein,  Yu-Chuan Su,  A. J. W. Thom,  A. Tkatchenko,  
 T. Tsuchimochi,  N. M. Tubman,  L. Vogt,  M. L. Vidal,  O. Vydrov,  
 M. A. Watson,  J. Wenzel,  M. de Wergifosse,  T. A. Wesolowski,  A. White,  
 J. Witte,  A. Yamada,  Jun Yang,  K. Yao,  S. Yeganeh,  S. R. Yost,  
 Zhi-Qiang You,  A. Zech,  Igor Ying Zhang,  Xing Zhang,  Yan Zhao,  
 Ying Zhu,  B. R. Brooks,  G. K. L. Chan,  C. J. Cramer,  M. S. Gordon,  
 W. J. Hehre,  A. Klamt,  M. W. Schmidt,  C. D. Sherrill,  D. G. Truhlar,  
 A. Aspuru-Guzik,  R. Baer,  A. T. Bell,  N. A. Besley,  Jeng-Da Chai,  
 A. E. DePrince, III,  R. A. DiStasio Jr.,  A. Dreuw,  B. D. Dunietz,  
 T. R. Furlani,  Chao-Ping Hsu,  Yousung Jung,  Jing Kong,  D. S. Lambrecht,  
 WanZhen Liang,  C. Ochsenfeld,  V. A. Rassolov,  L. V. Slipchenko,  
 J. E. Subotnik,  T. Van Voorhis,  J. M. Herbert,  A. I. Krylov,  
 P. M. W. Gill,  M. Head-Gordon

 Contributors to earlier versions of Q-Chem not listed above: 
 R. D. Adamson,  B. Austin,  J. Baker,  G. J. O. Beran,  K. Brandhorst,  
 S. T. Brown,  E. F. C. Byrd,  A. K. Chakraborty,  C.-L. Cheng,  
 Siu Hung Chien,  D. M. Chipman,  D. L. Crittenden,  H. Dachsel,  
 R. J. Doerksen,  A. D. Dutoi,  L. Fusti-Molnar,  W. A. Goddard III,  
 A. Golubeva-Zadorozhnaya,  S. R. Gwaltney,  G. Hawkins,  A. Heyden,  
 S. Hirata,  G. Kedziora,  F. J. Keil,  C. Kelley,  Jihan Kim,  R. A. King,  
 R. Z. Khaliullin,  P. P. Korambath,  W. Kurlancheek,  A. M. Lee,  M. S. Lee,  
 S. V. Levchenko,  Ching Yeh Lin,  D. Liotard,  R. C. Lochan,  I. Lotan,  
 P. E. Maslen,  N. Nair,  D. P. O'Neill,  D. Neuhauser,  E. Neuscamman,  
 C. M. Oana,  R. Olson,  B. Peters,  R. Peverati,  P. A. Pieniazek,  
 Y. M. Rhee,  J. Ritchie,  M. A. Rohrdanz,  E. Rosta,  N. J. Russ,  
 H. F. Schaefer III,  N. E. Schultz,  N. Shenvi,  A. C. Simmonett,  A. Sodt,  
 D. Stuck,  K. S. Thanthiriwatte,  V. Vanovschi,  Tao Wang,  A. Warshel,  
 C. F. Williams,  Q. Wu,  X. Xu,  W. Zhang

 Please cite Q-Chem as follows:
 Y. Shao et al., Mol. Phys. 113, 184-215 (2015)
 DOI: 10.1080/00268976.2014.952696

 Q-Chem 5.2.0 for Intel X86 EM64T Linux

 Parts of Q-Chem use Armadillo 8.300.2 (Tropical Shenanigans).
 http://arma.sourceforge.net/

 Q-Chem begins on Sun Aug 15 15:25:58 2021  

Host: cori11
0

     Scratch files written to /tmp/qchem47064//Frg2//
 May1019 |scratch|qcdevops|jenkins|workspace|build_RNUM -1
Processing $rem in /global/common/cori/software/qchem/5.2/config/preferences:
	 MEM_TOTAL  96000 
NAlpha2: 10
NElect   10
Mult     1

Checking the input file for inconsistencies... 	...done.

--------------------------------------------------------------
User input:
--------------------------------------------------------------
$molecule
0 1
 8	1.1975660000	-0.1080870000	0.0000000000
 1	1.4153970000	0.8270140000	0.0000000000
 1	0.1348300000	-0.0843780000	0.0000000000
$end
$rem
EDA2		1
METHOD		WB97X-V
BASIS		DEF2-TZVPD
XC_GRID		000099000590
NL_GRID		1
UNRESTRICTED		FALSE
MAX_SCF_CYCLES		200
SYMMETRY		FALSE
SYM_IGNORE		TRUE
BASIS_LIN_DEP_THRESH		6
THRESH		14
SCF_CONVERGENCE		8
SCF_PRINT_FRGM		TRUE
!required keywords
JOBTYPE		SP
SYM_IGNORE		TRUE
SUBSYSTEM		TRUE
GEN_SCFMAN		TRUE
CHILD_INSTRUCTION		2
SYM_IGNORE		TRUE
SCFMI		0
RI_K 0		
PARI_K 0		
MIN_PARI_K 0		
IARI_K 0		
OCC_RI_K 0		
PURECART		1111
MEM_STATIC		2000
MEM_TOTAL		96000
GUI		0
CHILD_MP		1
CHILD_MP_ORDERS		232
FRZ_RELAX		0
FRZ_RELAX_METHOD		0
EDA_CLS_ELEC		1
EDA_CLS_DISP		0
FRZ_ORTHO_DECOMP		1
EDA2		FALSE
FRGM_METHOD		FALSE
CIS_N_ROOTS  0
LOCAL_CIS    0
CIS_RLX_DNS  1
$end
--------------------------------------------------------------
 ----------------------------------------------------------------
             Standard Nuclear Orientation (Angstroms)
    I     Atom           X                Y                Z
 ----------------------------------------------------------------
    1      O       1.1975660000    -0.1080870000     0.0000000000
    2      H       1.4153970000     0.8270140000     0.0000000000
    3      H       0.1348300000    -0.0843780000     0.0000000000
 ----------------------------------------------------------------
 Nuclear Repulsion Energy =           8.72836963 hartrees
 There are        5 alpha and        5 beta electrons
 Requested basis set is def2-TZVPD
 There are 24 shells and 58 basis functions

 Total QAlloc Memory Limit  96000 MB
 Mega-Array Size      1956 MB
 MEM_STATIC part      2000 MB

                       Distance Matrix (Angstroms)
             O (  1)   H (  2)
   H (  2)  0.960138
   H (  3)  1.063000  1.571778
 
 A cutoff of  1.0D-14 yielded    300 shell pairs
 There are      1786 function pairs (      2194 Cartesian)
 Smallest overlap matrix eigenvalue = 2.11E-03

 Scale SEOQF with 1.000000e-01/1.000000e-01/1.000000e-01

 Standard Electronic Orientation quadrupole field applied
 Nucleus-field energy     =     0.0000000005 hartrees
 Guess from superposition of atomic densities
 Warning:  Energy on first SCF cycle will be non-variational
 SAD guess density has 9.825026 electrons

 -----------------------------------------------------------------------
  General SCF calculation program by
  Eric Jon Sundstrom, Paul Horn, Yuezhi Mao, Dmitri Zuev, Alec White,
  David Stuck, Shaama M.S., Shane Yost, Joonho Lee, David Small,
  Daniel Levine, Susi Lehtola, Hugh Burton, Evgeny Epifanovsky
 -----------------------------------------------------------------------
 Exchange:     0.1670 Hartree-Fock + 1.0000 wB97X-V + LR-HF
 Correlation:  1.0000 wB97X-V
 Using Euler-Maclaurin-Lebedev (99,590) quadrature formula
 Nonlocal Correlation:  VV10 with C = 0.0100 and b = 6.00 and scale = 1.00000
 Grid used for NLC:  SG-1 standard quadrature
Energy prior to optimization (guess energy) = -76.118383859109
Begin Timing: Total SCF Calculation
begin iterations for algorithm: DIIS         
the SCF tolerance is set to 1.00e-08
    1     -76.1183838591      3.34e-02     00000 
    2     -75.9727033303      3.84e-02     00000 
    3     -76.4256659273      1.68e-03     00000 
    4     -76.4266948656      1.87e-04     00000 
    5     -76.4267131585      4.25e-05     00000 
    6     -76.4267148037      7.83e-06     00000 
    7     -76.4267148795      1.39e-06     00000 
    8     -76.4267148820      1.81e-07     00000 
    9     -76.4267148820      4.43e-08     00000 
   10     -76.4267148820      8.81e-09     00000 Convergence criterion met
Timing for Total SCF: 31.00s (wall), 59.16s (cpu)
Multipole orders to be included
        2
        3
computing dipole RHS
computing quadrupole RHS
total number of RHS in solve_reponses: 8
RHS batch sizes
        8
Beginning Block Conjugate Gradient Iterations. Batch Number: 0
computing hessian-vector products by finite difference
              1      4.45e-01     00000 Conjugate Gradient Iteration
computing hessian-vector products by finite difference
              2      1.12e-01     00000 Conjugate Gradient Iteration
computing hessian-vector products by finite difference
              3      2.14e-02     00000 Conjugate Gradient Iteration
computing hessian-vector products by finite difference
              4      3.32e-03     00000 Conjugate Gradient Iteration
computing hessian-vector products by finite difference
              5      4.43e-04     00000 Conjugate Gradient Iteration
computing hessian-vector products by finite difference
              6      4.08e-05     00000 Conjugate Gradient Iteration
computing hessian-vector products by finite difference
              7      3.25e-06     00000 Conjugate Gradient Iteration
computing hessian-vector products by finite difference
              8      1.90e-07     00000 Conjugate Gradient Iteration
computing hessian-vector products by finite difference
              9      1.86e-08     00000 Conjugate Gradient Iteration
computing hessian-vector products by finite difference
             10      4.62e-09     00000 CG Converged
batch 0 complete
Done Calculating Responses
TESTING ORTHOGONALIZATION OF MULTIPOLE BASIS
Multipole virts passed orthogonality test
Virts Per Order
        15
        24
 
 --------------------------------------------------------------
 
                    Orbital Energies (a.u.)
 --------------------------------------------------------------
 
 Alpha MOs
 -- Occupied --
-19.2279  -1.1279  -0.6228  -0.5061  -0.4265
 -- Virtual --
  0.0567   0.1008   0.1311   0.1315   0.1936   0.2283   0.2567   0.2653
  0.2827   0.3206   0.3416   0.3775   0.4910   0.5068   0.5409   0.5855
  0.5905   0.7003   0.7701   0.7776   0.7919   0.9810   1.0516   1.5895
  1.6689   1.6851   1.8036   1.8459   1.9156   2.1549   2.2375   2.4051
  2.5242   2.6811   2.7580   2.8751   2.9007   3.1648   3.8179   4.0082
  5.2066   5.3394   5.4438   5.5146   5.5501   5.9419   6.3436   6.5490
  6.5965   6.6250   6.9094   7.1708  43.7011
 --------------------------------------------------------------
 
          Ground-State Mulliken Net Atomic Charges

     Atom                 Charge (a.u.)
  ----------------------------------------
      1 O                    -0.623491
      2 H                     0.303105
      3 H                     0.320386
  ----------------------------------------
  Sum of atomic charges =     0.000000

 -----------------------------------------------------------------
                    Cartesian Multipole Moments
 -----------------------------------------------------------------
    Charge (ESU x 10^10)
                -0.0000
    Dipole Moment (Debye)
         X      -1.2490      Y       1.4945      Z       0.0000
       Tot       1.9477
    Quadrupole Moments (Debye-Ang)
        XX      -7.7969     XY       2.5655     YY      -5.8056
        XZ       0.0000     YZ       0.0000     ZZ      -7.9465
    Octopole Moments (Debye-Ang^2)
       XXX     -23.4209    XXY       4.0742    XYY      -6.1101
       YYY       1.8700    XXZ       0.0000    XYZ      -0.0000
       YYZ       0.0000    XZZ      -8.9150    YZZ       0.2579
       ZZZ       0.0000
    Hexadecapole Moments (Debye-Ang^3)
      XXXX     -60.2043   XXXY       6.3734   XXYY      -9.1690
      XYYY       2.4914   YYYY      -7.1613   XXXZ       0.0000
      XXYZ      -0.0000   XYYZ       0.0000   YYYZ       0.0000
      XXZZ     -12.9030   XYZZ       0.2777   YYZZ      -2.7408
      XZZZ       0.0000   YZZZ      -0.0000   ZZZZ      -8.0235
 -----------------------------------------------------------------
Archival summary:
1\1\nid00538\SP\ProcedureUnspecified\BasisUnspecified\12\meili\SunAug1515:35:422021SunAug1515:35:422021\0\\#,ProcedureUnspecified,BasisUnspecified,\\0,1\O\H,1,0.960138\H,1,1.063,2,101.835\\\@

 Total job time:  583.89s(wall), 1107.91s(cpu) 
 Sun Aug 15 15:35:42 2021

        *************************************************************
        *                                                           *
        *  Thank you very much for using Q-Chem.  Have a nice day.  *
        *                                                           *
        *************************************************************


Done Job For Fragment 1
calling putenv with: QCSCRATCH=/global/cscratch1/sd/meili 
calling putenv with: QCLOCALSCR=/tmp 
calling putenv with: QCTHREADS=32 
Doing General SCFMI
 Exchange:     0.1670 Hartree-Fock + 1.0000 wB97X-V + LR-HF
 Correlation:  1.0000 wB97X-V
 Using Euler-Maclaurin-Lebedev (99,590) quadrature formula
 Nonlocal Correlation:  VV10 with C = 0.0100 and b = 6.00 and scale = 1.00000
 Grid used for NLC:  SG-1 standard quadrature
performing fock build before subrot guess so that all methods have access
Printing subrot_rss_gen Method Specification:
Occupied Subspace Method is 0
Virtual Subspace Method is 0
Energy of the unrelaxed supersystem initial determinant -176.284913769314
write pseudocanon occs and virts to disk
write pseudocanon orbital energies to disk
Tolerance of ortho_decomp_scf: 1.00e-06
GDM subspace size: 20
Beginning the Orthogonal Decomposition of the Initial Supersystem Wavefunction
    1    -176.0964129944      6.07e-01     ortho_decomp Preconditoned Steepest Descent
    2    -176.1296721412      1.50e-02     ortho_decomp BFGS Step
    3    -176.1297959794      1.36e-03     ortho_decomp BFGS Step
    4    -176.1297961916      5.28e-05     ortho_decomp BFGS Step
    5    -176.1297961921      1.98e-06     ortho_decomp BFGS Step
    6    -176.1297961921      1.71e-07     ortho_decomp 00000 Convergence criterion met
 Hartree-Fock
 Hartree-Fock
 Hartree-Fock
Doing General SCFMI
 Exchange:     0.1670 Hartree-Fock + 1.0000 wB97X-V + LR-HF
 Correlation:  1.0000 wB97X-V
 Using Euler-Maclaurin-Lebedev (99,590) quadrature formula
 Nonlocal Correlation:  VV10 with C = 0.0100 and b = 6.00 and scale = 1.00000
 Grid used for NLC:  SG-1 standard quadrature
performing fock build at end of subrot_r(subrot) constructor so that all methods have access
<S^2> of initial wavefunction before polarization iterations 0.0000000000
Beginning iterations for the determination of the polarized wavefunction
Energy prior to optimization (guess energy) = -176.284913769314
Begin Timing: Total SCF Calculation
begin iterations for algorithm: DIIS         
the SCF tolerance is set to 1.00e-08
    1    -176.2849137693      2.67e-03     00000 
    2    -176.3082470093      9.08e-04     00000 
    3    -176.3102276988      7.15e-04     00000 
    4    -176.3109789295      1.51e-04     00000 
    5    -176.3110584686      5.21e-05     00000 
    6    -176.3110647152      3.21e-05     00000 
    7    -176.3110661967      2.85e-06     00000 
    8    -176.3110662503      5.80e-07     00000 
    9    -176.3110662523      1.57e-07     00000 
   10    -176.3110662524      3.09e-08     00000 
   11    -176.3110662524      6.14e-09     00000 Convergence criterion met
write pseudocanon occs and virts to disk
write pseudocanon orbital energies to disk
Timing for Total SCF: 53.00s (wall), 103.73s (cpu)
<S^2> of polarized wavefunction after polarization iterations 0.0000000000
relaxing scfmi constraint to allow all rotations in the entire AO span
Doing General SCFMI
 Exchange:     0.1670 Hartree-Fock + 1.0000 wB97X-V + LR-HF
 Correlation:  1.0000 wB97X-V
 Using Euler-Maclaurin-Lebedev (99,590) quadrature formula
 Nonlocal Correlation:  VV10 with C = 0.0100 and b = 6.00 and scale = 1.00000
 Grid used for NLC:  SG-1 standard quadrature
performing fock build at end of subrot_r(subrot) constructor so that all methods have access
<S^2> of polarized wavefunction before ct-allowed iterations 0.0000000000
Beginning iterations for the determination of the CT-Allowed wavefunction
Energy prior to optimization (guess energy) = -176.311066252432
Begin Timing: Total SCF Calculation
begin iterations for algorithm: DIIS         
the SCF tolerance is set to 1.00e-08
    1    -176.3110662524      2.13e-03     00000 
    2    -176.3358422381      4.87e-04     00000 
    3    -176.3366424701      4.93e-04     00000 
    4    -176.3372851210      5.04e-05     00000 
    5    -176.3373094122      1.61e-05     00000 
    6    -176.3373109941      7.16e-06     00000 
    7    -176.3373112505      2.55e-06     00000 
    8    -176.3373112909      2.58e-07     00000 
    9    -176.3373112925      6.23e-08     00000 
   10    -176.3373112925      1.34e-08     00000 
   11    -176.3373112925      3.44e-09     00000 Convergence criterion met
write pseudocanon occs and virts to disk
write pseudocanon orbital energies to disk
Timing for Total SCF: 54.00s (wall), 105.42s (cpu)
<S^2> of ct_allowed wavefunction after ct-allowed iterations 0.0000000000

================================
        Results of EDA2         
================================
Basic EDA Quantities
--------------------
Fragment Energies (Ha):
1  -99.8592149368
2  -76.4267148820
--------------------
  E_prp (kJ/mol) = 0.0000
  E_frz (kJ/mol) = 2.6677
  E_pol (kJ/mol) = -68.6642
  E_vct (kJ/mol) = -68.9072
  E_int (kJ/mol) = -134.9037
--------------------


Initial Wavefunction Decomposition
--------------------
  --------------------
  Orthogonal Fragment Subspace Decomposition:
  --------------------
     E_elec   (ELEC)   (kJ/mol) = -322.8513
     E_pauli  (PAULI)  (kJ/mol) = 344.1862
     E_disp   (DISP)   (kJ/mol) = -18.6672
     --------------------
     Terms summing to E_pauli:
     --------------------
        E_kep_pauli       (kJ/mol) = 409.9337
        E_disp_free_pauli (kJ/mol) = -65.7475
  --------------------
  Classical Frozen Decomposition:
  --------------------
     E_cls_elec  (CLS ELEC)  (kJ/mol) = -194.4957
     E_cls_pauli (CLS PAULI) (kJ/mol) = 197.1634
    [E_mod_pauli (MOD PAULI) (kJ/mol) = 215.8306 (CLS PAULI - DISP from orthogonal decomposition) ]
  --------------------
--------------------

Simplified EDA Summary (kJ/mol)
--------------------
 PREPARATION     0.0000
 FROZEN          21.3349      (does not include dispersion)
[PAULI           344.1862]     (if this is negligible, then frozen describes electrostatics)
 DISPERSION      -18.6672
 POLARIZATION    -68.6642
 CHARGE TRANSFER -68.9072
 TOTAL           -134.9037     (PRP + FRZ + DISP + POL + CT)
--------------------
 
 --------------------------------------------------------------
 
                    Orbital Energies (a.u.)
 --------------------------------------------------------------
 
 Alpha MOs
 -- Occupied --
-24.3831 -18.9674  -0.9194  -0.8720  -0.3833  -0.2812  -0.1930  -0.1729
 -0.1656  -0.1621
 -- Virtual --
  0.2315   0.2570   0.2694   0.2727   0.3106   0.3410   0.3569   0.4068
  0.4342   0.4645   0.5077   0.5206   0.5403   0.5774   0.6338   0.6783
  0.7057   0.7169   0.7238   0.7996   0.8093   0.8345   0.8422   0.9235
  0.9598   0.9617   0.9894   1.0352   1.0586   1.1450   1.1514   1.2218
  1.2807   1.3195   1.4299   1.6142   1.8668   1.9265   1.9625   2.0822
  2.2112   2.2617   2.4733   2.4838   2.6566   2.6675   2.6741   2.6898
  2.7853   2.8316   2.9183   3.1029   3.1462   3.1933   3.4174   3.5396
  3.7935   3.8494   3.9524   4.2292   4.3395   4.9428   5.4508   5.5937
  5.7141   5.7772   5.7943   6.3838   6.6153   6.7981   6.8499   6.8820
  7.2010   7.3273   7.3279   7.3353   7.3353   7.3749   7.3796   7.4751
  7.9194   8.8953   8.9006   8.9573   8.9701   9.3884  44.1030  57.3856
 --------------------------------------------------------------
 
          Ground-State Mulliken Net Atomic Charges

     Atom                 Charge (a.u.)
  ----------------------------------------
      1 F                    -0.856188
      2 O                    -0.775596
      3 H                     0.219878
      4 H                     0.411906
  ----------------------------------------
  Sum of atomic charges =    -1.000000

 -----------------------------------------------------------------
                    Cartesian Multipole Moments
 -----------------------------------------------------------------
    Charge (ESU x 10^10)
                -4.8032
    Dipole Moment (Debye)
         X       2.0861      Y       1.3568      Z      -0.0000
       Tot       2.4885
    Quadrupole Moments (Debye-Ang)
        XX     -24.6995     XY       2.5769     YY     -13.5297
        XZ      -0.0000     YZ      -0.0000     ZZ     -15.6344
    Octopole Moments (Debye-Ang^2)
       XXX       1.1922    XXY       3.8543    XYY       1.2333
       YYY       1.4021    XXZ       0.0000    XYZ      -0.0000
       YYZ       0.0000    XZZ      -1.5712    YZZ       0.1659
       ZZZ       0.0000
    Hexadecapole Moments (Debye-Ang^3)
      XXXX    -161.3002   XXXY       6.9095   XXYY     -25.6265
      XYYY       2.7183   YYYY     -17.3863   XXXZ      -0.0000
      XXYZ      -0.0000   XYYZ      -0.0000   YYYZ       0.0000
      XXZZ     -29.3806   XYZZ       0.4541   YYZZ      -6.1953
      XZZZ      -0.0000   YZZZ       0.0000   ZZZZ     -18.6402
 -----------------------------------------------------------------
Archival summary:
1\1\nid00538\SP\ProcedureUnspecified\BasisUnspecified\112(1-,1)\meili\SunAug1515:39:012021SunAug1515:39:012021\0\\#,ProcedureUnspecified,BasisUnspecified,\\-1,1\O\H,1,0.960138\H,1,1.063,2,101.835\F,3,1.37462,1,177.248,2,-0,0\\\@

 Total job time:  1084.98s(wall), 386.58s(cpu) 
 Sun Aug 15 15:39:01 2021

        *************************************************************
        *                                                           *
        *  Thank you very much for using Q-Chem.  Have a nice day.  *
        *                                                           *
        *************************************************************


