
Running Job 1 of 1 qchem_eda_05_f_anion_nh3.in
qchem qchem_eda_05_f_anion_nh3.in_56759.0 /tmp/qchem56759/ 0
/global/common/cori/software/qchem/5.2/exe/qcprog.exe_s qchem_eda_05_f_anion_nh3.in_56759.0 /tmp/qchem56759/
                  Welcome to Q-Chem
     A Quantum Leap Into The Future Of Chemistry


 Q-Chem 5.2, Q-Chem, Inc., Pleasanton, CA (2019)

 License issued to: National Energy Research Scientific Computing Center

 Yihan Shao,  Zhengting Gan,  E. Epifanovsky,  A. T. B. Gilbert,  M. Wormit,  
 J. Kussmann,  A. W. Lange,  A. Behn,  Jia Deng,  Xintian Feng,  D. Ghosh,  
 M. Goldey,  P. R. Horn,  L. D. Jacobson,  I. Kaliman,  T. Kus,  A. Landau,  
 Jie Liu,  E. I. Proynov,  R. M. Richard,  R. P. Steele,  E. J. Sundstrom,  
 H. L. Woodcock III,  P. M. Zimmerman,  D. Zuev,  B. Albrecht,  E. Alguire,  
 S. A. Baeppler,  D. Barton,  Z. Benda,  Y. A. Bernard,  E. J. Berquist,  
 K. B. Bravaya,  H. Burton,  D. Casanova,  Chun-Min Chang,  Yunqing Chen,  
 A. Chien,  K. D. Closser,  M. P. Coons,  S. Coriani,  S. Dasgupta,  
 A. L. Dempwolff,  M. Diedenhofen,  Hainam Do,  R. G. Edgar,  Po-Tung Fang,  
 S. Faraji,  S. Fatehi,  Qingguo Feng,  K. D. Fenk,  J. Fosso-Tande,  
 J. Gayvert,  Qinghui Ge,  A. Ghysels,  G. Gidofalvi,  J. Gomes,  
 J. Gonthier,  A. Gunina,  D. Hait,  M. W. D. Hanson-Heine,  
 P. H. P. Harbach,  A. W. Hauser,  M. F. Herbst,  J. E. Herr,  
 E. G. Hohenstein,  Z. C. Holden,  Kerwin Hui,  B. C. Huynh,  T.-C. Jagau,  
 Hyunjun Ji,  B. Kaduk,  K. Khistyaev,  Jaehoon Kim,  P. Klunzinger,  K. Koh,  
 D. Kosenkov,  L. Koulias,  T. Kowalczyk,  C. M. Krauter,  A. Kunitsa,  
 Ka Un Lao,  A. Laurent,  K. V. Lawler,  Joonho Lee,  D. Lefrancois,  
 S. Lehtola,  D. S. Levine,  Yi-Pei Li,  You-Sheng Lin,  Fenglai Liu,  
 E. Livshits,  A. Luenser,  P. Manohar,  E. Mansoor,  S. F. Manzer,  
 Shan-Ping Mao,  Yuezhi Mao,  N. Mardirossian,  A. V. Marenich,  
 T. Markovich,  L. A. Martinez-Martinez,  S. A. Maurer,  N. J. Mayhall,  
 S. C. McKenzie,  J.-M. Mewes,  P. Morgante,  A. F. Morrison,  
 J. W. Mullinax,  K. Nanda,  T. S. Nguyen-Beck,  R. Olivares-Amaya,  
 J. A. Parkhill,  Zheng Pei,  T. M. Perrine,  F. Plasser,  P. Pokhilko,  
 S. Prager,  A. Prociuk,  E. Ramos,  D. R. Rehn,  F. Rob,  M. Scheurer,  
 M. Schneider,  N. Sergueev,  S. M. Sharada,  S. Sharma,  D. W. Small,  
 T. Stauch,  T. Stein,  Yu-Chuan Su,  A. J. W. Thom,  A. Tkatchenko,  
 T. Tsuchimochi,  N. M. Tubman,  L. Vogt,  M. L. Vidal,  O. Vydrov,  
 M. A. Watson,  J. Wenzel,  M. de Wergifosse,  T. A. Wesolowski,  A. White,  
 J. Witte,  A. Yamada,  Jun Yang,  K. Yao,  S. Yeganeh,  S. R. Yost,  
 Zhi-Qiang You,  A. Zech,  Igor Ying Zhang,  Xing Zhang,  Yan Zhao,  
 Ying Zhu,  B. R. Brooks,  G. K. L. Chan,  C. J. Cramer,  M. S. Gordon,  
 W. J. Hehre,  A. Klamt,  M. W. Schmidt,  C. D. Sherrill,  D. G. Truhlar,  
 A. Aspuru-Guzik,  R. Baer,  A. T. Bell,  N. A. Besley,  Jeng-Da Chai,  
 A. E. DePrince, III,  R. A. DiStasio Jr.,  A. Dreuw,  B. D. Dunietz,  
 T. R. Furlani,  Chao-Ping Hsu,  Yousung Jung,  Jing Kong,  D. S. Lambrecht,  
 WanZhen Liang,  C. Ochsenfeld,  V. A. Rassolov,  L. V. Slipchenko,  
 J. E. Subotnik,  T. Van Voorhis,  J. M. Herbert,  A. I. Krylov,  
 P. M. W. Gill,  M. Head-Gordon

 Contributors to earlier versions of Q-Chem not listed above: 
 R. D. Adamson,  B. Austin,  J. Baker,  G. J. O. Beran,  K. Brandhorst,  
 S. T. Brown,  E. F. C. Byrd,  A. K. Chakraborty,  C.-L. Cheng,  
 Siu Hung Chien,  D. M. Chipman,  D. L. Crittenden,  H. Dachsel,  
 R. J. Doerksen,  A. D. Dutoi,  L. Fusti-Molnar,  W. A. Goddard III,  
 A. Golubeva-Zadorozhnaya,  S. R. Gwaltney,  G. Hawkins,  A. Heyden,  
 S. Hirata,  G. Kedziora,  F. J. Keil,  C. Kelley,  Jihan Kim,  R. A. King,  
 R. Z. Khaliullin,  P. P. Korambath,  W. Kurlancheek,  A. M. Lee,  M. S. Lee,  
 S. V. Levchenko,  Ching Yeh Lin,  D. Liotard,  R. C. Lochan,  I. Lotan,  
 P. E. Maslen,  N. Nair,  D. P. O'Neill,  D. Neuhauser,  E. Neuscamman,  
 C. M. Oana,  R. Olson,  B. Peters,  R. Peverati,  P. A. Pieniazek,  
 Y. M. Rhee,  J. Ritchie,  M. A. Rohrdanz,  E. Rosta,  N. J. Russ,  
 H. F. Schaefer III,  N. E. Schultz,  N. Shenvi,  A. C. Simmonett,  A. Sodt,  
 D. Stuck,  K. S. Thanthiriwatte,  V. Vanovschi,  Tao Wang,  A. Warshel,  
 C. F. Williams,  Q. Wu,  X. Xu,  W. Zhang

 Please cite Q-Chem as follows:
 Y. Shao et al., Mol. Phys. 113, 184-215 (2015)
 DOI: 10.1080/00268976.2014.952696

 Q-Chem 5.2.0 for Intel X86 EM64T Linux

 Parts of Q-Chem use Armadillo 8.300.2 (Tropical Shenanigans).
 http://arma.sourceforge.net/

 Q-Chem begins on Sun Aug 15 15:20:57 2021  

Host: cori11
0

     Scratch files written to /tmp/qchem56759//
 May1019 |scratch|qcdevops|jenkins|workspace|build_RNUM -1
Processing $rem in /global/common/cori/software/qchem/5.2/config/preferences:
	 MEM_TOTAL  96000 
NAlpha2: 20
NElect   20
Mult     1

 Q-Chem warning in module libgen/rem_setup.C, line 2803:

 Neither GIA nor STOLL is specified by user. Use STOLL as the default


Checking the input file for inconsistencies... 	...done.

--------------------------------------------------------------
User input:
--------------------------------------------------------------
$comment
AHB21-1
$end

$molecule
-1 1
--
-1 1
F     -0.20511594      1.19194574     -0.69629013
--
0 1
N     -1.07146819     -0.00912580      1.50279456
H     -0.61757278     -0.91698377      1.47414861
H     -0.60090013      0.48687624      2.25355584
H     -0.76307217      0.48318498      0.60817267
$end

$rem
JOBTYPE			EDA
EDA2			1
method			wB97X-V
BASIS			def2-TZVPD
XC_GRID			000099000590
NL_GRID			1
UNRESTRICTED		FALSE
MAX_SCF_CYCLES		200
SYMMETRY		FALSE
SYM_IGNORE		TRUE
MEM_STATIC		2000
BASIS_LIN_DEP_THRESH 	6
THRESH 			14
SCF_CONVERGENCE 	8
SCF_PRINT_FRGM 		TRUE
$end
--------------------------------------------------------------
 ----------------------------------------------------------------
             Standard Nuclear Orientation (Angstroms)
    I     Atom           X                Y                Z
 ----------------------------------------------------------------
    1      F      -0.2051159400     1.1919457400    -0.6962901300
    2      N      -1.0714681900    -0.0091258000     1.5027945600
    3      H      -0.6175727800    -0.9169837700     1.4741486100
    4      H      -0.6009001300     0.4868762400     2.2535558400
    5      H      -0.7630721700     0.4831849800     0.6081726700
 ----------------------------------------------------------------
 Nuclear Repulsion Energy =          30.43234055 hartrees
 There are       10 alpha and       10 beta electrons
 Requested basis set is def2-TZVPD
 There are 42 shells and 104 basis functions

 Total QAlloc Memory Limit  96000 MB
 Mega-Array Size      1956 MB
 MEM_STATIC part      2000 MB

                       Distance Matrix (Angstroms)
             F (  1)   N (  2)   H (  3)   H (  4)
   N (  2)  2.651247
   H (  3)  3.054261  1.015405
   H (  4)  3.058653  1.015428  1.605795
   H (  5)  1.585963  1.066689  1.652742  1.653360
 
 A cutoff of  1.0D-14 yielded    889 shell pairs
 There are      5567 function pairs (      6965 Cartesian)
 Smallest overlap matrix eigenvalue = 2.19E-04

 Scale SEOQF with 1.000000e-01/1.000000e-01/1.000000e-01

 Standard Electronic Orientation quadrupole field applied
 Nucleus-field energy     =    -0.0000000016 hartrees

 -----------------------------------------------------------------------
  General SCF calculation program by
  Eric Jon Sundstrom, Paul Horn, Yuezhi Mao, Dmitri Zuev, Alec White,
  David Stuck, Shaama M.S., Shane Yost, Joonho Lee, David Small,
  Daniel Levine, Susi Lehtola, Hugh Burton, Evgeny Epifanovsky
 -----------------------------------------------------------------------
================================================================
                 ALMO-EDA with the EDA2 driver                  
================================================================
 The second-generation ALMO-EDA (for DFT):                      
 P. R. Horn, Y. Mao and M. Head-Gordon, PCCP, 18, 23067 (2016)  
 Decomposition of the frozen energy:                            
 P. R. Horn, Y. Mao and M. Head-Gordon, JCP, 144, 114107 (2016) 
 FERF model for polarization:                                   
 P. R. Horn and M. Head-Gordon, JCP, 143, 114111 (2015)         
Using eda2 option set 1
Option set summary: Frozen orbital wavefunction, initial wavefunction decomposition, and nDQ polarization.
--------------------------------
Printing EDA Options
--------------------------------
eda_child_super_basis      0
fragmo_guess_mode          0
child_mp                   1
child_mp_orders            232
cls_elec                   1
cls_disp                   0
scfmi_mode                 1
scfmi_occs                 0
scfmi_virts                0
frz_relax                  0
frz_relax_method           0
dc_pen_start               0
dc_pen_conv                0
dc_pen_increment           0
dc_pen_steps               0
dc_pen_thresh_factor       0
dc_pen_pre_newton_thresh   0
frz_ortho_decomp           1
frz_ortho_decomp_conv      6
frgm_method                2
scfmi_freeze_ss            0
separate_rehyb             0
plot_diff_den              0
eda_nocv                   0
eda_vct_relax              1
disp_free_x                0
disp_free_c                0
eda_bsse                   0
eda_pct_a                  0
eda_covp                   0
--------------------------------
Attempting to make child job directory: /tmp/qchem56759//Frg1/
Attempting to make child job directory: /tmp/qchem56759//Frg2/
Creating input file /tmp/qchem56759/Frg1.input
using default PutDataFrgm: nothing
calling putenv with: QCSCRATCH=/tmp/qchem56759/ 
calling putenv with: QCLOCALSCR=/tmp/qchem56759/ 
Spawning Job For Fragment 0
                  Welcome to Q-Chem
     A Quantum Leap Into The Future Of Chemistry


 Q-Chem 5.2, Q-Chem, Inc., Pleasanton, CA (2019)

 License issued to: National Energy Research Scientific Computing Center

 Yihan Shao,  Zhengting Gan,  E. Epifanovsky,  A. T. B. Gilbert,  M. Wormit,  
 J. Kussmann,  A. W. Lange,  A. Behn,  Jia Deng,  Xintian Feng,  D. Ghosh,  
 M. Goldey,  P. R. Horn,  L. D. Jacobson,  I. Kaliman,  T. Kus,  A. Landau,  
 Jie Liu,  E. I. Proynov,  R. M. Richard,  R. P. Steele,  E. J. Sundstrom,  
 H. L. Woodcock III,  P. M. Zimmerman,  D. Zuev,  B. Albrecht,  E. Alguire,  
 S. A. Baeppler,  D. Barton,  Z. Benda,  Y. A. Bernard,  E. J. Berquist,  
 K. B. Bravaya,  H. Burton,  D. Casanova,  Chun-Min Chang,  Yunqing Chen,  
 A. Chien,  K. D. Closser,  M. P. Coons,  S. Coriani,  S. Dasgupta,  
 A. L. Dempwolff,  M. Diedenhofen,  Hainam Do,  R. G. Edgar,  Po-Tung Fang,  
 S. Faraji,  S. Fatehi,  Qingguo Feng,  K. D. Fenk,  J. Fosso-Tande,  
 J. Gayvert,  Qinghui Ge,  A. Ghysels,  G. Gidofalvi,  J. Gomes,  
 J. Gonthier,  A. Gunina,  D. Hait,  M. W. D. Hanson-Heine,  
 P. H. P. Harbach,  A. W. Hauser,  M. F. Herbst,  J. E. Herr,  
 E. G. Hohenstein,  Z. C. Holden,  Kerwin Hui,  B. C. Huynh,  T.-C. Jagau,  
 Hyunjun Ji,  B. Kaduk,  K. Khistyaev,  Jaehoon Kim,  P. Klunzinger,  K. Koh,  
 D. Kosenkov,  L. Koulias,  T. Kowalczyk,  C. M. Krauter,  A. Kunitsa,  
 Ka Un Lao,  A. Laurent,  K. V. Lawler,  Joonho Lee,  D. Lefrancois,  
 S. Lehtola,  D. S. Levine,  Yi-Pei Li,  You-Sheng Lin,  Fenglai Liu,  
 E. Livshits,  A. Luenser,  P. Manohar,  E. Mansoor,  S. F. Manzer,  
 Shan-Ping Mao,  Yuezhi Mao,  N. Mardirossian,  A. V. Marenich,  
 T. Markovich,  L. A. Martinez-Martinez,  S. A. Maurer,  N. J. Mayhall,  
 S. C. McKenzie,  J.-M. Mewes,  P. Morgante,  A. F. Morrison,  
 J. W. Mullinax,  K. Nanda,  T. S. Nguyen-Beck,  R. Olivares-Amaya,  
 J. A. Parkhill,  Zheng Pei,  T. M. Perrine,  F. Plasser,  P. Pokhilko,  
 S. Prager,  A. Prociuk,  E. Ramos,  D. R. Rehn,  F. Rob,  M. Scheurer,  
 M. Schneider,  N. Sergueev,  S. M. Sharada,  S. Sharma,  D. W. Small,  
 T. Stauch,  T. Stein,  Yu-Chuan Su,  A. J. W. Thom,  A. Tkatchenko,  
 T. Tsuchimochi,  N. M. Tubman,  L. Vogt,  M. L. Vidal,  O. Vydrov,  
 M. A. Watson,  J. Wenzel,  M. de Wergifosse,  T. A. Wesolowski,  A. White,  
 J. Witte,  A. Yamada,  Jun Yang,  K. Yao,  S. Yeganeh,  S. R. Yost,  
 Zhi-Qiang You,  A. Zech,  Igor Ying Zhang,  Xing Zhang,  Yan Zhao,  
 Ying Zhu,  B. R. Brooks,  G. K. L. Chan,  C. J. Cramer,  M. S. Gordon,  
 W. J. Hehre,  A. Klamt,  M. W. Schmidt,  C. D. Sherrill,  D. G. Truhlar,  
 A. Aspuru-Guzik,  R. Baer,  A. T. Bell,  N. A. Besley,  Jeng-Da Chai,  
 A. E. DePrince, III,  R. A. DiStasio Jr.,  A. Dreuw,  B. D. Dunietz,  
 T. R. Furlani,  Chao-Ping Hsu,  Yousung Jung,  Jing Kong,  D. S. Lambrecht,  
 WanZhen Liang,  C. Ochsenfeld,  V. A. Rassolov,  L. V. Slipchenko,  
 J. E. Subotnik,  T. Van Voorhis,  J. M. Herbert,  A. I. Krylov,  
 P. M. W. Gill,  M. Head-Gordon

 Contributors to earlier versions of Q-Chem not listed above: 
 R. D. Adamson,  B. Austin,  J. Baker,  G. J. O. Beran,  K. Brandhorst,  
 S. T. Brown,  E. F. C. Byrd,  A. K. Chakraborty,  C.-L. Cheng,  
 Siu Hung Chien,  D. M. Chipman,  D. L. Crittenden,  H. Dachsel,  
 R. J. Doerksen,  A. D. Dutoi,  L. Fusti-Molnar,  W. A. Goddard III,  
 A. Golubeva-Zadorozhnaya,  S. R. Gwaltney,  G. Hawkins,  A. Heyden,  
 S. Hirata,  G. Kedziora,  F. J. Keil,  C. Kelley,  Jihan Kim,  R. A. King,  
 R. Z. Khaliullin,  P. P. Korambath,  W. Kurlancheek,  A. M. Lee,  M. S. Lee,  
 S. V. Levchenko,  Ching Yeh Lin,  D. Liotard,  R. C. Lochan,  I. Lotan,  
 P. E. Maslen,  N. Nair,  D. P. O'Neill,  D. Neuhauser,  E. Neuscamman,  
 C. M. Oana,  R. Olson,  B. Peters,  R. Peverati,  P. A. Pieniazek,  
 Y. M. Rhee,  J. Ritchie,  M. A. Rohrdanz,  E. Rosta,  N. J. Russ,  
 H. F. Schaefer III,  N. E. Schultz,  N. Shenvi,  A. C. Simmonett,  A. Sodt,  
 D. Stuck,  K. S. Thanthiriwatte,  V. Vanovschi,  Tao Wang,  A. Warshel,  
 C. F. Williams,  Q. Wu,  X. Xu,  W. Zhang

 Please cite Q-Chem as follows:
 Y. Shao et al., Mol. Phys. 113, 184-215 (2015)
 DOI: 10.1080/00268976.2014.952696

 Q-Chem 5.2.0 for Intel X86 EM64T Linux

 Parts of Q-Chem use Armadillo 8.300.2 (Tropical Shenanigans).
 http://arma.sourceforge.net/

 Q-Chem begins on Sun Aug 15 15:20:59 2021  

Host: cori11
0

     Scratch files written to /tmp/qchem56759//Frg1//
 May1019 |scratch|qcdevops|jenkins|workspace|build_RNUM -1
Processing $rem in /global/common/cori/software/qchem/5.2/config/preferences:
	 MEM_TOTAL  96000 
NAlpha2: 10
NElect   10
Mult     1

Checking the input file for inconsistencies... 	...done.

--------------------------------------------------------------
User input:
--------------------------------------------------------------
$molecule
-1 1
 9	-0.2051159400	1.1919457400	-0.6962901300
$end
$rem
EDA2		1
METHOD		WB97X-V
BASIS		DEF2-TZVPD
XC_GRID		000099000590
NL_GRID		1
UNRESTRICTED		FALSE
MAX_SCF_CYCLES		200
SYMMETRY		FALSE
SYM_IGNORE		TRUE
BASIS_LIN_DEP_THRESH		6
THRESH		14
SCF_CONVERGENCE		8
SCF_PRINT_FRGM		TRUE
!required keywords
JOBTYPE		SP
SYM_IGNORE		TRUE
SUBSYSTEM		TRUE
GEN_SCFMAN		TRUE
CHILD_INSTRUCTION		2
SYM_IGNORE		TRUE
SCFMI		0
RI_K 0		
PARI_K 0		
MIN_PARI_K 0		
IARI_K 0		
OCC_RI_K 0		
PURECART		1111
MEM_STATIC		2000
MEM_TOTAL		96000
GUI		0
CHILD_MP		1
CHILD_MP_ORDERS		232
FRZ_RELAX		0
FRZ_RELAX_METHOD		0
EDA_CLS_ELEC		1
EDA_CLS_DISP		0
FRZ_ORTHO_DECOMP		1
EDA2		FALSE
FRGM_METHOD		FALSE
CIS_N_ROOTS  0
LOCAL_CIS    0
CIS_RLX_DNS  1
$end
--------------------------------------------------------------
 ----------------------------------------------------------------
             Standard Nuclear Orientation (Angstroms)
    I     Atom           X                Y                Z
 ----------------------------------------------------------------
    1      F      -0.2051159400     1.1919457400    -0.6962901300
 ----------------------------------------------------------------
 Nuclear Repulsion Energy =           0.00000000 hartrees
 There are        5 alpha and        5 beta electrons
 Requested basis set is def2-TZVPD
 There are 14 shells and 40 basis functions

 Total QAlloc Memory Limit  96000 MB
 Mega-Array Size      1956 MB
 MEM_STATIC part      2000 MB
 A cutoff of  1.0D-14 yielded    105 shell pairs
 There are       883 function pairs (      1183 Cartesian)
 Smallest overlap matrix eigenvalue = 1.55E-02

 Scale SEOQF with 1.000000e-01/1.000000e-01/1.000000e-01

 Standard Electronic Orientation quadrupole field applied
 Nucleus-field energy     =     0.0000000005 hartrees
 Guess from superposition of atomic densities
 Warning:  Energy on first SCF cycle will be non-variational
 SAD guess density has 8.833064 electrons

 -----------------------------------------------------------------------
  General SCF calculation program by
  Eric Jon Sundstrom, Paul Horn, Yuezhi Mao, Dmitri Zuev, Alec White,
  David Stuck, Shaama M.S., Shane Yost, Joonho Lee, David Small,
  Daniel Levine, Susi Lehtola, Hugh Burton, Evgeny Epifanovsky
 -----------------------------------------------------------------------
 Exchange:     0.1670 Hartree-Fock + 1.0000 wB97X-V + LR-HF
 Correlation:  1.0000 wB97X-V
 Using Euler-Maclaurin-Lebedev (99,590) quadrature formula
 Nonlocal Correlation:  VV10 with C = 0.0100 and b = 6.00 and scale = 1.00000
 Grid used for NLC:  SG-1 standard quadrature
Energy prior to optimization (guess energy) = -99.413922965465
Begin Timing: Total SCF Calculation
begin iterations for algorithm: DIIS         
the SCF tolerance is set to 1.00e-08
    1     -99.4139229655      6.03e-02     00000 
    2     -96.5835460520      1.37e-01     00000 
    3     -99.8429509919      9.09e-03     00000 
    4     -99.8591262124      1.08e-03     00000 
    5     -99.8592045217      3.22e-04     00000 
    6     -99.8592145424      5.99e-05     00000 
    7     -99.8592149365      1.52e-06     00000 
    8     -99.8592149367      2.48e-07     00000 
    9     -99.8592149367      5.60e-08     00000 
   10     -99.8592149367      1.61e-09     00000 Convergence criterion met
Timing for Total SCF: 19.00s (wall), 35.84s (cpu)
Multipole orders to be included
        2
        3
computing dipole RHS
computing quadrupole RHS
total number of RHS in solve_reponses: 8
RHS batch sizes
        8
Beginning Block Conjugate Gradient Iterations. Batch Number: 0
computing hessian-vector products by finite difference
              1      3.81e-01     00000 Conjugate Gradient Iteration
computing hessian-vector products by finite difference
              2      1.29e-01     00000 Conjugate Gradient Iteration
computing hessian-vector products by finite difference
              3      2.94e-02     00000 Conjugate Gradient Iteration
computing hessian-vector products by finite difference
              4      1.89e-03     00000 Conjugate Gradient Iteration
computing hessian-vector products by finite difference
              5      1.86e-04     00000 Conjugate Gradient Iteration
computing hessian-vector products by finite difference
              6      9.08e-06     00000 Conjugate Gradient Iteration
computing hessian-vector products by finite difference
              7      2.99e-07     00000 Conjugate Gradient Iteration
computing hessian-vector products by finite difference
              8      9.95e-09     00000 CG Converged
batch 0 complete
Done Calculating Responses
TESTING ORTHOGONALIZATION OF MULTIPOLE BASIS
Multipole virts passed orthogonality test
Virts Per Order
        12
        20
 
 --------------------------------------------------------------
 
                    Orbital Energies (a.u.)
 --------------------------------------------------------------
 
 Alpha MOs
 -- Occupied --
-24.3187  -0.8301  -0.1030  -0.1030  -0.1030
 -- Virtual --
  0.3678   0.3678   0.3678   0.4148   0.8591   0.8591   0.8591   0.8591
  0.8591   1.1268   1.1268   1.1268   1.2895   2.7341   2.7341   2.7341
  2.7341   2.7341   3.7943   3.7943   3.7943   4.3395   7.4027   7.4027
  7.4027   7.4027   7.4027   7.4027   7.4027   8.9582   8.9582   8.9582
  8.9582   8.9582  57.1221
 --------------------------------------------------------------
 
          Ground-State Mulliken Net Atomic Charges

     Atom                 Charge (a.u.)
  ----------------------------------------
      1 F                    -1.000000
  ----------------------------------------
  Sum of atomic charges =    -1.000000

 -----------------------------------------------------------------
                    Cartesian Multipole Moments
 -----------------------------------------------------------------
    Charge (ESU x 10^10)
                -4.8032
    Dipole Moment (Debye)
         X       0.9852      Y      -5.7252      Z       3.3444
       Tot       6.7032
    Quadrupole Moments (Debye-Ang)
        XX      -8.1201     XY       1.1743     YY     -14.7421
        XZ      -0.6860     YZ       3.9864     ZZ     -10.2467
    Octopole Moments (Debye-Ang^2)
       XXX       4.9138    XXY      -9.6787    XYY       3.0238
       YYY     -36.4473    XXZ       5.6539    XYZ      -0.8177
       YYZ      10.2647    XZZ       2.1018    YZZ     -12.2135
       ZZZ      18.1611
    Hexadecapole Moments (Debye-Ang^3)
      XXXX     -13.4785   XXXY       5.8569   XXYY     -15.6933
      XYYY       7.4759   YYYY     -88.6625   XXXZ      -3.4214
      XXYZ       6.7392   XYYZ      -2.1055   YYYZ      25.3779
      XXZZ      -8.0936   XYZZ       2.5052   YYZZ     -22.2203
      XZZZ      -3.7251   YZZZ      21.6470   ZZZZ     -35.6330
 -----------------------------------------------------------------

 STANDARD THERMODYNAMIC QUANTITIES AT   298.15 K  AND     1.00 ATM

   Translational Enthalpy:        0.889 kcal/mol
   Rotational Enthalpy:           0.000 kcal/mol
   Vibrational Enthalpy:          0.000 kcal/mol
   gas constant (RT):             0.592 kcal/mol
   Translational Entropy:        34.767  cal/mol.K
   Rotational Entropy:            0.000  cal/mol.K
   Vibrational Entropy:           0.000  cal/mol.K

   Total Enthalpy:                1.481 kcal/mol
   Total Entropy:                34.767  cal/mol.K

 -----------------------------------------------------------------

Archival summary:
1\1\nid00544\SP\ProcedureUnspecified\BasisUnspecified\1(1-,1)\meili\SunAug1515:25:572021SunAug1515:25:572021\0\\#,ProcedureUnspecified,BasisUnspecified,\\-1,1\F\\\@

 Total job time:  298.19s(wall), 549.12s(cpu) 
 Sun Aug 15 15:25:58 2021

        *************************************************************
        *                                                           *
        *  Thank you very much for using Q-Chem.  Have a nice day.  *
        *                                                           *
        *************************************************************


Done Job For Fragment 0
calling putenv with: QCSCRATCH=/global/cscratch1/sd/meili 
calling putenv with: QCLOCALSCR=/tmp 
calling putenv with: QCTHREADS=32 
Creating input file /tmp/qchem56759/Frg2.input
using default PutDataFrgm: nothing
calling putenv with: QCSCRATCH=/tmp/qchem56759/ 
calling putenv with: QCLOCALSCR=/tmp/qchem56759/ 
Spawning Job For Fragment 1
                  Welcome to Q-Chem
     A Quantum Leap Into The Future Of Chemistry


 Q-Chem 5.2, Q-Chem, Inc., Pleasanton, CA (2019)

 License issued to: National Energy Research Scientific Computing Center

 Yihan Shao,  Zhengting Gan,  E. Epifanovsky,  A. T. B. Gilbert,  M. Wormit,  
 J. Kussmann,  A. W. Lange,  A. Behn,  Jia Deng,  Xintian Feng,  D. Ghosh,  
 M. Goldey,  P. R. Horn,  L. D. Jacobson,  I. Kaliman,  T. Kus,  A. Landau,  
 Jie Liu,  E. I. Proynov,  R. M. Richard,  R. P. Steele,  E. J. Sundstrom,  
 H. L. Woodcock III,  P. M. Zimmerman,  D. Zuev,  B. Albrecht,  E. Alguire,  
 S. A. Baeppler,  D. Barton,  Z. Benda,  Y. A. Bernard,  E. J. Berquist,  
 K. B. Bravaya,  H. Burton,  D. Casanova,  Chun-Min Chang,  Yunqing Chen,  
 A. Chien,  K. D. Closser,  M. P. Coons,  S. Coriani,  S. Dasgupta,  
 A. L. Dempwolff,  M. Diedenhofen,  Hainam Do,  R. G. Edgar,  Po-Tung Fang,  
 S. Faraji,  S. Fatehi,  Qingguo Feng,  K. D. Fenk,  J. Fosso-Tande,  
 J. Gayvert,  Qinghui Ge,  A. Ghysels,  G. Gidofalvi,  J. Gomes,  
 J. Gonthier,  A. Gunina,  D. Hait,  M. W. D. Hanson-Heine,  
 P. H. P. Harbach,  A. W. Hauser,  M. F. Herbst,  J. E. Herr,  
 E. G. Hohenstein,  Z. C. Holden,  Kerwin Hui,  B. C. Huynh,  T.-C. Jagau,  
 Hyunjun Ji,  B. Kaduk,  K. Khistyaev,  Jaehoon Kim,  P. Klunzinger,  K. Koh,  
 D. Kosenkov,  L. Koulias,  T. Kowalczyk,  C. M. Krauter,  A. Kunitsa,  
 Ka Un Lao,  A. Laurent,  K. V. Lawler,  Joonho Lee,  D. Lefrancois,  
 S. Lehtola,  D. S. Levine,  Yi-Pei Li,  You-Sheng Lin,  Fenglai Liu,  
 E. Livshits,  A. Luenser,  P. Manohar,  E. Mansoor,  S. F. Manzer,  
 Shan-Ping Mao,  Yuezhi Mao,  N. Mardirossian,  A. V. Marenich,  
 T. Markovich,  L. A. Martinez-Martinez,  S. A. Maurer,  N. J. Mayhall,  
 S. C. McKenzie,  J.-M. Mewes,  P. Morgante,  A. F. Morrison,  
 J. W. Mullinax,  K. Nanda,  T. S. Nguyen-Beck,  R. Olivares-Amaya,  
 J. A. Parkhill,  Zheng Pei,  T. M. Perrine,  F. Plasser,  P. Pokhilko,  
 S. Prager,  A. Prociuk,  E. Ramos,  D. R. Rehn,  F. Rob,  M. Scheurer,  
 M. Schneider,  N. Sergueev,  S. M. Sharada,  S. Sharma,  D. W. Small,  
 T. Stauch,  T. Stein,  Yu-Chuan Su,  A. J. W. Thom,  A. Tkatchenko,  
 T. Tsuchimochi,  N. M. Tubman,  L. Vogt,  M. L. Vidal,  O. Vydrov,  
 M. A. Watson,  J. Wenzel,  M. de Wergifosse,  T. A. Wesolowski,  A. White,  
 J. Witte,  A. Yamada,  Jun Yang,  K. Yao,  S. Yeganeh,  S. R. Yost,  
 Zhi-Qiang You,  A. Zech,  Igor Ying Zhang,  Xing Zhang,  Yan Zhao,  
 Ying Zhu,  B. R. Brooks,  G. K. L. Chan,  C. J. Cramer,  M. S. Gordon,  
 W. J. Hehre,  A. Klamt,  M. W. Schmidt,  C. D. Sherrill,  D. G. Truhlar,  
 A. Aspuru-Guzik,  R. Baer,  A. T. Bell,  N. A. Besley,  Jeng-Da Chai,  
 A. E. DePrince, III,  R. A. DiStasio Jr.,  A. Dreuw,  B. D. Dunietz,  
 T. R. Furlani,  Chao-Ping Hsu,  Yousung Jung,  Jing Kong,  D. S. Lambrecht,  
 WanZhen Liang,  C. Ochsenfeld,  V. A. Rassolov,  L. V. Slipchenko,  
 J. E. Subotnik,  T. Van Voorhis,  J. M. Herbert,  A. I. Krylov,  
 P. M. W. Gill,  M. Head-Gordon

 Contributors to earlier versions of Q-Chem not listed above: 
 R. D. Adamson,  B. Austin,  J. Baker,  G. J. O. Beran,  K. Brandhorst,  
 S. T. Brown,  E. F. C. Byrd,  A. K. Chakraborty,  C.-L. Cheng,  
 Siu Hung Chien,  D. M. Chipman,  D. L. Crittenden,  H. Dachsel,  
 R. J. Doerksen,  A. D. Dutoi,  L. Fusti-Molnar,  W. A. Goddard III,  
 A. Golubeva-Zadorozhnaya,  S. R. Gwaltney,  G. Hawkins,  A. Heyden,  
 S. Hirata,  G. Kedziora,  F. J. Keil,  C. Kelley,  Jihan Kim,  R. A. King,  
 R. Z. Khaliullin,  P. P. Korambath,  W. Kurlancheek,  A. M. Lee,  M. S. Lee,  
 S. V. Levchenko,  Ching Yeh Lin,  D. Liotard,  R. C. Lochan,  I. Lotan,  
 P. E. Maslen,  N. Nair,  D. P. O'Neill,  D. Neuhauser,  E. Neuscamman,  
 C. M. Oana,  R. Olson,  B. Peters,  R. Peverati,  P. A. Pieniazek,  
 Y. M. Rhee,  J. Ritchie,  M. A. Rohrdanz,  E. Rosta,  N. J. Russ,  
 H. F. Schaefer III,  N. E. Schultz,  N. Shenvi,  A. C. Simmonett,  A. Sodt,  
 D. Stuck,  K. S. Thanthiriwatte,  V. Vanovschi,  Tao Wang,  A. Warshel,  
 C. F. Williams,  Q. Wu,  X. Xu,  W. Zhang

 Please cite Q-Chem as follows:
 Y. Shao et al., Mol. Phys. 113, 184-215 (2015)
 DOI: 10.1080/00268976.2014.952696

 Q-Chem 5.2.0 for Intel X86 EM64T Linux

 Parts of Q-Chem use Armadillo 8.300.2 (Tropical Shenanigans).
 http://arma.sourceforge.net/

 Q-Chem begins on Sun Aug 15 15:25:59 2021  

Host: cori11
0

     Scratch files written to /tmp/qchem56759//Frg2//
 May1019 |scratch|qcdevops|jenkins|workspace|build_RNUM -1
Processing $rem in /global/common/cori/software/qchem/5.2/config/preferences:
	 MEM_TOTAL  96000 
NAlpha2: 10
NElect   10
Mult     1

Checking the input file for inconsistencies... 	...done.

--------------------------------------------------------------
User input:
--------------------------------------------------------------
$molecule
0 1
 7	-1.0714681900	-0.0091258000	1.5027945600
 1	-0.6175727800	-0.9169837700	1.4741486100
 1	-0.6009001300	0.4868762400	2.2535558400
 1	-0.7630721700	0.4831849800	0.6081726700
$end
$rem
EDA2		1
METHOD		WB97X-V
BASIS		DEF2-TZVPD
XC_GRID		000099000590
NL_GRID		1
UNRESTRICTED		FALSE
MAX_SCF_CYCLES		200
SYMMETRY		FALSE
SYM_IGNORE		TRUE
BASIS_LIN_DEP_THRESH		6
THRESH		14
SCF_CONVERGENCE		8
SCF_PRINT_FRGM		TRUE
!required keywords
JOBTYPE		SP
SYM_IGNORE		TRUE
SUBSYSTEM		TRUE
GEN_SCFMAN		TRUE
CHILD_INSTRUCTION		2
SYM_IGNORE		TRUE
SCFMI		0
RI_K 0		
PARI_K 0		
MIN_PARI_K 0		
IARI_K 0		
OCC_RI_K 0		
PURECART		1111
MEM_STATIC		2000
MEM_TOTAL		96000
GUI		0
CHILD_MP		1
CHILD_MP_ORDERS		232
FRZ_RELAX		0
FRZ_RELAX_METHOD		0
EDA_CLS_ELEC		1
EDA_CLS_DISP		0
FRZ_ORTHO_DECOMP		1
EDA2		FALSE
FRGM_METHOD		FALSE
CIS_N_ROOTS  0
LOCAL_CIS    0
CIS_RLX_DNS  1
$end
--------------------------------------------------------------
 ----------------------------------------------------------------
             Standard Nuclear Orientation (Angstroms)
    I     Atom           X                Y                Z
 ----------------------------------------------------------------
    1      N      -1.0714681900    -0.0091258000     1.5027945600
    2      H      -0.6175727800    -0.9169837700     1.4741486100
    3      H      -0.6009001300     0.4868762400     2.2535558400
    4      H      -0.7630721700     0.4831849800     0.6081726700
 ----------------------------------------------------------------
 Nuclear Repulsion Energy =          11.73843663 hartrees
 There are        5 alpha and        5 beta electrons
 Requested basis set is def2-TZVPD
 There are 28 shells and 64 basis functions

 Total QAlloc Memory Limit  96000 MB
 Mega-Array Size      1956 MB
 MEM_STATIC part      2000 MB

                       Distance Matrix (Angstroms)
             N (  1)   H (  2)   H (  3)
   H (  2)  1.015405
   H (  3)  1.015428  1.605795
   H (  4)  1.066689  1.652742  1.653360
 
 A cutoff of  1.0D-14 yielded    406 shell pairs
 There are      2158 function pairs (      2602 Cartesian)
 Smallest overlap matrix eigenvalue = 6.58E-04

 Scale SEOQF with 1.000000e+00/1.000000e-01/1.000000e-01

 Standard Electronic Orientation quadrupole field applied
 Nucleus-field energy     =     0.0000000009 hartrees
 Guess from superposition of atomic densities
 Warning:  Energy on first SCF cycle will be non-variational
 SAD guess density has 9.804324 electrons

 -----------------------------------------------------------------------
  General SCF calculation program by
  Eric Jon Sundstrom, Paul Horn, Yuezhi Mao, Dmitri Zuev, Alec White,
  David Stuck, Shaama M.S., Shane Yost, Joonho Lee, David Small,
  Daniel Levine, Susi Lehtola, Hugh Burton, Evgeny Epifanovsky
 -----------------------------------------------------------------------
 Exchange:     0.1670 Hartree-Fock + 1.0000 wB97X-V + LR-HF
 Correlation:  1.0000 wB97X-V
 Using Euler-Maclaurin-Lebedev (99,590) quadrature formula
 Nonlocal Correlation:  VV10 with C = 0.0100 and b = 6.00 and scale = 1.00000
 Grid used for NLC:  SG-1 standard quadrature
Energy prior to optimization (guess energy) = -56.344655195695
Begin Timing: Total SCF Calculation
begin iterations for algorithm: DIIS         
the SCF tolerance is set to 1.00e-08
    1     -56.3446551957      2.33e-02     00000 
    2     -56.3612783043      2.14e-02     00000 
    3     -56.5593358302      6.38e-04     00000 
    4     -56.5595757443      1.01e-04     00000 
    5     -56.5595838436      2.14e-05     00000 
    6     -56.5595843633      3.52e-06     00000 
    7     -56.5595843888      8.27e-07     00000 
    8     -56.5595843907      1.92e-07     00000 
    9     -56.5595843908      3.18e-08     00000 
   10     -56.5595843908      3.74e-09     00000 Convergence criterion met
Timing for Total SCF: 39.00s (wall), 75.62s (cpu)
Multipole orders to be included
        2
        3
computing dipole RHS
computing quadrupole RHS
total number of RHS in solve_reponses: 8
RHS batch sizes
        8
Beginning Block Conjugate Gradient Iterations. Batch Number: 0
computing hessian-vector products by finite difference
              1      4.69e-01     00000 Conjugate Gradient Iteration
computing hessian-vector products by finite difference
              2      1.62e-01     00000 Conjugate Gradient Iteration
computing hessian-vector products by finite difference
              3      3.41e-02     00000 Conjugate Gradient Iteration
computing hessian-vector products by finite difference
              4      5.84e-03     00000 Conjugate Gradient Iteration
computing hessian-vector products by finite difference
              5      1.30e-03     00000 Conjugate Gradient Iteration
computing hessian-vector products by finite difference
              6      1.34e-04     00000 Conjugate Gradient Iteration
computing hessian-vector products by finite difference
              7      1.08e-05     00000 Conjugate Gradient Iteration
computing hessian-vector products by finite difference
              8      7.24e-07     00000 Conjugate Gradient Iteration
computing hessian-vector products by finite difference
              9      4.73e-08     00000 Conjugate Gradient Iteration
computing hessian-vector products by finite difference
             10      3.34e-09     00000 CG Converged
batch 0 complete
Done Calculating Responses
TESTING ORTHOGONALIZATION OF MULTIPOLE BASIS
Multipole virts passed orthogonality test
Virts Per Order
        15
        25
 
 --------------------------------------------------------------
 
                    Orbital Energies (a.u.)
 --------------------------------------------------------------
 
 Alpha MOs
 -- Occupied --
-14.3938  -0.9780  -0.5674  -0.5594  -0.3823
 -- Virtual --
  0.0687   0.1481   0.1504   0.1979   0.2109   0.2120   0.2494   0.2533
  0.2542   0.3182   0.3703   0.3712   0.3792   0.4574   0.4579   0.4968
  0.5340   0.5350   0.6671   0.7023   0.7119   0.7195   0.8419   0.8440
  0.9359   1.3690   1.3725   1.4553   1.5016   1.5065   1.7854   1.9138
  1.9364   2.0940   2.2237   2.2960   2.3166   2.4813   2.4879   2.5452
  2.7835   2.8161   2.8522   3.1830   3.3999   3.4319   4.1233   4.3970
  4.4283   4.4992   4.8666   4.8858   4.8923   4.9981   5.0415   5.4530
  5.5597   5.8348  31.9942
 --------------------------------------------------------------
 
          Ground-State Mulliken Net Atomic Charges

     Atom                 Charge (a.u.)
  ----------------------------------------
      1 N                    -0.618640
      2 H                     0.202887
      3 H                     0.202887
      4 H                     0.212866
  ----------------------------------------
  Sum of atomic charges =     0.000000

 -----------------------------------------------------------------
                    Cartesian Multipole Moments
 -----------------------------------------------------------------
    Charge (ESU x 10^10)
                 0.0000
    Dipole Moment (Debye)
         X       1.6196      Y       0.0797      Z      -0.1791
       Tot       1.6314
    Quadrupole Moments (Debye-Ang)
        XX     -12.3598     XY      -0.2125     YY      -6.4577
        XZ       2.8792     YZ       0.0805     ZZ      -6.9471
    Octopole Moments (Debye-Ang^2)
       XXX      32.0588    XXY       0.3062    XYY       7.0722
       YYY      -0.8008    XXZ     -19.0184    XYZ      -0.1954
       YYZ      -9.6431    XZZ      11.9250    YZZ       1.0619
       ZZZ     -30.1134
    Hexadecapole Moments (Debye-Ang^3)
      XXXX     -73.1201   XXXY      -0.4291   XXYY     -11.5743
      XYYY       0.3234   YYYY     -10.7834   XXXZ      48.5038
      XXYZ       0.3716   XYYZ      10.6324   YYYZ      -1.0506
      XXZZ     -40.7228   XYZZ      -0.7458   YYZZ     -17.9589
      XZZZ      39.8840   YZZZ       4.3907   ZZZZ    -100.1996
 -----------------------------------------------------------------
Archival summary:
1\1\nid00544\SP\ProcedureUnspecified\BasisUnspecified\13\meili\SunAug1515:38:122021SunAug1515:38:122021\0\\#,ProcedureUnspecified,BasisUnspecified,\\0,1\N\H,1,1.01541\H,1,1.01543,2,104.503\H,1,1.06669,2,105.055,3,110.389,0\\\@

 Total job time:  733.24s(wall), 1405.34s(cpu) 
 Sun Aug 15 15:38:12 2021

        *************************************************************
        *                                                           *
        *  Thank you very much for using Q-Chem.  Have a nice day.  *
        *                                                           *
        *************************************************************


Done Job For Fragment 1
calling putenv with: QCSCRATCH=/global/cscratch1/sd/meili 
calling putenv with: QCLOCALSCR=/tmp 
calling putenv with: QCTHREADS=32 
Doing General SCFMI
 Exchange:     0.1670 Hartree-Fock + 1.0000 wB97X-V + LR-HF
 Correlation:  1.0000 wB97X-V
 Using Euler-Maclaurin-Lebedev (99,590) quadrature formula
 Nonlocal Correlation:  VV10 with C = 0.0100 and b = 6.00 and scale = 1.00000
 Grid used for NLC:  SG-1 standard quadrature
performing fock build before subrot guess so that all methods have access
Printing subrot_rss_gen Method Specification:
Occupied Subspace Method is 0
Virtual Subspace Method is 0
Energy of the unrelaxed supersystem initial determinant -156.416187819222
write pseudocanon occs and virts to disk
write pseudocanon orbital energies to disk
Tolerance of ortho_decomp_scf: 1.00e-06
GDM subspace size: 20
Beginning the Orthogonal Decomposition of the Initial Supersystem Wavefunction
    1    -156.2906237697      4.94e-01     ortho_decomp Preconditoned Steepest Descent
    2    -156.3210237767      1.63e-02     ortho_decomp BFGS Step
    3    -156.3211946419      1.35e-03     ortho_decomp BFGS Step
    4    -156.3211948310      5.38e-05     ortho_decomp BFGS Step
    5    -156.3211948317      2.26e-06     ortho_decomp BFGS Step
    6    -156.3211948317      1.66e-07     ortho_decomp 00000 Convergence criterion met
 Hartree-Fock
 Hartree-Fock
 Hartree-Fock
Doing General SCFMI
 Exchange:     0.1670 Hartree-Fock + 1.0000 wB97X-V + LR-HF
 Correlation:  1.0000 wB97X-V
 Using Euler-Maclaurin-Lebedev (99,590) quadrature formula
 Nonlocal Correlation:  VV10 with C = 0.0100 and b = 6.00 and scale = 1.00000
 Grid used for NLC:  SG-1 standard quadrature
performing fock build at end of subrot_r(subrot) constructor so that all methods have access
<S^2> of initial wavefunction before polarization iterations 0.0000000000
Beginning iterations for the determination of the polarized wavefunction
Energy prior to optimization (guess energy) = -156.416187819222
Begin Timing: Total SCF Calculation
begin iterations for algorithm: DIIS         
the SCF tolerance is set to 1.00e-08
    1    -156.4161878192      1.99e-03     00000 
    2    -156.4311398076      9.12e-04     00000 
    3    -156.4325654225      6.69e-04     00000 
    4    -156.4332151858      1.07e-04     00000 
    5    -156.4332651384      4.65e-05     00000 
    6    -156.4332700603      1.77e-05     00000 
    7    -156.4332707603      2.11e-06     00000 
    8    -156.4332707907      5.97e-07     00000 
    9    -156.4332707934      1.67e-07     00000 
   10    -156.4332707937      3.25e-08     00000 
   11    -156.4332707937      6.32e-09     00000 Convergence criterion met
write pseudocanon occs and virts to disk
write pseudocanon orbital energies to disk
Timing for Total SCF: 70.00s (wall), 135.60s (cpu)
<S^2> of polarized wavefunction after polarization iterations 0.0000000000
relaxing scfmi constraint to allow all rotations in the entire AO span
Doing General SCFMI
 Exchange:     0.1670 Hartree-Fock + 1.0000 wB97X-V + LR-HF
 Correlation:  1.0000 wB97X-V
 Using Euler-Maclaurin-Lebedev (99,590) quadrature formula
 Nonlocal Correlation:  VV10 with C = 0.0100 and b = 6.00 and scale = 1.00000
 Grid used for NLC:  SG-1 standard quadrature
performing fock build at end of subrot_r(subrot) constructor so that all methods have access
<S^2> of polarized wavefunction before ct-allowed iterations 0.0000000000
Beginning iterations for the determination of the CT-Allowed wavefunction
Energy prior to optimization (guess energy) = -156.433270793719
Begin Timing: Total SCF Calculation
begin iterations for algorithm: DIIS         
the SCF tolerance is set to 1.00e-08
    1    -156.4332707937      1.30e-03     00000 
    2    -156.4452265286      3.00e-04     00000 
    3    -156.4457243076      3.01e-04     00000 
    4    -156.4460043709      3.26e-05     00000 
    5    -156.4460174014      1.05e-05     00000 
    6    -156.4460180655      4.55e-06     00000 
    7    -156.4460182379      7.03e-07     00000 
    8    -156.4460182454      1.59e-07     00000 
    9    -156.4460182460      3.84e-08     00000 
   10    -156.4460182460      9.29e-09     00000 Convergence criterion met
write pseudocanon occs and virts to disk
write pseudocanon orbital energies to disk
Timing for Total SCF: 62.00s (wall), 120.05s (cpu)
<S^2> of ct_allowed wavefunction after ct-allowed iterations 0.0000000000

================================
        Results of EDA2         
================================
Basic EDA Quantities
--------------------
Fragment Energies (Ha):
1  -99.8592149367
2  -56.5595843908
--------------------
  E_prp (kJ/mol) = 0.0000
  E_frz (kJ/mol) = 6.8566
  E_pol (kJ/mol) = -44.8519
  E_vct (kJ/mol) = -33.4688
  E_int (kJ/mol) = -71.4641
--------------------


Initial Wavefunction Decomposition
--------------------
  --------------------
  Orthogonal Fragment Subspace Decomposition:
  --------------------
     E_elec   (ELEC)   (kJ/mol) = -187.9022
     E_pauli  (PAULI)  (kJ/mol) = 210.6726
     E_disp   (DISP)   (kJ/mol) = -15.9138
     --------------------
     Terms summing to E_pauli:
     --------------------
        E_kep_pauli       (kJ/mol) = 256.2636
        E_disp_free_pauli (kJ/mol) = -45.5911
  --------------------
  Classical Frozen Decomposition:
  --------------------
     E_cls_elec  (CLS ELEC)  (kJ/mol) = -112.4383
     E_cls_pauli (CLS PAULI) (kJ/mol) = 119.2949
    [E_mod_pauli (MOD PAULI) (kJ/mol) = 135.2087 (CLS PAULI - DISP from orthogonal decomposition) ]
  --------------------
--------------------

Simplified EDA Summary (kJ/mol)
--------------------
 PREPARATION     0.0000
 FROZEN          22.7704      (does not include dispersion)
[PAULI           210.6726]     (if this is negligible, then frozen describes electrostatics)
 DISPERSION      -15.9138
 POLARIZATION    -44.8519
 CHARGE TRANSFER -33.4688
 TOTAL           -71.4641     (PRP + FRZ + DISP + POL + CT)
--------------------
 
 --------------------------------------------------------------
 
                    Orbital Energies (a.u.)
 --------------------------------------------------------------
 
 Alpha MOs
 -- Occupied --
-24.3582 -14.1759  -0.8806  -0.7661  -0.3659  -0.3469  -0.1876  -0.1470
 -0.1460  -0.1361
 -- Virtual --
  0.2251   0.2948   0.2984   0.3267   0.3410   0.3428   0.3723   0.3866
  0.4039   0.4354   0.4687   0.4914   0.5044   0.5381   0.5718   0.6308
  0.6427   0.6545   0.6738   0.7249   0.7530   0.7760   0.8123   0.8389
  0.8704   0.8929   0.9303   0.9314   0.9691   0.9865   1.0140   1.0200
  1.1256   1.1706   1.2361   1.2474   1.3562   1.5680   1.5803   1.6111
  1.6777   1.7340   1.9292   2.0266   2.1387   2.1830   2.3623   2.4736
  2.5021   2.5515   2.6154   2.6825   2.6988   2.7293   2.7644   2.8049
  2.8200   3.0275   3.0290   3.1416   3.1768   3.4302   3.6334   3.6348
  3.8399   3.8405   4.1786   4.3421   4.4883   4.6344   4.6494   4.7211
  5.0932   5.1107   5.1209   5.2590   5.3215   5.7745   5.7914   6.0701
  7.3563   7.3567   7.3604   7.3604   7.3658   7.3661   7.5092   8.9200
  8.9250   8.9845   8.9867   9.1166  32.2903  57.2661
 --------------------------------------------------------------
 
          Ground-State Mulliken Net Atomic Charges

     Atom                 Charge (a.u.)
  ----------------------------------------
      1 F                    -0.951479
      2 N                    -0.662693
      3 H                     0.123199
      4 H                     0.122990
      5 H                     0.367982
  ----------------------------------------
  Sum of atomic charges =    -1.000000

 -----------------------------------------------------------------
                    Cartesian Multipole Moments
 -----------------------------------------------------------------
    Charge (ESU x 10^10)
                -4.8032
    Dipole Moment (Debye)
         X       3.2121      Y      -4.6290      Z       1.3071
       Tot       5.7839
    Quadrupole Moments (Debye-Ang)
        XX     -21.4558     XY       0.3600     YY     -20.6686
        XZ       4.1913     YZ       4.3891     ZZ     -20.6573
    Octopole Moments (Debye-Ang^2)
       XXX      40.3076    XXY      -7.8579    XYY      10.6133
       YYY     -33.5001    XXZ     -17.5852    XYZ      -1.7040
       YYZ      -1.7854    XZZ      18.8790    YZZ      -8.9237
       ZZZ     -25.1761
    Hexadecapole Moments (Debye-Ang^3)
      XXXX     -94.0776   XXXY       3.5014   XXYY     -27.2322
      XYYY       6.3531   YYYY     -93.7117   XXXZ      53.5645
      XXYZ       7.8314   XYYZ      10.2535   YYYZ      23.6831
      XXZZ     -57.2036   XYZZ       0.3538   YYZZ     -41.3845
      XZZZ      49.4622   YZZZ      26.0518   ZZZZ    -164.9020
 -----------------------------------------------------------------
Archival summary:
1\1\nid00544\SP\ProcedureUnspecified\BasisUnspecified\113(1-,1)\meili\SunAug1515:42:152021SunAug1515:42:152021\0\\#,ProcedureUnspecified,BasisUnspecified,\\-1,1\N\H,1,1.01541\H,1,1.01543,2,104.503\H,1,1.06669,2,105.055,3,110.389,0\F,4,1.58596,1,176.196,2,-51.2742,0\\\@

 Total job time:  1278.07s(wall), 475.34s(cpu) 
 Sun Aug 15 15:42:15 2021

        *************************************************************
        *                                                           *
        *  Thank you very much for using Q-Chem.  Have a nice day.  *
        *                                                           *
        *************************************************************


